{"/home/teja/saiteja/minor_pro/test/admin.spec.js":{"path":"/home/teja/saiteja/minor_pro/test/admin.spec.js","statementMap":{"0":{"start":{"line":1,"column":13},"end":{"line":1,"column":28}},"1":{"start":{"line":2,"column":15},"end":{"line":2,"column":26}},"2":{"start":{"line":3,"column":14},"end":{"line":3,"column":30}},"3":{"start":{"line":4,"column":12},"end":{"line":4,"column":35}},"4":{"start":{"line":5,"column":15},"end":{"line":5,"column":56}},"5":{"start":{"line":6,"column":20},"end":{"line":6,"column":64}},"6":{"start":{"line":7,"column":18},"end":{"line":7,"column":39}},"7":{"start":{"line":9,"column":0},"end":{"line":9,"column":20}},"8":{"start":{"line":10,"column":24},"end":{"line":10,"column":65}},"9":{"start":{"line":11,"column":0},"end":{"line":52,"column":3}},"10":{"start":{"line":14,"column":2},"end":{"line":25,"column":5}},"11":{"start":{"line":15,"column":4},"end":{"line":19,"column":6}},"12":{"start":{"line":20,"column":4},"end":{"line":24,"column":6}},"13":{"start":{"line":27,"column":2},"end":{"line":29,"column":5}},"14":{"start":{"line":28,"column":4},"end":{"line":28,"column":20}},"15":{"start":{"line":31,"column":2},"end":{"line":41,"column":5}},"16":{"start":{"line":32,"column":25},"end":{"line":32,"column":27}},"17":{"start":{"line":34,"column":4},"end":{"line":34,"column":52}},"18":{"start":{"line":36,"column":4},"end":{"line":36,"column":25}},"19":{"start":{"line":39,"column":4},"end":{"line":39,"column":61}},"20":{"start":{"line":40,"column":4},"end":{"line":40,"column":104}},"21":{"start":{"line":43,"column":2},"end":{"line":51,"column":5}},"22":{"start":{"line":44,"column":4},"end":{"line":44,"column":65}},"23":{"start":{"line":46,"column":4},"end":{"line":46,"column":25}},"24":{"start":{"line":49,"column":4},"end":{"line":49,"column":61}},"25":{"start":{"line":50,"column":4},"end":{"line":50,"column":71}},"26":{"start":{"line":54,"column":0},"end":{"line":108,"column":3}},"27":{"start":{"line":57,"column":2},"end":{"line":69,"column":5}},"28":{"start":{"line":58,"column":4},"end":{"line":63,"column":6}},"29":{"start":{"line":64,"column":4},"end":{"line":68,"column":6}},"30":{"start":{"line":71,"column":2},"end":{"line":73,"column":5}},"31":{"start":{"line":72,"column":4},"end":{"line":72,"column":20}},"32":{"start":{"line":75,"column":2},"end":{"line":87,"column":5}},"33":{"start":{"line":76,"column":18},"end":{"line":76,"column":35}},"34":{"start":{"line":77,"column":4},"end":{"line":77,"column":43}},"35":{"start":{"line":79,"column":4},"end":{"line":79,"column":24}},"36":{"start":{"line":82,"column":4},"end":{"line":82,"column":61}},"37":{"start":{"line":83,"column":4},"end":{"line":86,"column":19}},"38":{"start":{"line":89,"column":2},"end":{"line":97,"column":5}},"39":{"start":{"line":90,"column":4},"end":{"line":90,"column":35}},"40":{"start":{"line":91,"column":4},"end":{"line":91,"column":35}},"41":{"start":{"line":93,"column":4},"end":{"line":93,"column":24}},"42":{"start":{"line":95,"column":4},"end":{"line":95,"column":61}},"43":{"start":{"line":96,"column":4},"end":{"line":96,"column":102}},"44":{"start":{"line":99,"column":2},"end":{"line":107,"column":5}},"45":{"start":{"line":100,"column":4},"end":{"line":100,"column":25}},"46":{"start":{"line":101,"column":4},"end":{"line":101,"column":25}},"47":{"start":{"line":103,"column":4},"end":{"line":103,"column":24}},"48":{"start":{"line":105,"column":4},"end":{"line":105,"column":61}},"49":{"start":{"line":106,"column":4},"end":{"line":106,"column":98}}},"fnMap":{"0":{"name":"(anonymous_0)","decl":{"start":{"line":11,"column":28},"end":{"line":11,"column":29}},"loc":{"start":{"line":11,"column":34},"end":{"line":52,"column":1}},"line":11},"1":{"name":"(anonymous_1)","decl":{"start":{"line":14,"column":13},"end":{"line":14,"column":14}},"loc":{"start":{"line":14,"column":19},"end":{"line":25,"column":3}},"line":14},"2":{"name":"(anonymous_2)","decl":{"start":{"line":27,"column":12},"end":{"line":27,"column":13}},"loc":{"start":{"line":27,"column":18},"end":{"line":29,"column":3}},"line":27},"3":{"name":"(anonymous_3)","decl":{"start":{"line":31,"column":54},"end":{"line":31,"column":55}},"loc":{"start":{"line":31,"column":66},"end":{"line":41,"column":3}},"line":31},"4":{"name":"(anonymous_4)","decl":{"start":{"line":43,"column":54},"end":{"line":43,"column":55}},"loc":{"start":{"line":43,"column":66},"end":{"line":51,"column":3}},"line":43},"5":{"name":"(anonymous_5)","decl":{"start":{"line":54,"column":33},"end":{"line":54,"column":34}},"loc":{"start":{"line":54,"column":39},"end":{"line":108,"column":1}},"line":54},"6":{"name":"(anonymous_6)","decl":{"start":{"line":57,"column":13},"end":{"line":57,"column":14}},"loc":{"start":{"line":57,"column":19},"end":{"line":69,"column":3}},"line":57},"7":{"name":"(anonymous_7)","decl":{"start":{"line":71,"column":12},"end":{"line":71,"column":13}},"loc":{"start":{"line":71,"column":18},"end":{"line":73,"column":3}},"line":71},"8":{"name":"(anonymous_8)","decl":{"start":{"line":75,"column":50},"end":{"line":75,"column":51}},"loc":{"start":{"line":75,"column":56},"end":{"line":87,"column":3}},"line":75},"9":{"name":"(anonymous_9)","decl":{"start":{"line":89,"column":60},"end":{"line":89,"column":61}},"loc":{"start":{"line":89,"column":66},"end":{"line":97,"column":3}},"line":89},"10":{"name":"(anonymous_10)","decl":{"start":{"line":99,"column":71},"end":{"line":99,"column":72}},"loc":{"start":{"line":99,"column":77},"end":{"line":107,"column":3}},"line":99}},"branchMap":{},"s":{"0":1,"1":1,"2":1,"3":1,"4":1,"5":1,"6":1,"7":1,"8":1,"9":1,"10":1,"11":2,"12":2,"13":1,"14":2,"15":1,"16":1,"17":1,"18":1,"19":1,"20":1,"21":1,"22":1,"23":1,"24":1,"25":1,"26":1,"27":1,"28":3,"29":3,"30":1,"31":3,"32":1,"33":1,"34":1,"35":1,"36":1,"37":1,"38":1,"39":1,"40":1,"41":1,"42":1,"43":1,"44":1,"45":1,"46":1,"47":1,"48":1,"49":1},"f":{"0":1,"1":2,"2":2,"3":1,"4":1,"5":1,"6":3,"7":3,"8":1,"9":1,"10":1},"b":{},"_coverageSchema":"1a1c01bbd47fc00a2c39e90264f33305004495a9","hash":"3a675c03c9353183c7faa95a02c66151f228c02e","contentHash":"0ddb2b58691c4842837cd2b3414d53f30c70db833a7fca01e0414719d1f8020f"},"/home/teja/saiteja/minor_pro/controller/cookieController.js":{"path":"/home/teja/saiteja/minor_pro/controller/cookieController.js","statementMap":{"0":{"start":{"line":2,"column":21},"end":{"line":2,"column":45}},"1":{"start":{"line":3,"column":19},"end":{"line":3,"column":41}},"2":{"start":{"line":4,"column":11},"end":{"line":4,"column":26}},"3":{"start":{"line":5,"column":12},"end":{"line":5,"column":35}},"4":{"start":{"line":6,"column":18},"end":{"line":6,"column":66}},"5":{"start":{"line":19,"column":13},"end":{"line":28,"column":1}},"6":{"start":{"line":20,"column":20},"end":{"line":20,"column":28}},"7":{"start":{"line":21,"column":4},"end":{"line":27,"column":5}},"8":{"start":{"line":22,"column":24},"end":{"line":22,"column":53}},"9":{"start":{"line":23,"column":8},"end":{"line":23,"column":81}},"10":{"start":{"line":26,"column":8},"end":{"line":26,"column":53}},"11":{"start":{"line":30,"column":0},"end":{"line":30,"column":23}}},"fnMap":{"0":{"name":"(anonymous_0)","decl":{"start":{"line":19,"column":13},"end":{"line":19,"column":14}},"loc":{"start":{"line":19,"column":32},"end":{"line":28,"column":1}},"line":19}},"branchMap":{},"s":{"0":1,"1":1,"2":1,"3":1,"4":1,"5":1,"6":2,"7":2,"8":2,"9":1,"10":1,"11":1},"f":{"0":2},"b":{},"_coverageSchema":"1a1c01bbd47fc00a2c39e90264f33305004495a9","hash":"87f9224db51ef1c8e565ea754ddcfa8df41ef573","contentHash":"c9a160f5cc41bf889bc148849b3ebed67497ab9005942cd74619548790254f05"},"/home/teja/saiteja/minor_pro/controller/dashboardController.js":{"path":"/home/teja/saiteja/minor_pro/controller/dashboardController.js","statementMap":{"0":{"start":{"line":1,"column":12},"end":{"line":1,"column":35}},"1":{"start":{"line":2,"column":18},"end":{"line":2,"column":66}},"2":{"start":{"line":3,"column":18},"end":{"line":25,"column":1}},"3":{"start":{"line":4,"column":17},"end":{"line":4,"column":30}},"4":{"start":{"line":5,"column":17},"end":{"line":5,"column":30}},"5":{"start":{"line":6,"column":4},"end":{"line":8,"column":5}},"6":{"start":{"line":7,"column":8},"end":{"line":7,"column":80}},"7":{"start":{"line":10,"column":4},"end":{"line":10,"column":22}},"8":{"start":{"line":11,"column":4},"end":{"line":11,"column":22}},"9":{"start":{"line":13,"column":4},"end":{"line":24,"column":5}},"10":{"start":{"line":15,"column":22},"end":{"line":15,"column":79}},"11":{"start":{"line":18,"column":8},"end":{"line":21,"column":11}},"12":{"start":{"line":23,"column":8},"end":{"line":23,"column":72}},"13":{"start":{"line":26,"column":0},"end":{"line":26,"column":28}}},"fnMap":{"0":{"name":"(anonymous_0)","decl":{"start":{"line":3,"column":18},"end":{"line":3,"column":19}},"loc":{"start":{"line":3,"column":32},"end":{"line":25,"column":1}},"line":3}},"branchMap":{"0":{"loc":{"start":{"line":6,"column":4},"end":{"line":8,"column":5}},"type":"if","locations":[{"start":{"line":6,"column":4},"end":{"line":8,"column":5}},{"start":{"line":6,"column":4},"end":{"line":8,"column":5}}],"line":6},"1":{"loc":{"start":{"line":6,"column":8},"end":{"line":6,"column":22}},"type":"binary-expr","locations":[{"start":{"line":6,"column":8},"end":{"line":6,"column":13}},{"start":{"line":6,"column":17},"end":{"line":6,"column":22}}],"line":6},"2":{"loc":{"start":{"line":13,"column":4},"end":{"line":24,"column":5}},"type":"if","locations":[{"start":{"line":13,"column":4},"end":{"line":24,"column":5}},{"start":{"line":13,"column":4},"end":{"line":24,"column":5}}],"line":13},"3":{"loc":{"start":{"line":13,"column":8},"end":{"line":13,"column":45}},"type":"binary-expr","locations":[{"start":{"line":13,"column":8},"end":{"line":13,"column":26}},{"start":{"line":13,"column":30},"end":{"line":13,"column":45}}],"line":13}},"s":{"0":1,"1":1,"2":1,"3":3,"4":3,"5":3,"6":1,"7":2,"8":2,"9":2,"10":1,"11":1,"12":1,"13":1},"f":{"0":3},"b":{"0":[1,2],"1":[3,2],"2":[1,1],"3":[2,1]},"_coverageSchema":"1a1c01bbd47fc00a2c39e90264f33305004495a9","hash":"4f01c6df3fbd141e7d56bceefb43826aeb933809","contentHash":"9f9a46a6fe989fc6951108c71bda25a0ef605189ddeda824e2b03ce502816249"},"/home/teja/saiteja/minor_pro/controller/accrejController.js":{"path":"/home/teja/saiteja/minor_pro/controller/accrejController.js","statementMap":{"0":{"start":{"line":1,"column":43},"end":{"line":1,"column":74}},"1":{"start":{"line":3,"column":15},"end":{"line":27,"column":1}},"2":{"start":{"line":4,"column":4},"end":{"line":4,"column":30}},"3":{"start":{"line":5,"column":16},"end":{"line":5,"column":28}},"4":{"start":{"line":6,"column":4},"end":{"line":24,"column":5}},"5":{"start":{"line":7,"column":24},"end":{"line":7,"column":26}},"6":{"start":{"line":8,"column":8},"end":{"line":17,"column":9}},"7":{"start":{"line":9,"column":24},"end":{"line":9,"column":52}},"8":{"start":{"line":10,"column":12},"end":{"line":15,"column":13}},"9":{"start":{"line":11,"column":16},"end":{"line":11,"column":104}},"10":{"start":{"line":14,"column":16},"end":{"line":14,"column":69}},"11":{"start":{"line":16,"column":12},"end":{"line":16,"column":38}},"12":{"start":{"line":18,"column":8},"end":{"line":18,"column":38}},"13":{"start":{"line":19,"column":8},"end":{"line":19,"column":39}},"14":{"start":{"line":22,"column":8},"end":{"line":22,"column":39}},"15":{"start":{"line":23,"column":8},"end":{"line":23,"column":83}},"16":{"start":{"line":30,"column":15},"end":{"line":49,"column":1}},"17":{"start":{"line":31,"column":4},"end":{"line":31,"column":29}},"18":{"start":{"line":32,"column":16},"end":{"line":32,"column":28}},"19":{"start":{"line":33,"column":4},"end":{"line":42,"column":5}},"20":{"start":{"line":34,"column":8},"end":{"line":37,"column":9}},"21":{"start":{"line":35,"column":24},"end":{"line":35,"column":47}},"22":{"start":{"line":36,"column":12},"end":{"line":36,"column":37}},"23":{"start":{"line":38,"column":8},"end":{"line":38,"column":91}},"24":{"start":{"line":40,"column":8},"end":{"line":40,"column":39}},"25":{"start":{"line":41,"column":8},"end":{"line":41,"column":83}},"26":{"start":{"line":50,"column":0},"end":{"line":50,"column":31}}},"fnMap":{"0":{"name":"(anonymous_0)","decl":{"start":{"line":3,"column":15},"end":{"line":3,"column":16}},"loc":{"start":{"line":3,"column":35},"end":{"line":27,"column":1}},"line":3},"1":{"name":"(anonymous_1)","decl":{"start":{"line":30,"column":15},"end":{"line":30,"column":16}},"loc":{"start":{"line":30,"column":35},"end":{"line":49,"column":1}},"line":30}},"branchMap":{"0":{"loc":{"start":{"line":10,"column":12},"end":{"line":15,"column":13}},"type":"if","locations":[{"start":{"line":10,"column":12},"end":{"line":15,"column":13}},{"start":{"line":10,"column":12},"end":{"line":15,"column":13}}],"line":10}},"s":{"0":1,"1":1,"2":0,"3":0,"4":0,"5":0,"6":0,"7":0,"8":0,"9":0,"10":0,"11":0,"12":0,"13":0,"14":0,"15":0,"16":1,"17":0,"18":0,"19":0,"20":0,"21":0,"22":0,"23":0,"24":0,"25":0,"26":1},"f":{"0":0,"1":0},"b":{"0":[0,0]},"_coverageSchema":"1a1c01bbd47fc00a2c39e90264f33305004495a9","hash":"4f04d11b87afd79fbb46d0f7aec62b5fefc2f217","contentHash":"3023048dbb20d770cad05c270bd686127a6248a59b1130d3e430bf5f9b0e5400"},"/home/teja/saiteja/minor_pro/config/aws.js":{"path":"/home/teja/saiteja/minor_pro/config/aws.js","statementMap":{"0":{"start":{"line":1,"column":12},"end":{"line":1,"column":30}},"1":{"start":{"line":2,"column":11},"end":{"line":2,"column":24}},"2":{"start":{"line":3,"column":0},"end":{"line":3,"column":26}},"3":{"start":{"line":5,"column":0},"end":{"line":11,"column":9}},"4":{"start":{"line":14,"column":20},"end":{"line":14,"column":41}},"5":{"start":{"line":15,"column":0},"end":{"line":15,"column":26}}},"fnMap":{},"branchMap":{},"s":{"0":1,"1":1,"2":1,"3":1,"4":1,"5":1},"f":{},"b":{},"_coverageSchema":"1a1c01bbd47fc00a2c39e90264f33305004495a9","hash":"75fcda02aef9fc4ce3293523ae3b40a596ddf052","contentHash":"35209c448dd158b412487ea15fd804e3de54e72dfa9c21e032749ae67546d6c9"},"/home/teja/saiteja/minor_pro/config/database.js":{"path":"/home/teja/saiteja/minor_pro/config/database.js","statementMap":{"0":{"start":{"line":1,"column":24},"end":{"line":1,"column":42}},"1":{"start":{"line":2,"column":0},"end":{"line":2,"column":26}},"2":{"start":{"line":3,"column":20},"end":{"line":3,"column":162}},"3":{"start":{"line":4,"column":0},"end":{"line":4,"column":33}}},"fnMap":{},"branchMap":{},"s":{"0":1,"1":1,"2":1,"3":1},"f":{},"b":{},"_coverageSchema":"1a1c01bbd47fc00a2c39e90264f33305004495a9","hash":"136aac7ca12807236b8c4d46dd03244c4b3e4dce","contentHash":"c6fa3a1c1803ee423625d5a9ce14ca385427988f564b5f55a47a82a960c1e23a"},"/home/teja/saiteja/minor_pro/config/s3.js":{"path":"/home/teja/saiteja/minor_pro/config/s3.js","statementMap":{"0":{"start":{"line":1,"column":12},"end":{"line":1,"column":30}},"1":{"start":{"line":2,"column":0},"end":{"line":2,"column":27}},"2":{"start":{"line":5,"column":0},"end":{"line":11,"column":9}},"3":{"start":{"line":16,"column":11},"end":{"line":16,"column":23}},"4":{"start":{"line":18,"column":0},"end":{"line":18,"column":21}}},"fnMap":{},"branchMap":{},"s":{"0":1,"1":1,"2":1,"3":1,"4":1},"f":{},"b":{},"_coverageSchema":"1a1c01bbd47fc00a2c39e90264f33305004495a9","hash":"4580a9ab648ddf3b6cf849c1e29d37becb57566f","contentHash":"025423eaa73144994994d0c13f377a0916d432b889e3be7efe19892525ac0871"},"/home/teja/saiteja/minor_pro/test/app.spec.js":{"path":"/home/teja/saiteja/minor_pro/test/app.spec.js","statementMap":{"0":{"start":{"line":1,"column":14},"end":{"line":1,"column":30}},"1":{"start":{"line":2,"column":19},"end":{"line":2,"column":34}},"2":{"start":{"line":3,"column":25},"end":{"line":3,"column":72}},"3":{"start":{"line":4,"column":31},"end":{"line":4,"column":72}},"4":{"start":{"line":5,"column":0},"end":{"line":47,"column":3}},"5":{"start":{"line":9,"column":2},"end":{"line":15,"column":5}},"6":{"start":{"line":10,"column":4},"end":{"line":10,"column":17}},"7":{"start":{"line":11,"column":4},"end":{"line":14,"column":6}},"8":{"start":{"line":17,"column":2},"end":{"line":19,"column":5}},"9":{"start":{"line":18,"column":4},"end":{"line":18,"column":20}},"10":{"start":{"line":21,"column":2},"end":{"line":30,"column":5}},"11":{"start":{"line":23,"column":4},"end":{"line":23,"column":86}},"12":{"start":{"line":25,"column":4},"end":{"line":25,"column":41}},"13":{"start":{"line":28,"column":4},"end":{"line":28,"column":60}},"14":{"start":{"line":29,"column":4},"end":{"line":29,"column":105}},"15":{"start":{"line":32,"column":2},"end":{"line":46,"column":5}},"16":{"start":{"line":33,"column":26},"end":{"line":33,"column":54}},"17":{"start":{"line":36,"column":4},"end":{"line":36,"column":60}},"18":{"start":{"line":38,"column":4},"end":{"line":38,"column":41}},"19":{"start":{"line":41,"column":4},"end":{"line":41,"column":60}},"20":{"start":{"line":42,"column":4},"end":{"line":42,"column":107}},"21":{"start":{"line":45,"column":4},"end":{"line":45,"column":79}}},"fnMap":{"0":{"name":"(anonymous_0)","decl":{"start":{"line":5,"column":36},"end":{"line":5,"column":37}},"loc":{"start":{"line":5,"column":42},"end":{"line":47,"column":1}},"line":5},"1":{"name":"(anonymous_1)","decl":{"start":{"line":9,"column":13},"end":{"line":9,"column":14}},"loc":{"start":{"line":9,"column":19},"end":{"line":15,"column":3}},"line":9},"2":{"name":"(anonymous_2)","decl":{"start":{"line":17,"column":12},"end":{"line":17,"column":13}},"loc":{"start":{"line":17,"column":18},"end":{"line":19,"column":3}},"line":17},"3":{"name":"(anonymous_3)","decl":{"start":{"line":21,"column":42},"end":{"line":21,"column":43}},"loc":{"start":{"line":21,"column":54},"end":{"line":30,"column":3}},"line":21},"4":{"name":"(anonymous_4)","decl":{"start":{"line":32,"column":39},"end":{"line":32,"column":40}},"loc":{"start":{"line":32,"column":51},"end":{"line":46,"column":3}},"line":32}},"branchMap":{},"s":{"0":1,"1":1,"2":1,"3":1,"4":1,"5":1,"6":2,"7":2,"8":1,"9":2,"10":1,"11":1,"12":0,"13":0,"14":0,"15":1,"16":1,"17":1,"18":0,"19":0,"20":0,"21":0},"f":{"0":1,"1":2,"2":2,"3":1,"4":1},"b":{},"_coverageSchema":"1a1c01bbd47fc00a2c39e90264f33305004495a9","hash":"06f11629461b1309edc2ab75bf6ed83721cc321f","contentHash":"2598849b72053565635ae759540e7b41c0584448311202c4131ad6f10c02281d"},"/home/teja/saiteja/minor_pro/controller/deletePersonController.js":{"path":"/home/teja/saiteja/minor_pro/controller/deletePersonController.js","statementMap":{"0":{"start":{"line":1,"column":31},"end":{"line":1,"column":60}},"1":{"start":{"line":2,"column":19},"end":{"line":10,"column":1}},"2":{"start":{"line":3,"column":4},"end":{"line":8,"column":5}},"3":{"start":{"line":4,"column":8},"end":{"line":4,"column":45}},"4":{"start":{"line":6,"column":8},"end":{"line":6,"column":39}},"5":{"start":{"line":7,"column":8},"end":{"line":7,"column":83}},"6":{"start":{"line":11,"column":0},"end":{"line":11,"column":30}}},"fnMap":{"0":{"name":"(anonymous_0)","decl":{"start":{"line":2,"column":19},"end":{"line":2,"column":20}},"loc":{"start":{"line":2,"column":35},"end":{"line":10,"column":1}},"line":2}},"branchMap":{},"s":{"0":1,"1":1,"2":0,"3":0,"4":0,"5":0,"6":1},"f":{"0":0},"b":{},"_coverageSchema":"1a1c01bbd47fc00a2c39e90264f33305004495a9","hash":"d7bcb71ead190596601fcd11a6860521f1571366","contentHash":"a286a22943c8dc7197017a40f30cb22724ca4c9ee5509e39afab02d922ad5cf1"},"/home/teja/saiteja/minor_pro/controller/deleteController.js":{"path":"/home/teja/saiteja/minor_pro/controller/deleteController.js","statementMap":{"0":{"start":{"line":1,"column":0},"end":{"line":1,"column":27}},"1":{"start":{"line":2,"column":20},"end":{"line":2,"column":44}},"2":{"start":{"line":3,"column":24},"end":{"line":3,"column":53}},"3":{"start":{"line":4,"column":14},"end":{"line":4,"column":30}},"4":{"start":{"line":7,"column":4},"end":{"line":64,"column":5}},"5":{"start":{"line":8,"column":6},"end":{"line":8,"column":43}},"6":{"start":{"line":9,"column":17},"end":{"line":9,"column":45}},"7":{"start":{"line":11,"column":27},"end":{"line":11,"column":52}},"8":{"start":{"line":12,"column":24},"end":{"line":12,"column":42}},"9":{"start":{"line":13,"column":6},"end":{"line":13,"column":40}},"10":{"start":{"line":14,"column":6},"end":{"line":55,"column":7}},"11":{"start":{"line":15,"column":27},"end":{"line":15,"column":76}},"12":{"start":{"line":16,"column":28},"end":{"line":16,"column":61}},"13":{"start":{"line":17,"column":29},"end":{"line":19,"column":9}},"14":{"start":{"line":20,"column":29},"end":{"line":20,"column":82}},"15":{"start":{"line":21,"column":8},"end":{"line":50,"column":9}},"16":{"start":{"line":22,"column":31},"end":{"line":25,"column":11}},"17":{"start":{"line":26,"column":10},"end":{"line":26,"column":36}},"18":{"start":{"line":27,"column":31},"end":{"line":27,"column":91}},"19":{"start":{"line":28,"column":10},"end":{"line":28,"column":35}},"20":{"start":{"line":29,"column":10},"end":{"line":45,"column":11}},"21":{"start":{"line":30,"column":27},"end":{"line":30,"column":66}},"22":{"start":{"line":31,"column":21},"end":{"line":31,"column":111}},"23":{"start":{"line":32,"column":12},"end":{"line":32,"column":46}},"24":{"start":{"line":33,"column":12},"end":{"line":33,"column":37}},"25":{"start":{"line":34,"column":27},"end":{"line":34,"column":95}},"26":{"start":{"line":35,"column":12},"end":{"line":35,"column":31}},"27":{"start":{"line":36,"column":12},"end":{"line":36,"column":89}},"28":{"start":{"line":37,"column":12},"end":{"line":37,"column":43}},"29":{"start":{"line":39,"column":12},"end":{"line":41,"column":134}},"30":{"start":{"line":40,"column":12},"end":{"line":40,"column":55}},"31":{"start":{"line":41,"column":12},"end":{"line":41,"column":133}},"32":{"start":{"line":43,"column":12},"end":{"line":43,"column":50}},"33":{"start":{"line":44,"column":12},"end":{"line":44,"column":89}},"34":{"start":{"line":46,"column":15},"end":{"line":50,"column":9}},"35":{"start":{"line":47,"column":10},"end":{"line":47,"column":117}},"36":{"start":{"line":49,"column":10},"end":{"line":49,"column":103}},"37":{"start":{"line":53,"column":8},"end":{"line":53,"column":51}},"38":{"start":{"line":54,"column":8},"end":{"line":54,"column":87}},"39":{"start":{"line":57,"column":6},"end":{"line":57,"column":37}},"40":{"start":{"line":58,"column":6},"end":{"line":58,"column":81}},"41":{"start":{"line":61,"column":6},"end":{"line":63,"column":7}},"42":{"start":{"line":62,"column":8},"end":{"line":62,"column":29}},"43":{"start":{"line":66,"column":0},"end":{"line":66,"column":37}}},"fnMap":{"0":{"name":"searchFacesAndDelete","decl":{"start":{"line":5,"column":15},"end":{"line":5,"column":35}},"loc":{"start":{"line":5,"column":46},"end":{"line":65,"column":3}},"line":5}},"branchMap":{"0":{"loc":{"start":{"line":14,"column":6},"end":{"line":55,"column":7}},"type":"if","locations":[{"start":{"line":14,"column":6},"end":{"line":55,"column":7}},{"start":{"line":14,"column":6},"end":{"line":55,"column":7}}],"line":14},"1":{"loc":{"start":{"line":21,"column":8},"end":{"line":50,"column":9}},"type":"if","locations":[{"start":{"line":21,"column":8},"end":{"line":50,"column":9}},{"start":{"line":21,"column":8},"end":{"line":50,"column":9}}],"line":21},"2":{"loc":{"start":{"line":21,"column":12},"end":{"line":21,"column":77}},"type":"binary-expr","locations":[{"start":{"line":21,"column":12},"end":{"line":21,"column":36}},{"start":{"line":21,"column":40},"end":{"line":21,"column":77}}],"line":21},"3":{"loc":{"start":{"line":29,"column":10},"end":{"line":45,"column":11}},"type":"if","locations":[{"start":{"line":29,"column":10},"end":{"line":45,"column":11}},{"start":{"line":29,"column":10},"end":{"line":45,"column":11}}],"line":29},"4":{"loc":{"start":{"line":29,"column":14},"end":{"line":29,"column":77}},"type":"binary-expr","locations":[{"start":{"line":29,"column":14},"end":{"line":29,"column":38}},{"start":{"line":29,"column":42},"end":{"line":29,"column":77}}],"line":29},"5":{"loc":{"start":{"line":39,"column":12},"end":{"line":41,"column":134}},"type":"if","locations":[{"start":{"line":39,"column":12},"end":{"line":41,"column":134}},{"start":{"line":39,"column":12},"end":{"line":41,"column":134}}],"line":39},"6":{"loc":{"start":{"line":46,"column":15},"end":{"line":50,"column":9}},"type":"if","locations":[{"start":{"line":46,"column":15},"end":{"line":50,"column":9}},{"start":{"line":46,"column":15},"end":{"line":50,"column":9}}],"line":46},"7":{"loc":{"start":{"line":46,"column":19},"end":{"line":46,"column":82}},"type":"binary-expr","locations":[{"start":{"line":46,"column":19},"end":{"line":46,"column":43}},{"start":{"line":46,"column":47},"end":{"line":46,"column":82}}],"line":46},"8":{"loc":{"start":{"line":61,"column":6},"end":{"line":63,"column":7}},"type":"if","locations":[{"start":{"line":61,"column":6},"end":{"line":63,"column":7}},{"start":{"line":61,"column":6},"end":{"line":63,"column":7}}],"line":61}},"s":{"0":1,"1":1,"2":1,"3":1,"4":6,"5":6,"6":6,"7":6,"8":6,"9":6,"10":6,"11":5,"12":5,"13":5,"14":5,"15":3,"16":2,"17":2,"18":2,"19":2,"20":2,"21":1,"22":1,"23":1,"24":1,"25":1,"26":1,"27":1,"28":1,"29":1,"30":1,"31":1,"32":1,"33":1,"34":1,"35":0,"36":1,"37":1,"38":1,"39":2,"40":2,"41":6,"42":6,"43":1},"f":{"0":6},"b":{"0":[5,1],"1":[2,1],"2":[3,3],"3":[1,1],"4":[2,2],"5":[1,0],"6":[0,1],"7":[1,1],"8":[6,0]},"_coverageSchema":"1a1c01bbd47fc00a2c39e90264f33305004495a9","hash":"e359a0cc991f77fb0917531c4af0897d4f52d693","contentHash":"40d4578bc2cdaf4df003a0ee710b98da98d181ba9a595ca38e97ec2755de448b"},"/home/teja/saiteja/minor_pro/test/controller.spec.js":{"path":"/home/teja/saiteja/minor_pro/test/controller.spec.js","statementMap":{"0":{"start":{"line":1,"column":13},"end":{"line":1,"column":28}},"1":{"start":{"line":2,"column":17},"end":{"line":2,"column":37}},"2":{"start":{"line":3,"column":14},"end":{"line":3,"column":30}},"3":{"start":{"line":4,"column":22},"end":{"line":4,"column":51}},"4":{"start":{"line":5,"column":14},"end":{"line":5,"column":30}},"5":{"start":{"line":6,"column":20},"end":{"line":6,"column":44}},"6":{"start":{"line":7,"column":12},"end":{"line":7,"column":29}},"7":{"start":{"line":8,"column":15},"end":{"line":8,"column":26}},"8":{"start":{"line":9,"column":20},"end":{"line":9,"column":59}},"9":{"start":{"line":10,"column":18},"end":{"line":10,"column":53}},"10":{"start":{"line":11,"column":12},"end":{"line":11,"column":30}},"11":{"start":{"line":12,"column":29},"end":{"line":12,"column":68}},"12":{"start":{"line":13,"column":26},"end":{"line":13,"column":68}},"13":{"start":{"line":14,"column":30},"end":{"line":14,"column":71}},"14":{"start":{"line":15,"column":33},"end":{"line":15,"column":79}},"15":{"start":{"line":16,"column":0},"end":{"line":16,"column":19}},"16":{"start":{"line":17,"column":11},"end":{"line":17,"column":34}},"17":{"start":{"line":18,"column":26},"end":{"line":18,"column":68}},"18":{"start":{"line":19,"column":0},"end":{"line":89,"column":2}},"19":{"start":{"line":21,"column":4},"end":{"line":23,"column":7}},"20":{"start":{"line":22,"column":8},"end":{"line":22,"column":40}},"21":{"start":{"line":26,"column":4},"end":{"line":28,"column":7}},"22":{"start":{"line":27,"column":8},"end":{"line":27,"column":26}},"23":{"start":{"line":30,"column":4},"end":{"line":88,"column":7}},"24":{"start":{"line":31,"column":20},"end":{"line":35,"column":9}},"25":{"start":{"line":37,"column":20},"end":{"line":41,"column":9}},"26":{"start":{"line":43,"column":8},"end":{"line":50,"column":11}},"27":{"start":{"line":44,"column":22},"end":{"line":48,"column":13}},"28":{"start":{"line":45,"column":33},"end":{"line":47,"column":17}},"29":{"start":{"line":52,"column":8},"end":{"line":84,"column":11}},"30":{"start":{"line":53,"column":12},"end":{"line":83,"column":13}},"31":{"start":{"line":54,"column":16},"end":{"line":54,"column":70}},"32":{"start":{"line":57,"column":17},"end":{"line":83,"column":13}},"33":{"start":{"line":58,"column":16},"end":{"line":78,"column":19}},"34":{"start":{"line":82,"column":16},"end":{"line":82,"column":55}},"35":{"start":{"line":85,"column":8},"end":{"line":85,"column":34}},"36":{"start":{"line":86,"column":8},"end":{"line":86,"column":58}},"37":{"start":{"line":87,"column":8},"end":{"line":87,"column":47}},"38":{"start":{"line":91,"column":0},"end":{"line":148,"column":3}},"39":{"start":{"line":93,"column":4},"end":{"line":95,"column":7}},"40":{"start":{"line":94,"column":8},"end":{"line":94,"column":40}},"41":{"start":{"line":97,"column":4},"end":{"line":99,"column":7}},"42":{"start":{"line":98,"column":8},"end":{"line":98,"column":26}},"43":{"start":{"line":101,"column":4},"end":{"line":125,"column":6}},"44":{"start":{"line":102,"column":18},"end":{"line":102,"column":20}},"45":{"start":{"line":103,"column":18},"end":{"line":107,"column":9}},"46":{"start":{"line":108,"column":30},"end":{"line":108,"column":55}},"47":{"start":{"line":109,"column":8},"end":{"line":119,"column":11}},"48":{"start":{"line":110,"column":20},"end":{"line":118,"column":13}},"49":{"start":{"line":111,"column":32},"end":{"line":117,"column":17}},"50":{"start":{"line":114,"column":28},"end":{"line":114,"column":97}},"51":{"start":{"line":114,"column":74},"end":{"line":114,"column":94}},"52":{"start":{"line":121,"column":8},"end":{"line":121,"column":31}},"53":{"start":{"line":122,"column":8},"end":{"line":122,"column":58}},"54":{"start":{"line":123,"column":8},"end":{"line":123,"column":66}},"55":{"start":{"line":127,"column":4},"end":{"line":144,"column":7}},"56":{"start":{"line":128,"column":20},"end":{"line":128,"column":22}},"57":{"start":{"line":129,"column":20},"end":{"line":133,"column":9}},"58":{"start":{"line":135,"column":29},"end":{"line":135,"column":53}},"59":{"start":{"line":138,"column":8},"end":{"line":138,"column":78}},"60":{"start":{"line":140,"column":8},"end":{"line":140,"column":32}},"61":{"start":{"line":142,"column":8},"end":{"line":142,"column":58}},"62":{"start":{"line":143,"column":8},"end":{"line":143,"column":106}},"63":{"start":{"line":214,"column":0},"end":{"line":294,"column":3}},"64":{"start":{"line":223,"column":4},"end":{"line":242,"column":7}},"65":{"start":{"line":224,"column":8},"end":{"line":224,"column":56}},"66":{"start":{"line":225,"column":8},"end":{"line":225,"column":30}},"67":{"start":{"line":226,"column":8},"end":{"line":226,"column":38}},"68":{"start":{"line":227,"column":8},"end":{"line":227,"column":32}},"69":{"start":{"line":228,"column":8},"end":{"line":228,"column":33}},"70":{"start":{"line":229,"column":8},"end":{"line":229,"column":32}},"71":{"start":{"line":230,"column":8},"end":{"line":230,"column":34}},"72":{"start":{"line":232,"column":8},"end":{"line":239,"column":11}},"73":{"start":{"line":241,"column":8},"end":{"line":241,"column":47}},"74":{"start":{"line":244,"column":4},"end":{"line":246,"column":7}},"75":{"start":{"line":245,"column":8},"end":{"line":245,"column":24}},"76":{"start":{"line":248,"column":4},"end":{"line":267,"column":7}},"77":{"start":{"line":249,"column":32},"end":{"line":249,"column":82}},"78":{"start":{"line":250,"column":8},"end":{"line":252,"column":11}},"79":{"start":{"line":254,"column":32},"end":{"line":256,"column":10}},"80":{"start":{"line":258,"column":20},"end":{"line":258,"column":22}},"81":{"start":{"line":259,"column":20},"end":{"line":259,"column":42}},"82":{"start":{"line":261,"column":8},"end":{"line":261,"column":43}},"83":{"start":{"line":262,"column":8},"end":{"line":262,"column":47}},"84":{"start":{"line":263,"column":8},"end":{"line":263,"column":119}},"85":{"start":{"line":264,"column":8},"end":{"line":264,"column":101}},"86":{"start":{"line":265,"column":8},"end":{"line":265,"column":108}},"87":{"start":{"line":269,"column":4},"end":{"line":280,"column":7}},"88":{"start":{"line":270,"column":8},"end":{"line":272,"column":11}},"89":{"start":{"line":274,"column":20},"end":{"line":274,"column":22}},"90":{"start":{"line":275,"column":20},"end":{"line":275,"column":42}},"91":{"start":{"line":277,"column":8},"end":{"line":277,"column":43}},"92":{"start":{"line":279,"column":8},"end":{"line":279,"column":70}},"93":{"start":{"line":282,"column":4},"end":{"line":292,"column":7}},"94":{"start":{"line":283,"column":8},"end":{"line":283,"column":57}},"95":{"start":{"line":285,"column":20},"end":{"line":285,"column":22}},"96":{"start":{"line":286,"column":20},"end":{"line":286,"column":42}},"97":{"start":{"line":288,"column":8},"end":{"line":288,"column":43}},"98":{"start":{"line":290,"column":8},"end":{"line":290,"column":54}},"99":{"start":{"line":297,"column":0},"end":{"line":399,"column":3}},"100":{"start":{"line":306,"column":4},"end":{"line":343,"column":7}},"101":{"start":{"line":307,"column":8},"end":{"line":307,"column":56}},"102":{"start":{"line":308,"column":8},"end":{"line":308,"column":30}},"103":{"start":{"line":309,"column":8},"end":{"line":309,"column":38}},"104":{"start":{"line":310,"column":8},"end":{"line":310,"column":37}},"105":{"start":{"line":311,"column":8},"end":{"line":311,"column":37}},"106":{"start":{"line":313,"column":8},"end":{"line":313,"column":39}},"107":{"start":{"line":315,"column":8},"end":{"line":320,"column":11}},"108":{"start":{"line":322,"column":8},"end":{"line":325,"column":11}},"109":{"start":{"line":326,"column":8},"end":{"line":328,"column":11}},"110":{"start":{"line":327,"column":27},"end":{"line":327,"column":81}},"111":{"start":{"line":329,"column":8},"end":{"line":333,"column":11}},"112":{"start":{"line":330,"column":27},"end":{"line":332,"column":14}},"113":{"start":{"line":335,"column":8},"end":{"line":339,"column":11}},"114":{"start":{"line":336,"column":12},"end":{"line":338,"column":14}},"115":{"start":{"line":337,"column":31},"end":{"line":337,"column":49}},"116":{"start":{"line":340,"column":8},"end":{"line":340,"column":54}},"117":{"start":{"line":345,"column":4},"end":{"line":347,"column":7}},"118":{"start":{"line":346,"column":8},"end":{"line":346,"column":24}},"119":{"start":{"line":349,"column":4},"end":{"line":366,"column":7}},"120":{"start":{"line":350,"column":25},"end":{"line":350,"column":35}},"121":{"start":{"line":351,"column":26},"end":{"line":351,"column":50}},"122":{"start":{"line":353,"column":8},"end":{"line":353,"column":54}},"123":{"start":{"line":354,"column":8},"end":{"line":354,"column":222}},"124":{"start":{"line":355,"column":8},"end":{"line":357,"column":11}},"125":{"start":{"line":356,"column":27},"end":{"line":356,"column":81}},"126":{"start":{"line":361,"column":35},"end":{"line":361,"column":77}},"127":{"start":{"line":363,"column":8},"end":{"line":363,"column":103}},"128":{"start":{"line":364,"column":8},"end":{"line":364,"column":49}},"129":{"start":{"line":368,"column":4},"end":{"line":382,"column":7}},"130":{"start":{"line":369,"column":25},"end":{"line":369,"column":35}},"131":{"start":{"line":370,"column":26},"end":{"line":370,"column":50}},"132":{"start":{"line":372,"column":8},"end":{"line":372,"column":61}},"133":{"start":{"line":374,"column":8},"end":{"line":381,"column":9}},"134":{"start":{"line":375,"column":12},"end":{"line":375,"column":55}},"135":{"start":{"line":377,"column":12},"end":{"line":377,"column":82}},"136":{"start":{"line":379,"column":12},"end":{"line":379,"column":53}},"137":{"start":{"line":380,"column":12},"end":{"line":380,"column":101}},"138":{"start":{"line":384,"column":4},"end":{"line":398,"column":7}},"139":{"start":{"line":385,"column":25},"end":{"line":385,"column":35}},"140":{"start":{"line":386,"column":26},"end":{"line":386,"column":50}},"141":{"start":{"line":388,"column":8},"end":{"line":388,"column":59}},"142":{"start":{"line":390,"column":8},"end":{"line":397,"column":9}},"143":{"start":{"line":391,"column":12},"end":{"line":391,"column":55}},"144":{"start":{"line":393,"column":12},"end":{"line":393,"column":58}},"145":{"start":{"line":395,"column":12},"end":{"line":395,"column":53}},"146":{"start":{"line":396,"column":12},"end":{"line":396,"column":61}},"147":{"start":{"line":401,"column":0},"end":{"line":507,"column":3}},"148":{"start":{"line":408,"column":4},"end":{"line":424,"column":7}},"149":{"start":{"line":410,"column":8},"end":{"line":410,"column":48}},"150":{"start":{"line":411,"column":8},"end":{"line":413,"column":11}},"151":{"start":{"line":414,"column":8},"end":{"line":416,"column":11}},"152":{"start":{"line":417,"column":8},"end":{"line":419,"column":11}},"153":{"start":{"line":420,"column":8},"end":{"line":423,"column":11}},"154":{"start":{"line":426,"column":4},"end":{"line":429,"column":7}},"155":{"start":{"line":428,"column":8},"end":{"line":428,"column":24}},"156":{"start":{"line":431,"column":4},"end":{"line":445,"column":7}},"157":{"start":{"line":432,"column":20},"end":{"line":432,"column":22}},"158":{"start":{"line":433,"column":20},"end":{"line":436,"column":9}},"159":{"start":{"line":438,"column":8},"end":{"line":438,"column":40}},"160":{"start":{"line":440,"column":8},"end":{"line":440,"column":54}},"161":{"start":{"line":441,"column":8},"end":{"line":444,"column":23}},"162":{"start":{"line":447,"column":4},"end":{"line":467,"column":7}},"163":{"start":{"line":448,"column":8},"end":{"line":448,"column":117}},"164":{"start":{"line":450,"column":20},"end":{"line":450,"column":22}},"165":{"start":{"line":451,"column":20},"end":{"line":454,"column":9}},"166":{"start":{"line":456,"column":8},"end":{"line":456,"column":40}},"167":{"start":{"line":458,"column":8},"end":{"line":458,"column":54}},"168":{"start":{"line":459,"column":8},"end":{"line":466,"column":23}},"169":{"start":{"line":469,"column":4},"end":{"line":485,"column":7}},"170":{"start":{"line":470,"column":8},"end":{"line":470,"column":53}},"171":{"start":{"line":472,"column":20},"end":{"line":472,"column":22}},"172":{"start":{"line":473,"column":20},"end":{"line":476,"column":9}},"173":{"start":{"line":478,"column":8},"end":{"line":478,"column":40}},"174":{"start":{"line":480,"column":8},"end":{"line":480,"column":54}},"175":{"start":{"line":481,"column":8},"end":{"line":484,"column":23}},"176":{"start":{"line":487,"column":4},"end":{"line":506,"column":7}},"177":{"start":{"line":488,"column":8},"end":{"line":491,"column":11}},"178":{"start":{"line":493,"column":20},"end":{"line":493,"column":22}},"179":{"start":{"line":494,"column":20},"end":{"line":497,"column":9}},"180":{"start":{"line":499,"column":8},"end":{"line":499,"column":40}},"181":{"start":{"line":501,"column":8},"end":{"line":501,"column":54}},"182":{"start":{"line":502,"column":8},"end":{"line":505,"column":23}},"183":{"start":{"line":509,"column":0},"end":{"line":696,"column":3}},"184":{"start":{"line":516,"column":4},"end":{"line":555,"column":7}},"185":{"start":{"line":518,"column":8},"end":{"line":524,"column":10}},"186":{"start":{"line":525,"column":8},"end":{"line":529,"column":11}},"187":{"start":{"line":557,"column":4},"end":{"line":560,"column":7}},"188":{"start":{"line":559,"column":8},"end":{"line":559,"column":24}},"189":{"start":{"line":562,"column":4},"end":{"line":593,"column":7}},"190":{"start":{"line":563,"column":8},"end":{"line":565,"column":11}},"191":{"start":{"line":564,"column":27},"end":{"line":564,"column":81}},"192":{"start":{"line":566,"column":8},"end":{"line":568,"column":10}},"193":{"start":{"line":567,"column":24},"end":{"line":567,"column":93}},"194":{"start":{"line":569,"column":8},"end":{"line":570,"column":75}},"195":{"start":{"line":570,"column":24},"end":{"line":570,"column":72}},"196":{"start":{"line":572,"column":32},"end":{"line":572,"column":129}},"197":{"start":{"line":574,"column":20},"end":{"line":574,"column":104}},"198":{"start":{"line":576,"column":20},"end":{"line":579,"column":9}},"199":{"start":{"line":581,"column":8},"end":{"line":581,"column":45}},"200":{"start":{"line":583,"column":8},"end":{"line":583,"column":54}},"201":{"start":{"line":584,"column":8},"end":{"line":588,"column":23}},"202":{"start":{"line":589,"column":8},"end":{"line":589,"column":50}},"203":{"start":{"line":590,"column":8},"end":{"line":590,"column":65}},"204":{"start":{"line":591,"column":8},"end":{"line":591,"column":91}},"205":{"start":{"line":592,"column":8},"end":{"line":592,"column":93}},"206":{"start":{"line":595,"column":4},"end":{"line":618,"column":7}},"207":{"start":{"line":596,"column":8},"end":{"line":598,"column":11}},"208":{"start":{"line":597,"column":27},"end":{"line":597,"column":81}},"209":{"start":{"line":599,"column":8},"end":{"line":601,"column":10}},"210":{"start":{"line":600,"column":24},"end":{"line":600,"column":60}},"211":{"start":{"line":603,"column":32},"end":{"line":603,"column":129}},"212":{"start":{"line":605,"column":20},"end":{"line":605,"column":104}},"213":{"start":{"line":606,"column":20},"end":{"line":609,"column":9}},"214":{"start":{"line":611,"column":8},"end":{"line":611,"column":45}},"215":{"start":{"line":613,"column":8},"end":{"line":613,"column":54}},"216":{"start":{"line":614,"column":8},"end":{"line":617,"column":23}},"217":{"start":{"line":620,"column":4},"end":{"line":640,"column":7}},"218":{"start":{"line":621,"column":8},"end":{"line":623,"column":11}},"219":{"start":{"line":622,"column":27},"end":{"line":622,"column":63}},"220":{"start":{"line":625,"column":32},"end":{"line":625,"column":129}},"221":{"start":{"line":627,"column":20},"end":{"line":627,"column":104}},"222":{"start":{"line":628,"column":20},"end":{"line":631,"column":9}},"223":{"start":{"line":633,"column":8},"end":{"line":633,"column":45}},"224":{"start":{"line":635,"column":8},"end":{"line":635,"column":54}},"225":{"start":{"line":636,"column":8},"end":{"line":639,"column":23}},"226":{"start":{"line":642,"column":4},"end":{"line":656,"column":7}},"227":{"start":{"line":643,"column":20},"end":{"line":643,"column":77}},"228":{"start":{"line":644,"column":20},"end":{"line":647,"column":9}},"229":{"start":{"line":649,"column":8},"end":{"line":649,"column":45}},"230":{"start":{"line":651,"column":8},"end":{"line":651,"column":54}},"231":{"start":{"line":652,"column":8},"end":{"line":655,"column":23}},"232":{"start":{"line":658,"column":4},"end":{"line":676,"column":7}},"233":{"start":{"line":659,"column":8},"end":{"line":659,"column":72}},"234":{"start":{"line":661,"column":32},"end":{"line":661,"column":129}},"235":{"start":{"line":663,"column":20},"end":{"line":663,"column":104}},"236":{"start":{"line":664,"column":20},"end":{"line":667,"column":9}},"237":{"start":{"line":669,"column":8},"end":{"line":669,"column":45}},"238":{"start":{"line":671,"column":8},"end":{"line":671,"column":54}},"239":{"start":{"line":672,"column":8},"end":{"line":675,"column":23}},"240":{"start":{"line":678,"column":4},"end":{"line":695,"column":7}},"241":{"start":{"line":679,"column":8},"end":{"line":679,"column":59}},"242":{"start":{"line":680,"column":32},"end":{"line":680,"column":129}},"243":{"start":{"line":682,"column":20},"end":{"line":682,"column":104}},"244":{"start":{"line":683,"column":20},"end":{"line":686,"column":9}},"245":{"start":{"line":688,"column":8},"end":{"line":688,"column":45}},"246":{"start":{"line":690,"column":8},"end":{"line":690,"column":54}},"247":{"start":{"line":691,"column":8},"end":{"line":694,"column":23}},"248":{"start":{"line":699,"column":0},"end":{"line":980,"column":3}},"249":{"start":{"line":705,"column":4},"end":{"line":726,"column":7}},"250":{"start":{"line":728,"column":4},"end":{"line":731,"column":7}},"251":{"start":{"line":730,"column":8},"end":{"line":730,"column":24}},"252":{"start":{"line":733,"column":4},"end":{"line":788,"column":7}},"253":{"start":{"line":734,"column":8},"end":{"line":739,"column":10}},"254":{"start":{"line":740,"column":8},"end":{"line":743,"column":11}},"255":{"start":{"line":744,"column":8},"end":{"line":746,"column":11}},"256":{"start":{"line":745,"column":27},"end":{"line":745,"column":81}},"257":{"start":{"line":747,"column":8},"end":{"line":749,"column":11}},"258":{"start":{"line":748,"column":27},"end":{"line":748,"column":96}},"259":{"start":{"line":750,"column":25},"end":{"line":750,"column":35}},"260":{"start":{"line":751,"column":25},"end":{"line":751,"column":39}},"261":{"start":{"line":752,"column":22},"end":{"line":752,"column":33}},"262":{"start":{"line":754,"column":8},"end":{"line":766,"column":11}},"263":{"start":{"line":756,"column":12},"end":{"line":765,"column":13}},"264":{"start":{"line":758,"column":16},"end":{"line":758,"column":87}},"265":{"start":{"line":759,"column":19},"end":{"line":765,"column":13}},"266":{"start":{"line":761,"column":16},"end":{"line":761,"column":98}},"267":{"start":{"line":764,"column":16},"end":{"line":764,"column":66}},"268":{"start":{"line":769,"column":32},"end":{"line":769,"column":129}},"269":{"start":{"line":771,"column":20},"end":{"line":771,"column":87}},"270":{"start":{"line":772,"column":20},"end":{"line":775,"column":9}},"271":{"start":{"line":777,"column":8},"end":{"line":777,"column":47}},"272":{"start":{"line":779,"column":8},"end":{"line":779,"column":54}},"273":{"start":{"line":785,"column":8},"end":{"line":785,"column":50}},"274":{"start":{"line":786,"column":8},"end":{"line":786,"column":65}},"275":{"start":{"line":787,"column":8},"end":{"line":787,"column":91}},"276":{"start":{"line":828,"column":4},"end":{"line":861,"column":7}},"277":{"start":{"line":829,"column":8},"end":{"line":834,"column":10}},"278":{"start":{"line":835,"column":8},"end":{"line":838,"column":11}},"279":{"start":{"line":839,"column":8},"end":{"line":841,"column":11}},"280":{"start":{"line":840,"column":27},"end":{"line":840,"column":81}},"281":{"start":{"line":842,"column":8},"end":{"line":844,"column":11}},"282":{"start":{"line":843,"column":27},"end":{"line":843,"column":63}},"283":{"start":{"line":846,"column":32},"end":{"line":846,"column":129}},"284":{"start":{"line":848,"column":20},"end":{"line":848,"column":87}},"285":{"start":{"line":849,"column":20},"end":{"line":852,"column":9}},"286":{"start":{"line":854,"column":8},"end":{"line":854,"column":47}},"287":{"start":{"line":856,"column":8},"end":{"line":856,"column":54}},"288":{"start":{"line":857,"column":8},"end":{"line":860,"column":23}},"289":{"start":{"line":863,"column":4},"end":{"line":893,"column":7}},"290":{"start":{"line":864,"column":8},"end":{"line":869,"column":10}},"291":{"start":{"line":870,"column":8},"end":{"line":873,"column":11}},"292":{"start":{"line":874,"column":8},"end":{"line":876,"column":11}},"293":{"start":{"line":875,"column":27},"end":{"line":875,"column":63}},"294":{"start":{"line":878,"column":32},"end":{"line":878,"column":129}},"295":{"start":{"line":880,"column":20},"end":{"line":880,"column":87}},"296":{"start":{"line":881,"column":20},"end":{"line":884,"column":9}},"297":{"start":{"line":886,"column":8},"end":{"line":886,"column":47}},"298":{"start":{"line":888,"column":8},"end":{"line":888,"column":54}},"299":{"start":{"line":889,"column":8},"end":{"line":892,"column":23}},"300":{"start":{"line":895,"column":4},"end":{"line":919,"column":7}},"301":{"start":{"line":896,"column":8},"end":{"line":901,"column":10}},"302":{"start":{"line":902,"column":8},"end":{"line":905,"column":11}},"303":{"start":{"line":906,"column":20},"end":{"line":906,"column":60}},"304":{"start":{"line":907,"column":20},"end":{"line":910,"column":9}},"305":{"start":{"line":912,"column":8},"end":{"line":912,"column":47}},"306":{"start":{"line":914,"column":8},"end":{"line":914,"column":54}},"307":{"start":{"line":915,"column":8},"end":{"line":918,"column":23}},"308":{"start":{"line":921,"column":4},"end":{"line":949,"column":7}},"309":{"start":{"line":922,"column":8},"end":{"line":927,"column":10}},"310":{"start":{"line":928,"column":8},"end":{"line":931,"column":11}},"311":{"start":{"line":932,"column":8},"end":{"line":932,"column":72}},"312":{"start":{"line":934,"column":32},"end":{"line":934,"column":129}},"313":{"start":{"line":936,"column":20},"end":{"line":936,"column":87}},"314":{"start":{"line":937,"column":20},"end":{"line":940,"column":9}},"315":{"start":{"line":942,"column":8},"end":{"line":942,"column":47}},"316":{"start":{"line":944,"column":8},"end":{"line":944,"column":54}},"317":{"start":{"line":945,"column":8},"end":{"line":948,"column":23}},"318":{"start":{"line":951,"column":4},"end":{"line":979,"column":7}},"319":{"start":{"line":952,"column":8},"end":{"line":957,"column":10}},"320":{"start":{"line":958,"column":8},"end":{"line":961,"column":11}},"321":{"start":{"line":962,"column":8},"end":{"line":962,"column":65}},"322":{"start":{"line":964,"column":32},"end":{"line":964,"column":129}},"323":{"start":{"line":966,"column":20},"end":{"line":966,"column":87}},"324":{"start":{"line":967,"column":20},"end":{"line":970,"column":9}},"325":{"start":{"line":972,"column":8},"end":{"line":972,"column":47}},"326":{"start":{"line":974,"column":8},"end":{"line":974,"column":54}},"327":{"start":{"line":975,"column":8},"end":{"line":978,"column":23}}},"fnMap":{"0":{"name":"(anonymous_0)","decl":{"start":{"line":19,"column":37},"end":{"line":19,"column":38}},"loc":{"start":{"line":19,"column":41},"end":{"line":89,"column":1}},"line":19},"1":{"name":"(anonymous_1)","decl":{"start":{"line":21,"column":15},"end":{"line":21,"column":16}},"loc":{"start":{"line":21,"column":19},"end":{"line":23,"column":5}},"line":21},"2":{"name":"(anonymous_2)","decl":{"start":{"line":26,"column":14},"end":{"line":26,"column":15}},"loc":{"start":{"line":26,"column":18},"end":{"line":28,"column":5}},"line":26},"3":{"name":"(anonymous_3)","decl":{"start":{"line":30,"column":52},"end":{"line":30,"column":53}},"loc":{"start":{"line":30,"column":61},"end":{"line":88,"column":5}},"line":30},"4":{"name":"(anonymous_4)","decl":{"start":{"line":44,"column":16},"end":{"line":44,"column":17}},"loc":{"start":{"line":44,"column":22},"end":{"line":48,"column":13}},"line":44},"5":{"name":"(anonymous_5)","decl":{"start":{"line":45,"column":28},"end":{"line":45,"column":29}},"loc":{"start":{"line":45,"column":33},"end":{"line":47,"column":17}},"line":45},"6":{"name":"(anonymous_6)","decl":{"start":{"line":52,"column":45},"end":{"line":52,"column":46}},"loc":{"start":{"line":52,"column":62},"end":{"line":84,"column":9}},"line":52},"7":{"name":"(anonymous_7)","decl":{"start":{"line":91,"column":33},"end":{"line":91,"column":34}},"loc":{"start":{"line":91,"column":37},"end":{"line":148,"column":1}},"line":91},"8":{"name":"(anonymous_8)","decl":{"start":{"line":93,"column":15},"end":{"line":93,"column":16}},"loc":{"start":{"line":93,"column":21},"end":{"line":95,"column":5}},"line":93},"9":{"name":"(anonymous_9)","decl":{"start":{"line":97,"column":14},"end":{"line":97,"column":15}},"loc":{"start":{"line":97,"column":20},"end":{"line":99,"column":5}},"line":97},"10":{"name":"(anonymous_10)","decl":{"start":{"line":101,"column":41},"end":{"line":101,"column":42}},"loc":{"start":{"line":101,"column":50},"end":{"line":125,"column":5}},"line":101},"11":{"name":"(anonymous_11)","decl":{"start":{"line":110,"column":15},"end":{"line":110,"column":16}},"loc":{"start":{"line":110,"column":20},"end":{"line":118,"column":13}},"line":110},"12":{"name":"(anonymous_12)","decl":{"start":{"line":111,"column":27},"end":{"line":111,"column":28}},"loc":{"start":{"line":111,"column":32},"end":{"line":117,"column":17}},"line":111},"13":{"name":"(anonymous_13)","decl":{"start":{"line":113,"column":32},"end":{"line":113,"column":33}},"loc":{"start":{"line":113,"column":49},"end":{"line":115,"column":25}},"line":113},"14":{"name":"(anonymous_14)","decl":{"start":{"line":114,"column":64},"end":{"line":114,"column":65}},"loc":{"start":{"line":114,"column":74},"end":{"line":114,"column":94}},"line":114},"15":{"name":"(anonymous_15)","decl":{"start":{"line":127,"column":54},"end":{"line":127,"column":55}},"loc":{"start":{"line":127,"column":66},"end":{"line":144,"column":5}},"line":127},"16":{"name":"(anonymous_16)","decl":{"start":{"line":214,"column":31},"end":{"line":214,"column":32}},"loc":{"start":{"line":214,"column":37},"end":{"line":294,"column":1}},"line":214},"17":{"name":"(anonymous_17)","decl":{"start":{"line":223,"column":15},"end":{"line":223,"column":16}},"loc":{"start":{"line":223,"column":21},"end":{"line":242,"column":5}},"line":223},"18":{"name":"(anonymous_18)","decl":{"start":{"line":244,"column":14},"end":{"line":244,"column":15}},"loc":{"start":{"line":244,"column":20},"end":{"line":246,"column":5}},"line":244},"19":{"name":"(anonymous_19)","decl":{"start":{"line":248,"column":73},"end":{"line":248,"column":74}},"loc":{"start":{"line":248,"column":85},"end":{"line":267,"column":5}},"line":248},"20":{"name":"(anonymous_20)","decl":{"start":{"line":269,"column":81},"end":{"line":269,"column":82}},"loc":{"start":{"line":269,"column":93},"end":{"line":280,"column":5}},"line":269},"21":{"name":"(anonymous_21)","decl":{"start":{"line":282,"column":64},"end":{"line":282,"column":65}},"loc":{"start":{"line":282,"column":76},"end":{"line":292,"column":5}},"line":282},"22":{"name":"(anonymous_22)","decl":{"start":{"line":297,"column":28},"end":{"line":297,"column":29}},"loc":{"start":{"line":297,"column":34},"end":{"line":399,"column":1}},"line":297},"23":{"name":"(anonymous_23)","decl":{"start":{"line":306,"column":15},"end":{"line":306,"column":16}},"loc":{"start":{"line":306,"column":21},"end":{"line":343,"column":5}},"line":306},"24":{"name":"(anonymous_24)","decl":{"start":{"line":327,"column":21},"end":{"line":327,"column":22}},"loc":{"start":{"line":327,"column":27},"end":{"line":327,"column":81}},"line":327},"25":{"name":"(anonymous_25)","decl":{"start":{"line":330,"column":21},"end":{"line":330,"column":22}},"loc":{"start":{"line":330,"column":27},"end":{"line":332,"column":14}},"line":330},"26":{"name":"(anonymous_26)","decl":{"start":{"line":335,"column":43},"end":{"line":335,"column":44}},"loc":{"start":{"line":335,"column":53},"end":{"line":339,"column":9}},"line":335},"27":{"name":"(anonymous_27)","decl":{"start":{"line":337,"column":25},"end":{"line":337,"column":26}},"loc":{"start":{"line":337,"column":31},"end":{"line":337,"column":49}},"line":337},"28":{"name":"(anonymous_28)","decl":{"start":{"line":345,"column":14},"end":{"line":345,"column":15}},"loc":{"start":{"line":345,"column":20},"end":{"line":347,"column":5}},"line":345},"29":{"name":"(anonymous_29)","decl":{"start":{"line":349,"column":50},"end":{"line":349,"column":51}},"loc":{"start":{"line":349,"column":62},"end":{"line":366,"column":5}},"line":349},"30":{"name":"(anonymous_30)","decl":{"start":{"line":356,"column":21},"end":{"line":356,"column":22}},"loc":{"start":{"line":356,"column":27},"end":{"line":356,"column":81}},"line":356},"31":{"name":"(anonymous_31)","decl":{"start":{"line":368,"column":68},"end":{"line":368,"column":69}},"loc":{"start":{"line":368,"column":80},"end":{"line":382,"column":5}},"line":368},"32":{"name":"(anonymous_32)","decl":{"start":{"line":384,"column":51},"end":{"line":384,"column":52}},"loc":{"start":{"line":384,"column":63},"end":{"line":398,"column":5}},"line":384},"33":{"name":"(anonymous_33)","decl":{"start":{"line":401,"column":28},"end":{"line":401,"column":29}},"loc":{"start":{"line":401,"column":34},"end":{"line":507,"column":1}},"line":401},"34":{"name":"(anonymous_34)","decl":{"start":{"line":408,"column":15},"end":{"line":408,"column":16}},"loc":{"start":{"line":408,"column":21},"end":{"line":424,"column":5}},"line":408},"35":{"name":"(anonymous_35)","decl":{"start":{"line":426,"column":14},"end":{"line":426,"column":15}},"loc":{"start":{"line":426,"column":20},"end":{"line":429,"column":5}},"line":426},"36":{"name":"(anonymous_36)","decl":{"start":{"line":431,"column":57},"end":{"line":431,"column":58}},"loc":{"start":{"line":431,"column":69},"end":{"line":445,"column":5}},"line":431},"37":{"name":"(anonymous_37)","decl":{"start":{"line":447,"column":50},"end":{"line":447,"column":51}},"loc":{"start":{"line":447,"column":62},"end":{"line":467,"column":5}},"line":447},"38":{"name":"(anonymous_38)","decl":{"start":{"line":469,"column":63},"end":{"line":469,"column":64}},"loc":{"start":{"line":469,"column":75},"end":{"line":485,"column":5}},"line":469},"39":{"name":"(anonymous_39)","decl":{"start":{"line":487,"column":69},"end":{"line":487,"column":70}},"loc":{"start":{"line":487,"column":81},"end":{"line":506,"column":5}},"line":487},"40":{"name":"(anonymous_40)","decl":{"start":{"line":509,"column":33},"end":{"line":509,"column":34}},"loc":{"start":{"line":509,"column":39},"end":{"line":696,"column":1}},"line":509},"41":{"name":"(anonymous_41)","decl":{"start":{"line":516,"column":15},"end":{"line":516,"column":16}},"loc":{"start":{"line":516,"column":21},"end":{"line":555,"column":5}},"line":516},"42":{"name":"(anonymous_42)","decl":{"start":{"line":557,"column":14},"end":{"line":557,"column":15}},"loc":{"start":{"line":557,"column":20},"end":{"line":560,"column":5}},"line":557},"43":{"name":"(anonymous_43)","decl":{"start":{"line":562,"column":53},"end":{"line":562,"column":54}},"loc":{"start":{"line":562,"column":65},"end":{"line":593,"column":5}},"line":562},"44":{"name":"(anonymous_44)","decl":{"start":{"line":564,"column":21},"end":{"line":564,"column":22}},"loc":{"start":{"line":564,"column":27},"end":{"line":564,"column":81}},"line":564},"45":{"name":"(anonymous_45)","decl":{"start":{"line":567,"column":20},"end":{"line":567,"column":21}},"loc":{"start":{"line":567,"column":24},"end":{"line":567,"column":93}},"line":567},"46":{"name":"(anonymous_46)","decl":{"start":{"line":570,"column":20},"end":{"line":570,"column":21}},"loc":{"start":{"line":570,"column":24},"end":{"line":570,"column":72}},"line":570},"47":{"name":"(anonymous_47)","decl":{"start":{"line":595,"column":48},"end":{"line":595,"column":49}},"loc":{"start":{"line":595,"column":60},"end":{"line":618,"column":5}},"line":595},"48":{"name":"(anonymous_48)","decl":{"start":{"line":597,"column":21},"end":{"line":597,"column":22}},"loc":{"start":{"line":597,"column":27},"end":{"line":597,"column":81}},"line":597},"49":{"name":"(anonymous_49)","decl":{"start":{"line":600,"column":20},"end":{"line":600,"column":21}},"loc":{"start":{"line":600,"column":24},"end":{"line":600,"column":60}},"line":600},"50":{"name":"(anonymous_50)","decl":{"start":{"line":620,"column":64},"end":{"line":620,"column":65}},"loc":{"start":{"line":620,"column":76},"end":{"line":640,"column":5}},"line":620},"51":{"name":"(anonymous_51)","decl":{"start":{"line":622,"column":21},"end":{"line":622,"column":22}},"loc":{"start":{"line":622,"column":27},"end":{"line":622,"column":63}},"line":622},"52":{"name":"(anonymous_52)","decl":{"start":{"line":642,"column":50},"end":{"line":642,"column":51}},"loc":{"start":{"line":642,"column":62},"end":{"line":656,"column":5}},"line":642},"53":{"name":"(anonymous_53)","decl":{"start":{"line":658,"column":58},"end":{"line":658,"column":59}},"loc":{"start":{"line":658,"column":70},"end":{"line":676,"column":5}},"line":658},"54":{"name":"(anonymous_54)","decl":{"start":{"line":678,"column":69},"end":{"line":678,"column":70}},"loc":{"start":{"line":678,"column":81},"end":{"line":695,"column":5}},"line":678},"55":{"name":"(anonymous_55)","decl":{"start":{"line":699,"column":35},"end":{"line":699,"column":36}},"loc":{"start":{"line":699,"column":41},"end":{"line":980,"column":1}},"line":699},"56":{"name":"(anonymous_56)","decl":{"start":{"line":705,"column":15},"end":{"line":705,"column":16}},"loc":{"start":{"line":705,"column":21},"end":{"line":726,"column":5}},"line":705},"57":{"name":"(anonymous_57)","decl":{"start":{"line":728,"column":14},"end":{"line":728,"column":15}},"loc":{"start":{"line":728,"column":20},"end":{"line":731,"column":5}},"line":728},"58":{"name":"(anonymous_58)","decl":{"start":{"line":733,"column":49},"end":{"line":733,"column":50}},"loc":{"start":{"line":733,"column":61},"end":{"line":788,"column":5}},"line":733},"59":{"name":"(anonymous_59)","decl":{"start":{"line":745,"column":21},"end":{"line":745,"column":22}},"loc":{"start":{"line":745,"column":27},"end":{"line":745,"column":81}},"line":745},"60":{"name":"(anonymous_60)","decl":{"start":{"line":748,"column":21},"end":{"line":748,"column":22}},"loc":{"start":{"line":748,"column":27},"end":{"line":748,"column":96}},"line":748},"61":{"name":"(anonymous_61)","decl":{"start":{"line":754,"column":44},"end":{"line":754,"column":45}},"loc":{"start":{"line":754,"column":59},"end":{"line":766,"column":9}},"line":754},"62":{"name":"(anonymous_62)","decl":{"start":{"line":828,"column":48},"end":{"line":828,"column":49}},"loc":{"start":{"line":828,"column":60},"end":{"line":861,"column":5}},"line":828},"63":{"name":"(anonymous_63)","decl":{"start":{"line":840,"column":21},"end":{"line":840,"column":22}},"loc":{"start":{"line":840,"column":27},"end":{"line":840,"column":81}},"line":840},"64":{"name":"(anonymous_64)","decl":{"start":{"line":843,"column":21},"end":{"line":843,"column":22}},"loc":{"start":{"line":843,"column":27},"end":{"line":843,"column":63}},"line":843},"65":{"name":"(anonymous_65)","decl":{"start":{"line":863,"column":64},"end":{"line":863,"column":65}},"loc":{"start":{"line":863,"column":76},"end":{"line":893,"column":5}},"line":863},"66":{"name":"(anonymous_66)","decl":{"start":{"line":875,"column":21},"end":{"line":875,"column":22}},"loc":{"start":{"line":875,"column":27},"end":{"line":875,"column":63}},"line":875},"67":{"name":"(anonymous_67)","decl":{"start":{"line":895,"column":50},"end":{"line":895,"column":51}},"loc":{"start":{"line":895,"column":62},"end":{"line":919,"column":5}},"line":895},"68":{"name":"(anonymous_68)","decl":{"start":{"line":921,"column":58},"end":{"line":921,"column":59}},"loc":{"start":{"line":921,"column":70},"end":{"line":949,"column":5}},"line":921},"69":{"name":"(anonymous_69)","decl":{"start":{"line":951,"column":69},"end":{"line":951,"column":70}},"loc":{"start":{"line":951,"column":81},"end":{"line":979,"column":5}},"line":951}},"branchMap":{"0":{"loc":{"start":{"line":53,"column":12},"end":{"line":83,"column":13}},"type":"if","locations":[{"start":{"line":53,"column":12},"end":{"line":83,"column":13}},{"start":{"line":53,"column":12},"end":{"line":83,"column":13}}],"line":53},"1":{"loc":{"start":{"line":57,"column":17},"end":{"line":83,"column":13}},"type":"if","locations":[{"start":{"line":57,"column":17},"end":{"line":83,"column":13}},{"start":{"line":57,"column":17},"end":{"line":83,"column":13}}],"line":57},"2":{"loc":{"start":{"line":756,"column":12},"end":{"line":765,"column":13}},"type":"if","locations":[{"start":{"line":756,"column":12},"end":{"line":765,"column":13}},{"start":{"line":756,"column":12},"end":{"line":765,"column":13}}],"line":756},"3":{"loc":{"start":{"line":759,"column":19},"end":{"line":765,"column":13}},"type":"if","locations":[{"start":{"line":759,"column":19},"end":{"line":765,"column":13}},{"start":{"line":759,"column":19},"end":{"line":765,"column":13}}],"line":759}},"s":{"0":1,"1":1,"2":1,"3":1,"4":1,"5":1,"6":1,"7":1,"8":1,"9":1,"10":1,"11":1,"12":1,"13":1,"14":1,"15":1,"16":1,"17":1,"18":1,"19":1,"20":1,"21":1,"22":1,"23":1,"24":1,"25":1,"26":1,"27":1,"28":1,"29":1,"30":2,"31":1,"32":1,"33":1,"34":0,"35":1,"36":1,"37":1,"38":1,"39":1,"40":2,"41":1,"42":2,"43":1,"44":1,"45":1,"46":1,"47":1,"48":1,"49":1,"50":1,"51":3,"52":1,"53":1,"54":1,"55":1,"56":1,"57":1,"58":1,"59":1,"60":1,"61":1,"62":1,"63":1,"64":1,"65":3,"66":3,"67":3,"68":3,"69":3,"70":3,"71":3,"72":3,"73":3,"74":1,"75":3,"76":1,"77":1,"78":1,"79":1,"80":1,"81":1,"82":1,"83":1,"84":1,"85":1,"86":1,"87":1,"88":1,"89":1,"90":1,"91":1,"92":1,"93":1,"94":1,"95":1,"96":1,"97":1,"98":1,"99":1,"100":1,"101":3,"102":3,"103":3,"104":3,"105":3,"106":3,"107":3,"108":3,"109":3,"110":3,"111":3,"112":0,"113":3,"114":2,"115":2,"116":3,"117":1,"118":3,"119":1,"120":1,"121":1,"122":1,"123":1,"124":1,"125":0,"126":1,"127":1,"128":1,"129":1,"130":1,"131":1,"132":1,"133":1,"134":1,"135":1,"136":1,"137":1,"138":1,"139":1,"140":1,"141":1,"142":1,"143":1,"144":0,"145":1,"146":1,"147":1,"148":1,"149":4,"150":4,"151":4,"152":4,"153":4,"154":1,"155":4,"156":1,"157":1,"158":1,"159":1,"160":1,"161":1,"162":1,"163":1,"164":1,"165":1,"166":1,"167":1,"168":1,"169":1,"170":1,"171":1,"172":1,"173":1,"174":1,"175":1,"176":1,"177":1,"178":1,"179":1,"180":1,"181":1,"182":1,"183":1,"184":1,"185":6,"186":6,"187":1,"188":6,"189":1,"190":1,"191":1,"192":1,"193":1,"194":1,"195":1,"196":1,"197":1,"198":1,"199":1,"200":1,"201":1,"202":1,"203":1,"204":1,"205":1,"206":1,"207":1,"208":1,"209":1,"210":1,"211":1,"212":1,"213":1,"214":1,"215":1,"216":1,"217":1,"218":1,"219":1,"220":1,"221":1,"222":1,"223":1,"224":1,"225":1,"226":1,"227":1,"228":1,"229":1,"230":1,"231":1,"232":1,"233":1,"234":1,"235":1,"236":1,"237":1,"238":1,"239":1,"240":1,"241":1,"242":1,"243":1,"244":1,"245":1,"246":1,"247":1,"248":1,"249":1,"250":1,"251":6,"252":1,"253":1,"254":1,"255":1,"256":1,"257":1,"258":1,"259":1,"260":1,"261":1,"262":1,"263":2,"264":1,"265":1,"266":1,"267":0,"268":1,"269":1,"270":1,"271":1,"272":1,"273":1,"274":1,"275":1,"276":1,"277":1,"278":1,"279":1,"280":1,"281":1,"282":1,"283":1,"284":1,"285":1,"286":1,"287":1,"288":1,"289":1,"290":1,"291":1,"292":1,"293":1,"294":1,"295":1,"296":1,"297":1,"298":1,"299":1,"300":1,"301":1,"302":1,"303":1,"304":1,"305":1,"306":1,"307":1,"308":1,"309":1,"310":1,"311":1,"312":1,"313":1,"314":1,"315":1,"316":1,"317":1,"318":1,"319":1,"320":1,"321":1,"322":1,"323":1,"324":1,"325":1,"326":1,"327":1},"f":{"0":1,"1":1,"2":1,"3":1,"4":1,"5":1,"6":2,"7":1,"8":2,"9":2,"10":1,"11":1,"12":1,"13":1,"14":3,"15":1,"16":1,"17":3,"18":3,"19":1,"20":1,"21":1,"22":1,"23":3,"24":3,"25":0,"26":2,"27":2,"28":3,"29":1,"30":0,"31":1,"32":1,"33":1,"34":4,"35":4,"36":1,"37":1,"38":1,"39":1,"40":1,"41":6,"42":6,"43":1,"44":1,"45":1,"46":1,"47":1,"48":1,"49":1,"50":1,"51":1,"52":1,"53":1,"54":1,"55":1,"56":6,"57":6,"58":1,"59":1,"60":1,"61":2,"62":1,"63":1,"64":1,"65":1,"66":1,"67":1,"68":1,"69":1},"b":{"0":[1,1],"1":[1,0],"2":[1,1],"3":[1,0]},"_coverageSchema":"1a1c01bbd47fc00a2c39e90264f33305004495a9","hash":"086f01736c4eafee9feee0727d00316e2b0462f5","contentHash":"f075240945f991fd0f99ad3dce7d96e5a1f2251688f0dc10acd104eee7b2d731"},"/home/teja/saiteja/minor_pro/app.js":{"path":"/home/teja/saiteja/minor_pro/app.js","statementMap":{"0":{"start":{"line":1,"column":0},"end":{"line":1,"column":26}},"1":{"start":{"line":2,"column":19},"end":{"line":2,"column":41}},"2":{"start":{"line":3,"column":13},"end":{"line":3,"column":28}},"3":{"start":{"line":4,"column":13},"end":{"line":4,"column":28}},"4":{"start":{"line":5,"column":16},"end":{"line":5,"column":34}},"5":{"start":{"line":6,"column":12},"end":{"line":6,"column":21}},"6":{"start":{"line":7,"column":21},"end":{"line":7,"column":45}},"7":{"start":{"line":8,"column":0},"end":{"line":8,"column":24}},"8":{"start":{"line":9,"column":0},"end":{"line":9,"column":30}},"9":{"start":{"line":11,"column":0},"end":{"line":11,"column":37}},"10":{"start":{"line":12,"column":0},"end":{"line":12,"column":55}},"11":{"start":{"line":14,"column":0},"end":{"line":14,"column":44}},"12":{"start":{"line":15,"column":0},"end":{"line":17,"column":4}},"13":{"start":{"line":19,"column":0},"end":{"line":21,"column":2}},"14":{"start":{"line":20,"column":4},"end":{"line":20,"column":59}},"15":{"start":{"line":23,"column":23},"end":{"line":23,"column":60}},"16":{"start":{"line":24,"column":0},"end":{"line":24,"column":37}},"17":{"start":{"line":26,"column":20},"end":{"line":26,"column":54}},"18":{"start":{"line":27,"column":21},"end":{"line":27,"column":55}},"19":{"start":{"line":28,"column":0},"end":{"line":28,"column":30}},"20":{"start":{"line":29,"column":0},"end":{"line":29,"column":24}},"21":{"start":{"line":30,"column":13},"end":{"line":30,"column":37}},"22":{"start":{"line":31,"column":0},"end":{"line":31,"column":63}},"23":{"start":{"line":31,"column":23},"end":{"line":31,"column":62}}},"fnMap":{"0":{"name":"(anonymous_0)","decl":{"start":{"line":19,"column":13},"end":{"line":19,"column":14}},"loc":{"start":{"line":19,"column":27},"end":{"line":21,"column":1}},"line":19},"1":{"name":"(anonymous_1)","decl":{"start":{"line":31,"column":17},"end":{"line":31,"column":18}},"loc":{"start":{"line":31,"column":23},"end":{"line":31,"column":62}},"line":31}},"branchMap":{"0":{"loc":{"start":{"line":30,"column":13},"end":{"line":30,"column":37}},"type":"binary-expr","locations":[{"start":{"line":30,"column":13},"end":{"line":30,"column":29}},{"start":{"line":30,"column":33},"end":{"line":30,"column":37}}],"line":30}},"s":{"0":1,"1":1,"2":1,"3":1,"4":1,"5":1,"6":1,"7":1,"8":1,"9":1,"10":1,"11":1,"12":1,"13":1,"14":0,"15":1,"16":1,"17":1,"18":1,"19":1,"20":1,"21":1,"22":1,"23":1},"f":{"0":0,"1":1},"b":{"0":[1,0]},"_coverageSchema":"1a1c01bbd47fc00a2c39e90264f33305004495a9","hash":"8f2a1e86e1e7fe3e835a3725e3025287e43e300c","contentHash":"a5933c965fecf8a8f199999bf2dd3fa77544dcd50faf60283fe0c91d48abafe3"},"/home/teja/saiteja/minor_pro/routes/employeeRoutes.js":{"path":"/home/teja/saiteja/minor_pro/routes/employeeRoutes.js","statementMap":{"0":{"start":{"line":1,"column":16},"end":{"line":1,"column":34}},"1":{"start":{"line":2,"column":0},"end":{"line":2,"column":26}},"2":{"start":{"line":3,"column":13},"end":{"line":3,"column":28}},"3":{"start":{"line":4,"column":19},"end":{"line":4,"column":41}},"4":{"start":{"line":5,"column":15},"end":{"line":5,"column":31}},"5":{"start":{"line":6,"column":31},"end":{"line":6,"column":72}},"6":{"start":{"line":7,"column":35},"end":{"line":7,"column":81}},"7":{"start":{"line":8,"column":31},"end":{"line":8,"column":74}},"8":{"start":{"line":9,"column":21},"end":{"line":9,"column":60}},"9":{"start":{"line":10,"column":28},"end":{"line":10,"column":70}},"10":{"start":{"line":11,"column":23},"end":{"line":11,"column":70}},"11":{"start":{"line":12,"column":0},"end":{"line":14,"column":2}},"12":{"start":{"line":13,"column":4},"end":{"line":13,"column":75}},"13":{"start":{"line":15,"column":0},"end":{"line":17,"column":2}},"14":{"start":{"line":16,"column":4},"end":{"line":16,"column":74}},"15":{"start":{"line":18,"column":0},"end":{"line":18,"column":68}},"16":{"start":{"line":19,"column":0},"end":{"line":19,"column":30}},"17":{"start":{"line":20,"column":0},"end":{"line":20,"column":42}},"18":{"start":{"line":21,"column":0},"end":{"line":30,"column":3}},"19":{"start":{"line":24,"column":4},"end":{"line":29,"column":5}},"20":{"start":{"line":25,"column":8},"end":{"line":25,"column":47}},"21":{"start":{"line":27,"column":8},"end":{"line":27,"column":39}},"22":{"start":{"line":28,"column":8},"end":{"line":28,"column":83}},"23":{"start":{"line":31,"column":0},"end":{"line":39,"column":2}},"24":{"start":{"line":32,"column":4},"end":{"line":37,"column":5}},"25":{"start":{"line":33,"column":8},"end":{"line":33,"column":43}},"26":{"start":{"line":35,"column":8},"end":{"line":35,"column":39}},"27":{"start":{"line":36,"column":8},"end":{"line":36,"column":83}},"28":{"start":{"line":43,"column":0},"end":{"line":56,"column":3}},"29":{"start":{"line":44,"column":4},"end":{"line":44,"column":25}},"30":{"start":{"line":45,"column":4},"end":{"line":55,"column":5}},"31":{"start":{"line":46,"column":25},"end":{"line":46,"column":42}},"32":{"start":{"line":47,"column":26},"end":{"line":47,"column":40}},"33":{"start":{"line":50,"column":35},"end":{"line":50,"column":77}},"34":{"start":{"line":52,"column":8},"end":{"line":52,"column":49}},"35":{"start":{"line":54,"column":8},"end":{"line":54,"column":105}},"36":{"start":{"line":58,"column":0},"end":{"line":61,"column":2}},"37":{"start":{"line":59,"column":4},"end":{"line":59,"column":35}},"38":{"start":{"line":62,"column":12},"end":{"line":62,"column":30}},"39":{"start":{"line":66,"column":0},"end":{"line":66,"column":36}},"40":{"start":{"line":67,"column":0},"end":{"line":67,"column":40}},"41":{"start":{"line":68,"column":0},"end":{"line":71,"column":3}},"42":{"start":{"line":73,"column":11},"end":{"line":73,"column":23}},"43":{"start":{"line":74,"column":11},"end":{"line":74,"column":37}},"44":{"start":{"line":75,"column":0},"end":{"line":98,"column":3}},"45":{"start":{"line":76,"column":4},"end":{"line":97,"column":5}},"46":{"start":{"line":77,"column":26},"end":{"line":77,"column":44}},"47":{"start":{"line":78,"column":8},"end":{"line":78,"column":30}},"48":{"start":{"line":79,"column":25},"end":{"line":79,"column":53}},"49":{"start":{"line":81,"column":23},"end":{"line":84,"column":9}},"50":{"start":{"line":86,"column":21},"end":{"line":86,"column":57}},"51":{"start":{"line":89,"column":24},"end":{"line":89,"column":65}},"52":{"start":{"line":90,"column":8},"end":{"line":90,"column":56}},"53":{"start":{"line":92,"column":8},"end":{"line":92,"column":39}},"54":{"start":{"line":95,"column":8},"end":{"line":95,"column":39}},"55":{"start":{"line":96,"column":8},"end":{"line":96,"column":71}},"56":{"start":{"line":101,"column":0},"end":{"line":110,"column":2}},"57":{"start":{"line":102,"column":17},"end":{"line":102,"column":32}},"58":{"start":{"line":103,"column":4},"end":{"line":107,"column":5}},"59":{"start":{"line":104,"column":8},"end":{"line":104,"column":34}},"60":{"start":{"line":106,"column":8},"end":{"line":106,"column":24}},"61":{"start":{"line":108,"column":4},"end":{"line":108,"column":23}},"62":{"start":{"line":113,"column":0},"end":{"line":113,"column":23}}},"fnMap":{"0":{"name":"(anonymous_0)","decl":{"start":{"line":12,"column":25},"end":{"line":12,"column":26}},"loc":{"start":{"line":12,"column":39},"end":{"line":14,"column":1}},"line":12},"1":{"name":"(anonymous_1)","decl":{"start":{"line":15,"column":24},"end":{"line":15,"column":25}},"loc":{"start":{"line":15,"column":38},"end":{"line":17,"column":1}},"line":15},"2":{"name":"(anonymous_2)","decl":{"start":{"line":21,"column":32},"end":{"line":21,"column":33}},"loc":{"start":{"line":21,"column":52},"end":{"line":30,"column":1}},"line":21},"3":{"name":"(anonymous_3)","decl":{"start":{"line":31,"column":32},"end":{"line":31,"column":33}},"loc":{"start":{"line":31,"column":52},"end":{"line":39,"column":1}},"line":31},"4":{"name":"(anonymous_4)","decl":{"start":{"line":43,"column":33},"end":{"line":43,"column":34}},"loc":{"start":{"line":43,"column":53},"end":{"line":56,"column":1}},"line":43},"5":{"name":"(anonymous_5)","decl":{"start":{"line":58,"column":23},"end":{"line":58,"column":24}},"loc":{"start":{"line":58,"column":39},"end":{"line":61,"column":1}},"line":58},"6":{"name":"(anonymous_6)","decl":{"start":{"line":75,"column":23},"end":{"line":75,"column":24}},"loc":{"start":{"line":75,"column":43},"end":{"line":98,"column":1}},"line":75},"7":{"name":"(anonymous_7)","decl":{"start":{"line":101,"column":25},"end":{"line":101,"column":26}},"loc":{"start":{"line":101,"column":42},"end":{"line":110,"column":1}},"line":101}},"branchMap":{},"s":{"0":1,"1":1,"2":1,"3":1,"4":1,"5":1,"6":1,"7":1,"8":1,"9":1,"10":1,"11":1,"12":0,"13":1,"14":0,"15":1,"16":1,"17":1,"18":1,"19":0,"20":0,"21":0,"22":0,"23":1,"24":0,"25":0,"26":0,"27":0,"28":1,"29":0,"30":0,"31":0,"32":0,"33":0,"34":0,"35":0,"36":1,"37":0,"38":1,"39":1,"40":1,"41":1,"42":1,"43":1,"44":1,"45":0,"46":0,"47":0,"48":0,"49":0,"50":0,"51":0,"52":0,"53":0,"54":0,"55":0,"56":1,"57":0,"58":0,"59":0,"60":0,"61":0,"62":1},"f":{"0":0,"1":0,"2":0,"3":0,"4":0,"5":0,"6":0,"7":0},"b":{},"_coverageSchema":"1a1c01bbd47fc00a2c39e90264f33305004495a9","hash":"1242925c51c037cabc459cd6d0ad7024662a1d4f","contentHash":"3bbc80787005bc2453961f121a1c9c769e82bb41af3299f16114378d4ed6841a"},"/home/teja/saiteja/minor_pro/controller/recognitionController.js":{"path":"/home/teja/saiteja/minor_pro/controller/recognitionController.js","statementMap":{"0":{"start":{"line":1,"column":0},"end":{"line":1,"column":27}},"1":{"start":{"line":2,"column":20},"end":{"line":2,"column":44}},"2":{"start":{"line":3,"column":24},"end":{"line":3,"column":53}},"3":{"start":{"line":4,"column":14},"end":{"line":4,"column":30}},"4":{"start":{"line":7,"column":2},"end":{"line":105,"column":3}},"5":{"start":{"line":8,"column":4},"end":{"line":8,"column":41}},"6":{"start":{"line":9,"column":15},"end":{"line":9,"column":43}},"7":{"start":{"line":11,"column":25},"end":{"line":11,"column":50}},"8":{"start":{"line":13,"column":22},"end":{"line":13,"column":40}},"9":{"start":{"line":15,"column":4},"end":{"line":96,"column":5}},"10":{"start":{"line":16,"column":25},"end":{"line":16,"column":74}},"11":{"start":{"line":19,"column":26},"end":{"line":19,"column":59}},"12":{"start":{"line":22,"column":27},"end":{"line":24,"column":7}},"13":{"start":{"line":25,"column":27},"end":{"line":25,"column":80}},"14":{"start":{"line":26,"column":6},"end":{"line":26,"column":31}},"15":{"start":{"line":27,"column":6},"end":{"line":91,"column":7}},"16":{"start":{"line":29,"column":29},"end":{"line":32,"column":9}},"17":{"start":{"line":33,"column":29},"end":{"line":33,"column":89}},"18":{"start":{"line":36,"column":8},"end":{"line":86,"column":9}},"19":{"start":{"line":37,"column":25},"end":{"line":37,"column":64}},"20":{"start":{"line":38,"column":25},"end":{"line":38,"column":81}},"21":{"start":{"line":40,"column":10},"end":{"line":40,"column":36}},"22":{"start":{"line":41,"column":27},"end":{"line":41,"column":89}},"23":{"start":{"line":42,"column":10},"end":{"line":42,"column":31}},"24":{"start":{"line":43,"column":10},"end":{"line":46,"column":11}},"25":{"start":{"line":44,"column":12},"end":{"line":44,"column":137}},"26":{"start":{"line":45,"column":12},"end":{"line":45,"column":19}},"27":{"start":{"line":47,"column":10},"end":{"line":81,"column":11}},"28":{"start":{"line":48,"column":12},"end":{"line":48,"column":38}},"29":{"start":{"line":49,"column":29},"end":{"line":52,"column":14}},"30":{"start":{"line":53,"column":12},"end":{"line":53,"column":33}},"31":{"start":{"line":54,"column":12},"end":{"line":76,"column":13}},"32":{"start":{"line":55,"column":14},"end":{"line":72,"column":13}},"33":{"start":{"line":56,"column":26},"end":{"line":60,"column":16}},"34":{"start":{"line":61,"column":14},"end":{"line":61,"column":31}},"35":{"start":{"line":62,"column":14},"end":{"line":68,"column":96}},"36":{"start":{"line":63,"column":14},"end":{"line":63,"column":99}},"37":{"start":{"line":64,"column":14},"end":{"line":64,"column":93}},"38":{"start":{"line":65,"column":14},"end":{"line":65,"column":54}},"39":{"start":{"line":68,"column":16},"end":{"line":68,"column":82}},"40":{"start":{"line":70,"column":14},"end":{"line":70,"column":61}},"41":{"start":{"line":71,"column":14},"end":{"line":71,"column":77}},"42":{"start":{"line":75,"column":14},"end":{"line":75,"column":84}},"43":{"start":{"line":79,"column":12},"end":{"line":79,"column":67}},"44":{"start":{"line":80,"column":12},"end":{"line":80,"column":82}},"45":{"start":{"line":85,"column":10},"end":{"line":85,"column":87}},"46":{"start":{"line":87,"column":13},"end":{"line":91,"column":7}},"47":{"start":{"line":88,"column":8},"end":{"line":88,"column":115}},"48":{"start":{"line":90,"column":8},"end":{"line":90,"column":101}},"49":{"start":{"line":94,"column":6},"end":{"line":94,"column":49}},"50":{"start":{"line":95,"column":6},"end":{"line":95,"column":85}},"51":{"start":{"line":98,"column":4},"end":{"line":98,"column":35}},"52":{"start":{"line":99,"column":4},"end":{"line":99,"column":79}},"53":{"start":{"line":102,"column":4},"end":{"line":104,"column":5}},"54":{"start":{"line":103,"column":6},"end":{"line":103,"column":27}},"55":{"start":{"line":108,"column":0},"end":{"line":108,"column":44}}},"fnMap":{"0":{"name":"searchFacesAndRetrieve","decl":{"start":{"line":5,"column":15},"end":{"line":5,"column":37}},"loc":{"start":{"line":5,"column":48},"end":{"line":106,"column":1}},"line":5}},"branchMap":{"0":{"loc":{"start":{"line":15,"column":4},"end":{"line":96,"column":5}},"type":"if","locations":[{"start":{"line":15,"column":4},"end":{"line":96,"column":5}},{"start":{"line":15,"column":4},"end":{"line":96,"column":5}}],"line":15},"1":{"loc":{"start":{"line":27,"column":6},"end":{"line":91,"column":7}},"type":"if","locations":[{"start":{"line":27,"column":6},"end":{"line":91,"column":7}},{"start":{"line":27,"column":6},"end":{"line":91,"column":7}}],"line":27},"2":{"loc":{"start":{"line":27,"column":10},"end":{"line":27,"column":75}},"type":"binary-expr","locations":[{"start":{"li
[...]
":{"start":{"line":13,"column":0},"end":{"line":13,"column":30}},"13":{"start":{"line":16,"column":0},"end":{"line":16,"column":54}},"14":{"start":{"line":17,"column":15},"end":{"line":17,"column":56}},"15":{"start":{"line":20,"column":0},"end":{"line":20,"column":34}},"16":{"start":{"line":22,"column":0},"end":{"line":22,"column":37}},"17":{"start":{"line":24,"column":0},"end":{"line":24,"column":66}},"18":{"start":{"line":26,"column":23},"end":{"line":26,"column":62}},"19":{"start":{"line":29,"column":0},"end":{"line":31,"column":3}},"20":{"start":{"line":30,"column":4},"end":{"line":30,"column":48}},"21":{"start":{"line":36,"column":0},"end":{"line":36,"column":31}},"22":{"start":{"line":37,"column":0},"end":{"line":37,"column":31}},"23":{"start":{"line":38,"column":19},"end":{"line":38,"column":54}},"24":{"start":{"line":39,"column":0},"end":{"line":41,"column":2}},"25":{"start":{"line":40,"column":5},"end":{"line":40,"column":39}},"26":{"start":{"line":42,"column":0},"end":{"line":42,"column":21}}},"fnMap":{"0":{"name":"(anonymous_0)","decl":{"start":{"line":29,"column":29},"end":{"line":29,"column":30}},"loc":{"start":{"line":29,"column":43},"end":{"line":31,"column":1}},"line":29},"1":{"name":"(anonymous_1)","decl":{"start":{"line":39,"column":26},"end":{"line":39,"column":27}},"loc":{"start":{"line":39,"column":43},"end":{"line":41,"column":1}},"line":39}},"branchMap":{},"s":{"0":1,"1":1,"2":1,"3":1,"4":1,"5":1,"6":1,"7":1,"8":1,"9":1,"10":1,"11":1,"12":1,"13":1,"14":1,"15":1,"16":1,"17":1,"18":1,"19":1,"20":0,"21":1,"22":1,"23":1,"24":1,"25":0,"26":1},"f":{"0":0,"1":0},"b":{},"_coverageSchema":"1a1c01bbd47fc00a2c39e90264f33305004495a9","hash":"24b1ef293824ded3bf2e5684bd5045917dc9209d","contentHash":"fafc2b2b58b59e98febdb6af66abc7b066b057248e18d6b68e9eacf155b3aacb"},"/home/teja/saiteja/minor_pro/controller/pendingController.js":{"path":"/home/teja/saiteja/minor_pro/controller/pendingController.js","statementMap":{"0":{"start":{"line":1,"column":24},"end":{"line":1,"column":53}},"1":{"start":{"line":5,"column":4},"end":{"line":27,"column":5}},"2":{"start":{"line":7,"column":8},"end":{"line":7,"column":45}},"3":{"start":{"line":8,"column":19},"end":{"line":8,"column":47}},"4":{"start":{"line":9,"column":32},"end":{"line":9,"column":101}},"5":{"start":{"line":11,"column":8},"end":{"line":15,"column":9}},"6":{"start":{"line":12,"column":12},"end":{"line":12,"column":109}},"7":{"start":{"line":14,"column":12},"end":{"line":14,"column":92}},"8":{"start":{"line":17,"column":8},"end":{"line":17,"column":39}},"9":{"start":{"line":18,"column":8},"end":{"line":18,"column":83}},"10":{"start":{"line":20,"column":8},"end":{"line":26,"column":9}},"11":{"start":{"line":21,"column":8},"end":{"line":23,"column":9}},"12":{"start":{"line":22,"column":12},"end":{"line":22,"column":33}},"13":{"start":{"line":25,"column":12},"end":{"line":25,"column":86}},"14":{"start":{"line":30,"column":0},"end":{"line":30,"column":37}}},"fnMap":{"0":{"name":"pendingRequests","decl":{"start":{"line":3,"column":15},"end":{"line":3,"column":30}},"loc":{"start":{"line":3,"column":41},"end":{"line":28,"column":1}},"line":3}},"branchMap":{"0":{"loc":{"start":{"line":11,"column":8},"end":{"line":15,"column":9}},"type":"if","locations":[{"start":{"line":11,"column":8},"end":{"line":15,"column":9}},{"start":{"line":11,"column":8},"end":{"line":15,"column":9}}],"line":11},"1":{"loc":{"start":{"line":21,"column":8},"end":{"line":23,"column":9}},"type":"if","locations":[{"start":{"line":21,"column":8},"end":{"line":23,"column":9}},{"start":{"line":21,"column":8},"end":{"line":23,"column":9}}],"line":21}},"s":{"0":1,"1":4,"2":4,"3":4,"4":4,"5":3,"6":1,"7":2,"8":1,"9":1,"10":4,"11":4,"12":4,"13":1,"14":1},"f":{"0":4},"b":{"0":[1,2],"1":[4,0]},"_coverageSchema":"1a1c01bbd47fc00a2c39e90264f33305004495a9","hash":"467f3ece6c1551e2dcbb3aebfb3062b2fe225577","contentHash":"fb0abadd6690db4f2ea3489669a1706ed496b70dbefc5862b307bfcdf52e9d98"},"/home/teja/saiteja/minor_pro/controller/viewController.js":{"path":"/home/teja/saiteja/minor_pro/controller/viewController.js","statementMap":{"0":{"start":{"line":1,"column":24},"end":{"line":1,"column":53}},"1":{"start":{"line":2,"column":11},"end":{"line":2,"column":34}},"2":{"start":{"line":5,"column":4},"end":{"line":34,"column":5}},"3":{"start":{"line":6,"column":23},"end":{"line":6,"column":50}},"4":{"start":{"line":7,"column":19},"end":{"line":7,"column":47}},"5":{"start":{"line":8,"column":32},"end":{"line":8,"column":101}},"6":{"start":{"line":9,"column":8},"end":{"line":9,"column":29}},"7":{"start":{"line":10,"column":8},"end":{"line":12,"column":9}},"8":{"start":{"line":11,"column":12},"end":{"line":11,"column":55}},"9":{"start":{"line":13,"column":30},"end":{"line":27,"column":10}},"10":{"start":{"line":14,"column":12},"end":{"line":26,"column":13}},"11":{"start":{"line":15,"column":31},"end":{"line":18,"column":17}},"12":{"start":{"line":19,"column":29},"end":{"line":19,"column":65}},"13":{"start":{"line":20,"column":16},"end":{"line":23,"column":18}},"14":{"start":{"line":25,"column":16},"end":{"line":25,"column":31}},"15":{"start":{"line":28,"column":23},"end":{"line":28,"column":55}},"16":{"start":{"line":29,"column":8},"end":{"line":29,"column":57}},"17":{"start":{"line":32,"column":8},"end":{"line":32,"column":53}},"18":{"start":{"line":38,"column":0},"end":{"line":38,"column":40}}},"fnMap":{"0":{"name":"getPendingRequests","decl":{"start":{"line":4,"column":15},"end":{"line":4,"column":33}},"loc":{"start":{"line":4,"column":44},"end":{"line":35,"column":1}},"line":4},"1":{"name":"(anonymous_1)","decl":{"start":{"line":13,"column":50},"end":{"line":13,"column":51}},"loc":{"start":{"line":13,"column":69},"end":{"line":27,"column":9}},"line":13}},"branchMap":{"0":{"loc":{"start":{"line":10,"column":8},"end":{"line":12,"column":9}},"type":"if","locations":[{"start":{"line":10,"column":8},"end":{"line":12,"column":9}},{"start":{"line":10,"column":8},"end":{"line":12,"column":9}}],"line":10},"1":{"loc":{"start":{"line":14,"column":12},"end":{"line":26,"column":13}},"type":"if","locations":[{"start":{"line":14,"column":12},"end":{"line":26,"column":13}},{"start":{"line":14,"column":12},"end":{"line":26,"column":13}}],"line":14}},"s":{"0":1,"1":1,"2":3,"3":3,"4":2,"5":2,"6":2,"7":2,"8":1,"9":2,"10":1,"11":1,"12":1,"13":1,"14":0,"15":2,"16":2,"17":1,"18":1},"f":{"0":3,"1":1},"b":{"0":[1,1],"1":[1,0]},"_coverageSchema":"1a1c01bbd47fc00a2c39e90264f33305004495a9","hash":"b2ce536e18e75ceca2bd0b820497f52393e6bbd7","contentHash":"7d740c1e8fdb637cc7c56307e2274d016076b8eb37bb87e697fbf166f817586d"},"/home/teja/saiteja/minor_pro/controller/getMembers.js":{"path":"/home/teja/saiteja/minor_pro/controller/getMembers.js","statementMap":{"0":{"start":{"line":1,"column":22},"end":{"line":1,"column":51}},"1":{"start":{"line":4,"column":4},"end":{"line":22,"column":5}},"2":{"start":{"line":5,"column":8},"end":{"line":5,"column":45}},"3":{"start":{"line":6,"column":19},"end":{"line":6,"column":47}},"4":{"start":{"line":7,"column":26},"end":{"line":7,"column":28}},"5":{"start":{"line":8,"column":22},"end":{"line":8,"column":59}},"6":{"start":{"line":9,"column":8},"end":{"line":11,"column":11}},"7":{"start":{"line":10,"column":12},"end":{"line":10,"column":41}},"8":{"start":{"line":14,"column":8},"end":{"line":14,"column":31}},"9":{"start":{"line":15,"column":8},"end":{"line":15,"column":40}},"10":{"start":{"line":20,"column":8},"end":{"line":20,"column":79}},"11":{"start":{"line":25,"column":0},"end":{"line":25,"column":26}}},"fnMap":{"0":{"name":"members","decl":{"start":{"line":2,"column":15},"end":{"line":2,"column":22}},"loc":{"start":{"line":2,"column":31},"end":{"line":24,"column":1}},"line":2},"1":{"name":"(anonymous_1)","decl":{"start":{"line":9,"column":29},"end":{"line":9,"column":30}},"loc":{"start":{"line":9,"column":36},"end":{"line":11,"column":9}},"line":9}},"branchMap":{},"s":{"0":1,"1":2,"2":2,"3":1,"4":1,"5":1,"6":1,"7":3,"8":1,"9":1,"10":1,"11":1},"f":{"0":2,"1":3},"b":{},"_coverageSchema":"1a1c01bbd47fc00a2c39e90264f33305004495a9","hash":"3f477fcc21b70b1361978a14062b0d99dbe2c639","contentHash":"ca52182cda95b7649b56c5316444c9e88029f261f1fd28f967bd7690d1b237e7"},"/home/teja/saiteja/minor_pro/routes/RecogRoutes.js":{"path":"/home/teja/saiteja/minor_pro/routes/RecogRoutes.js","statementMap":{"0":{"start":{"line":1,"column":16},"end":{"line":1,"column":34}},"1":{"start":{"line":2,"column":12},"end":{"line":2,"column":30}},"2":{"start":{"line":4,"column":19},"end":{"line":4,"column":41}},"3":{"start":{"line":5,"column":23},"end":{"line":5,"column":38}},"4":{"start":{"line":6,"column":0},"end":{"line":6,"column":26}},"5":{"start":{"line":7,"column":40},"end":{"line":7,"column":79}},"6":{"start":{"line":9,"column":15},"end":{"line":9,"column":31}},"7":{"start":{"line":10,"column":0},"end":{"line":10,"column":30}},"8":{"start":{"line":11,"column":0},"end":{"line":11,"column":48}},"9":{"start":{"line":12,"column":0},"end":{"line":12,"column":70}},"10":{"start":{"line":16,"column":15},"end":{"line":16,"column":32}},"11":{"start":{"line":18,"column":0},"end":{"line":24,"column":3}},"12":{"start":{"line":25,"column":0},"end":{"line":25,"column":31}},"13":{"start":{"line":27,"column":20},"end":{"line":27,"column":41}},"14":{"start":{"line":62,"column":0},"end":{"line":62,"column":34}},"15":{"start":{"line":64,"column":0},"end":{"line":72,"column":3}},"16":{"start":{"line":65,"column":4},"end":{"line":71,"column":5}},"17":{"start":{"line":66,"column":26},"end":{"line":66,"column":51}},"18":{"start":{"line":67,"column":8},"end":{"line":67,"column":30}},"19":{"start":{"line":69,"column":8},"end":{"line":69,"column":61}},"20":{"start":{"line":70,"column":8},"end":{"line":70,"column":60}},"21":{"start":{"line":75,"column":0},"end":{"line":75,"column":21}}},"fnMap":{"0":{"name":"(anonymous_0)","decl":{"start":{"line":64,"column":20},"end":{"line":64,"column":21}},"loc":{"start":{"line":64,"column":40},"end":{"line":72,"column":1}},"line":64}},"branchMap":{},"s":{"0":1,"1":1,"2":1,"3":1,"4":1,"5":1,"6":1,"7":1,"8":1,"9":1,"10":1,"11":1,"12":1,"13":1,"14":1,"15":1,"16":0,"17":0,"18":0,"19":0,"20":0,"21":1},"f":{"0":0},"b":{},"_coverageSchema":"1a1c01bbd47fc00a2c39e90264f33305004495a9","hash":"eb57143b998ab9b283bb6692bf6d16083dbedf97","contentHash":"ba353a4ddd3c6350c0a8f60997ea3ce09cd7e6e2fdec221551924ad4dcd5d149"},"/home/teja/saiteja/minor_pro/controller/liveController.js":{"path":"/home/teja/saiteja/minor_pro/controller/liveController.js","statementMap":{"0":{"start":{"line":1,"column":12},"end":{"line":1,"column":30}},"1":{"start":{"line":2,"column":0},"end":{"line":2,"column":27}},"2":{"start":{"line":3,"column":15},"end":{"line":3,"column":32}},"3":{"start":{"line":4,"column":0},"end":{"line":10,"column":3}},"4":{"start":{"line":11,"column":0},"end":{"line":11,"column":31}},"5":{"start":{"line":13,"column":20},"end":{"line":13,"column":41}},"6":{"start":{"line":17,"column":18},"end":{"line":17,"column":82}},"7":{"start":{"line":18,"column":23},"end":{"line":18,"column":25}},"8":{"start":{"line":19,"column":4},"end":{"line":22,"column":5}},"9":{"start":{"line":19,"column":17},"end":{"line":19,"column":18}},"10":{"start":{"line":20,"column":28},"end":{"line":20,"column":61}},"11":{"start":{"line":21,"column":8},"end":{"line":21,"column":50}},"12":{"start":{"line":23,"column":4},"end":{"line":23,"column":24}},"13":{"start":{"line":27,"column":26},"end":{"line":46,"column":1}},"14":{"start":{"line":28,"column":22},"end":{"line":28,"column":46}},"15":{"start":{"line":29,"column":19},"end":{"line":37,"column":5}},"16":{"start":{"line":39,"column":4},"end":{"line":45,"column":5}},"17":{"start":{"line":40,"column":19},"end":{"line":40,"column":80}},"18":{"start":{"line":41,"column":8},"end":{"line":41,"column":31}},"19":{"start":{"line":43,"column":8},"end":{"line":43,"column":61}},"20":{"start":{"line":44,"column":8},"end":{"line":44,"column":49}},"21":{"start":{"line":47,"column":18},"end":{"line":78,"column":1}},"22":{"start":{"line":48,"column":20},"end":{"line":48,"column":39}},"23":{"start":{"line":49,"column":4},"end":{"line":49,"column":26}},"24":{"start":{"line":51,"column":8},"end":{"line":75,"column":9}},"25":{"start":{"line":52,"column":23},"end":{"line":71,"column":12}},"26":{"start":{"line":55,"column":12},"end":{"line":70,"column":13}},"27":{"start":{"line":56,"column":16},"end":{"line":56,"column":33}},"28":{"start":{"line":57,"column":16},"end":{"line":57,"column":57}},"29":{"start":{"line":58,"column":16},"end":{"line":65,"column":17}},"30":{"start":{"line":59,"column":20},"end":{"line":60,"column":48}},"31":{"start":{"line":63,"column":20},"end":{"line":64,"column":52}},"32":{"start":{"line":67,"column":16},"end":{"line":67,"column":45}},"33":{"start":{"line":68,"column":16},"end":{"line":68,"column":32}},"34":{"start":{"line":69,"column":16},"end":{"line":69,"column":40}},"35":{"start":{"line":73,"column":10},"end":{"line":73,"column":62}},"36":{"start":{"line":74,"column":10},"end":{"line":74,"column":51}},"37":{"start":{"line":79,"column":0},"end":{"line":79,"column":47}}},"fnMap":{"0":{"name":"generateRandomString","decl":{"start":{"line":16,"column":9},"end":{"line":16,"column":29}},"loc":{"start":{"line":16,"column":38},"end":{"line":24,"column":1}},"line":16},"1":{"name":"(anonymous_1)","decl":{"start":{"line":27,"column":26},"end":{"line":27,"column":27}},"loc":{"start":{"line":27,"column":38},"end":{"line":46,"column":1}},"line":27},"2":{"name":"(anonymous_2)","decl":{"start":{"line":47,"column":18},"end":{"line":47,"column":19}},"loc":{"start":{"line":47,"column":35},"end":{"line":78,"column":1}},"line":47},"3":{"name":"(anonymous_3)","decl":{"start":{"line":54,"column":12},"end":{"line":54,"column":13}},"loc":{"start":{"line":54,"column":24},"end":{"line":71,"column":11}},"line":54}},"branchMap":{"0":{"loc":{"start":{"line":55,"column":12},"end":{"line":70,"column":13}},"type":"if","locations":[{"start":{"line":55,"column":12},"end":{"line":70,"column":13}},{"start":{"line":55,"column":12},"end":{"line":70,"column":13}}],"line":55},"1":{"loc":{"start":{"line":58,"column":16},"end":{"line":65,"column":17}},"type":"if","locations":[{"start":{"line":58,"column":16},"end":{"line":65,"column":17}},{"start":{"line":58,"column":16},"end":{"line":65,"column":17}}],"line":58}},"s":{"0":1,"1":1,"2":1,"3":1,"4":1,"5":1,"6":2,"7":2,"8":2,"9":2,"10":72,"11":72,"12":2,"13":1,"14":2,"15":2,"16":2,"17":2,"18":2,"19":0,"20":0,"21":1,"22":1,"23":1,"24":1,"25":1,"26":0,"27":0,"28":0,"29":0,"30":0,"31":0,"32":0,"33":0,"34":0,"35":0,"36":0,"37":1},"f":{"0":2,"1":2,"2":1,"3":0},"b":{"0":[0,0],"1":[0,0]},"_coverageSchema":"1a1c01bbd47fc00a2c39e90264f33305004495a9","hash":"d77044f3f51d55835abf653aab37964cfa3a4a2b","contentHash":"4dec08aa7a52eb157ea1927cb5b9dc135ce161757b18a753c0e043ae04649bf7"},"/home/teja/saiteja/minor_pro/test/samp.spec.js":{"path":"/home/teja/saiteja/minor_pro/test/samp.spec.js","statementMap":{"0":{"start":{"line":1,"column":13},"end":{"line":1,"column":28}},"1":{"start":{"line":2,"column":17},"end":{"line":2,"column":37}},"2":{"start":{"line":3,"column":14},"end":{"line":3,"column":30}},"3":{"start":{"line":4,"column":15},"end":{"line":4,"column":26}},"4":{"start":{"line":5,"column":12},"end":{"line":5,"column":30}},"5":{"start":{"line":6,"column":0},"end":{"line":6,"column":19}},"6":{"start":{"line":7,"column":41},"end":{"line":7,"column":80}},"7":{"start":{"line":9,"column":0},"end":{"line":42,"column":3}},"8":{"start":{"line":12,"column":4},"end":{"line":20,"column":7}},"9":{"start":{"line":13,"column":8},"end":{"line":13,"column":40}},"10":{"start":{"line":21,"column":4},"end":{"line":23,"column":6}},"11":{"start":{"line":22,"column":8},"end":{"line":22,"column":26}},"12":{"start":{"line":24,"column":4},"end":{"line":32,"column":7}},"13":{"start":{"line":25,"column":8},"end":{"line":27,"column":11}},"14":{"start":{"line":29,"column":24},"end":{"line":29,"column":49}},"15":{"start":{"line":30,"column":8},"end":{"line":30,"column":31}},"16":{"start":{"line":31,"column":8},"end":{"line":31,"column":35}},"17":{"start":{"line":34,"column":4},"end":{"line":41,"column":7}},"18":{"start":{"line":35,"column":22},"end":{"line":35,"column":45}},"19":{"start":{"line":36,"column":8},"end":{"line":38,"column":11}},"20":{"start":{"line":39,"column":19},"end":{"line":39,"column":44}},"21":{"start":{"line":40,"column":8},"end":{"line":40,"column":29}},"22":{"start":{"line":45,"column":0},"end":{"line":153,"column":3}},"23":{"start":{"line":48,"column":4},"end":{"line":50,"column":7}},"24":{"start":{"line":49,"column":8},"end":{"line":49,"column":40}},"25":{"start":{"line":52,"column":4},"end":{"line":54,"column":7}},"26":{"start":{"line":53,"column":8},"end":{"line":53,"column":26}},"27":{"start":{"line":56,"column":4},"end":{"line":97,"column":7}},"28":{"start":{"line":58,"column":20},"end":{"line":62,"column":9}},"29":{"start":{"line":64,"column":20},"end":{"line":68,"column":9}},"30":{"start":{"line":69,"column":8},"end":{"line":78,"column":11}},"31":{"start":{"line":71,"column":29},"end":{"line":73,"column":17}},"32":{"start":{"line":74,"column":16},"end":{"line":76,"column":22}},"33":{"start":{"line":75,"column":20},"end":{"line":75,"column":41}},"34":{"start":{"line":93,"column":8},"end":{"line":93,"column":36}},"35":{"start":{"line":95,"column":8},"end":{"line":95,"column":48}},"36":{"start":{"line":96,"column":8},"end":{"line":96,"column":89}}},"fnMap":{"0":{"name":"(anonymous_0)","decl":{"start":{"line":9,"column":30},"end":{"line":9,"column":31}},"loc":{"start":{"line":9,"column":36},"end":{"line":42,"column":1}},"line":9},"1":{"name":"(anonymous_1)","decl":{"start":{"line":12,"column":15},"end":{"line":12,"column":16}},"loc":{"start":{"line":12,"column":21},"end":{"line":20,"column":5}},"line":12},"2":{"name":"(anonymous_2)","decl":{"start":{"line":21,"column":14},"end":{"line":21,"column":15}},"loc":{"start":{"line":21,"column":18},"end":{"line":23,"column":5}},"line":21},"3":{"name":"(anonymous_3)","decl":{"start":{"line":24,"column":72},"end":{"line":24,"column":73}},"loc":{"start":{"line":24,"column":84},"end":{"line":32,"column":5}},"line":24},"4":{"name":"(anonymous_4)","decl":{"start":{"line":34,"column":67},"end":{"line":34,"column":68}},"loc":{"start":{"line":34,"column":79},"end":{"line":41,"column":5}},"line":34},"5":{"name":"(anonymous_5)","decl":{"start":{"line":45,"column":24},"end":{"line":45,"column":25}},"loc":{"start":{"line":45,"column":30},"end":{"line":153,"column":1}},"line":45},"6":{"name":"(anonymous_6)","decl":{"start":{"line":48,"column":15},"end":{"line":48,"column":16}},"loc":{"start":{"line":48,"column":21},"end":{"line":50,"column":5}},"line":48},"7":{"name":"(anonymous_7)","decl":{"start":{"line":52,"column":14},"end":{"line":52,"column":15}},"loc":{"start":{"line":52,"column":20},"end":{"line":54,"column":5}},"line":52},"8":{"name":"(anonymous_8)","decl":{"start":{"line":56,"column":67},"end":{"line":56,"column":68}},"loc":{"start":{"line":56,"column":79},"end":{"line":97,"column":5}},"line":56},"9":{"name":"(anonymous_9)","decl":{"start":{"line":70,"column":68},"end":{"line":70,"column":69}},"loc":{"start":{"line":70,"column":90},"end":{"line":77,"column":13}},"line":70},"10":{"name":"(anonymous_10)","decl":{"start":{"line":74,"column":27},"end":{"line":74,"column":28}},"loc":{"start":{"line":74,"column":33},"end":{"line":76,"column":17}},"line":74}},"branchMap":{},"s":{"0":1,"1":1,"2":1,"3":1,"4":1,"5":1,"6":1,"7":1,"8":1,"9":2,"10":1,"11":2,"12":1,"13":1,"14":1,"15":1,"16":1,"17":1,"18":1,"19":1,"20":1,"21":1,"22":1,"23":1,"24":1,"25":1,"26":1,"27":1,"28":1,"29":1,"30":1,"31":0,"32":0,"33":0,"34":1,"35":1,"36":1},"f":{"0":1,"1":2,"2":2,"3":1,"4":1,"5":1,"6":1,"7":1,"8":1,"9":0,"10":0},"b":{},"_coverageSchema":"1a1c01bbd47fc00a2c39e90264f33305004495a9","hash":"d9e73cbac74aeb53f7c558b560784a0bdc9a8994","contentHash":"f0e41da2c283061b9f38e29f2302e1ffa91576a6b0542ef6c5e6635fd389c06f"}}