{"/home/teja/saiteja/minor_pro/app.js":{"path":"/home/teja/saiteja/minor_pro/app.js","statementMap":{"0":{"start":{"line":1,"column":0},"end":{"line":1,"column":26}},"1":{"start":{"line":2,"column":19},"end":{"line":2,"column":41}},"2":{"start":{"line":3,"column":13},"end":{"line":3,"column":28}},"3":{"start":{"line":4,"column":13},"end":{"line":4,"column":28}},"4":{"start":{"line":5,"column":16},"end":{"line":5,"column":34}},"5":{"start":{"line":6,"column":12},"end":{"line":6,"column":21}},"6":{"start":{"line":7,"column":21},"end":{"line":7,"column":45}},"7":{"start":{"line":8,"column":0},"end":{"line":8,"column":24}},"8":{"start":{"line":9,"column":0},"end":{"line":9,"column":30}},"9":{"start":{"line":11,"column":0},"end":{"line":11,"column":37}},"10":{"start":{"line":12,"column":0},"end":{"line":12,"column":55}},"11":{"start":{"line":14,"column":0},"end":{"line":14,"column":44}},"12":{"start":{"line":15,"column":0},"end":{"line":17,"column":4}},"13":{"start":{"line":19,"column":0},"end":{"line":21,"column":2}},"14":{"start":{"line":20,"column":4},"end":{"line":20,"column":59}},"15":{"start":{"line":23,"column":23},"end":{"line":23,"column":60}},"16":{"start":{"line":24,"column":0},"end":{"line":24,"column":43}},"17":{"start":{"line":26,"column":20},"end":{"line":26,"column":54}},"18":{"start":{"line":27,"column":21},"end":{"line":27,"column":55}},"19":{"start":{"line":28,"column":0},"end":{"line":28,"column":36}},"20":{"start":{"line":29,"column":0},"end":{"line":29,"column":30}},"21":{"start":{"line":30,"column":13},"end":{"line":30,"column":37}},"22":{"start":{"line":31,"column":0},"end":{"line":31,"column":63}},"23":{"start":{"line":31,"column":23},"end":{"line":31,"column":62}}},"fnMap":{"0":{"name":"(anonymous_0)","decl":{"start":{"line":19,"column":18},"end":{"line":19,"column":19}},"loc":{"start":{"line":19,"column":32},"end":{"line":21,"column":1}},"line":19},"1":{"name":"(anonymous_1)","decl":{"start":{"line":31,"column":17},"end":{"line":31,"column":18}},"loc":{"start":{"line":31,"column":23},"end":{"line":31,"column":62}},"line":31}},"branchMap":{"0":{"loc":{"start":{"line":30,"column":13},"end":{"line":30,"column":37}},"type":"binary-expr","locations":[{"start":{"line":30,"column":13},"end":{"line":30,"column":29}},{"start":{"line":30,"column":33},"end":{"line":30,"column":37}}],"line":30}},"s":{"0":0,"1":0,"2":0,"3":0,"4":0,"5":0,"6":0,"7":0,"8":0,"9":0,"10":0,"11":0,"12":0,"13":0,"14":0,"15":0,"16":0,"17":0,"18":0,"19":0,"20":0,"21":0,"22":0,"23":0},"f":{"0":0,"1":0},"b":{"0":[0,0]},"all":true},"/home/teja/saiteja/minor_pro/config/aws.js":{"path":"/home/teja/saiteja/minor_pro/config/aws.js","statementMap":{"0":{"start":{"line":1,"column":12},"end":{"line":1,"column":30}},"1":{"start":{"line":2,"column":11},"end":{"line":2,"column":24}},"2":{"start":{"line":3,"column":0},"end":{"line":3,"column":26}},"3":{"start":{"line":5,"column":0},"end":{"line":11,"column":9}},"4":{"start":{"line":14,"column":20},"end":{"line":14,"column":41}},"5":{"start":{"line":15,"column":0},"end":{"line":15,"column":26}}},"fnMap":{},"branchMap":{},"s":{"0":0,"1":0,"2":0,"3":0,"4":0,"5":0},"f":{},"b":{},"all":true},"/home/teja/saiteja/minor_pro/config/database.js":{"path":"/home/teja/saiteja/minor_pro/config/database.js","statementMap":{"0":{"start":{"line":1,"column":24},"end":{"line":1,"column":42}},"1":{"start":{"line":2,"column":0},"end":{"line":2,"column":26}},"2":{"start":{"line":3,"column":20},"end":{"line":3,"column":162}},"3":{"start":{"line":4,"column":0},"end":{"line":4,"column":33}}},"fnMap":{},"branchMap":{},"s":{"0":0,"1":0,"2":0,"3":0},"f":{},"b":{},"all":true},"/home/teja/saiteja/minor_pro/config/s3.js":{"path":"/home/teja/saiteja/minor_pro/config/s3.js","statementMap":{"0":{"start":{"line":1,"column":12},"end":{"line":1,"column":30}},"1":{"start":{"line":2,"column":0},"end":{"line":2,"column":27}},"2":{"start":{"line":5,"column":0},"end":{"line":11,"column":9}},"3":{"start":{"line":16,"column":11},"end":{"line":16,"column":23}},"4":{"start":{"line":18,"column":0},"end":{"line":18,"column":21}}},"fnMap":{},"branchMap":{},"s":{"0":0,"1":0,"2":0,"3":0,"4":0},"f":{},"b":{},"all":true},"/home/teja/saiteja/minor_pro/controller/accrejController.js":{"path":"/home/teja/saiteja/minor_pro/controller/accrejController.js","statementMap":{"0":{"start":{"line":1,"column":43},"end":{"line":1,"column":74}},"1":{"start":{"line":3,"column":15},"end":{"line":27,"column":1}},"2":{"start":{"line":4,"column":4},"end":{"line":4,"column":30}},"3":{"start":{"line":5,"column":16},"end":{"line":5,"column":28}},"4":{"start":{"line":6,"column":4},"end":{"line":24,"column":5}},"5":{"start":{"line":7,"column":24},"end":{"line":7,"column":26}},"6":{"start":{"line":8,"column":8},"end":{"line":17,"column":9}},"7":{"start":{"line":9,"column":24},"end":{"line":9,"column":52}},"8":{"start":{"line":10,"column":12},"end":{"line":15,"column":13}},"9":{"start":{"line":11,"column":16},"end":{"line":11,"column":104}},"10":{"start":{"line":14,"column":16},"end":{"line":14,"column":69}},"11":{"start":{"line":16,"column":12},"end":{"line":16,"column":38}},"12":{"start":{"line":18,"column":8},"end":{"line":18,"column":38}},"13":{"start":{"line":19,"column":8},"end":{"line":19,"column":39}},"14":{"start":{"line":22,"column":8},"end":{"line":22,"column":39}},"15":{"start":{"line":23,"column":8},"end":{"line":23,"column":83}},"16":{"start":{"line":30,"column":15},"end":{"line":49,"column":1}},"17":{"start":{"line":31,"column":4},"end":{"line":31,"column":29}},"18":{"start":{"line":32,"column":16},"end":{"line":32,"column":28}},"19":{"start":{"line":33,"column":4},"end":{"line":42,"column":5}},"20":{"start":{"line":34,"column":8},"end":{"line":37,"column":9}},"21":{"start":{"line":35,"column":24},"end":{"line":35,"column":47}},"22":{"start":{"line":36,"column":12},"end":{"line":36,"column":37}},"23":{"start":{"line":38,"column":8},"end":{"line":38,"column":91}},"24":{"start":{"line":40,"column":8},"end":{"line":40,"column":39}},"25":{"start":{"line":41,"column":8},"end":{"line":41,"column":83}},"26":{"start":{"line":54,"column":0},"end":{"line":54,"column":31}}},"fnMap":{"0":{"name":"(anonymous_0)","decl":{"start":{"line":3,"column":15},"end":{"line":3,"column":16}},"loc":{"start":{"line":3,"column":35},"end":{"line":27,"column":1}},"line":3},"1":{"name":"(anonymous_1)","decl":{"start":{"line":30,"column":15},"end":{"line":30,"column":16}},"loc":{"start":{"line":30,"column":35},"end":{"line":49,"column":1}},"line":30}},"branchMap":{"0":{"loc":{"start":{"line":10,"column":12},"end":{"line":15,"column":13}},"type":"if","locations":[{"start":{"line":10,"column":12},"end":{"line":15,"column":13}},{"start":{"line":10,"column":12},"end":{"line":15,"column":13}}],"line":10}},"s":{"0":0,"1":0,"2":0,"3":0,"4":0,"5":0,"6":0,"7":0,"8":0,"9":0,"10":0,"11":0,"12":0,"13":0,"14":0,"15":0,"16":0,"17":0,"18":0,"19":0,"20":0,"21":0,"22":0,"23":0,"24":0,"25":0,"26":0},"f":{"0":0,"1":0},"b":{"0":[0,0]},"all":true},"/home/teja/saiteja/minor_pro/controller/attendanceView.js":{"path":"/home/teja/saiteja/minor_pro/controller/attendanceView.js","statementMap":{"0":{"start":{"line":1,"column":24},"end":{"line":1,"column":53}},"1":{"start":{"line":2,"column":14},"end":{"line":2,"column":30}},"2":{"start":{"line":5,"column":4},"end":{"line":41,"column":5}},"3":{"start":{"line":6,"column":8},"end":{"line":6,"column":45}},"4":{"start":{"line":7,"column":20},"end":{"line":7,"column":48}},"5":{"start":{"line":8,"column":8},"end":{"line":8,"column":60}},"6":{"start":{"line":9,"column":23},"end":{"line":9,"column":87}},"7":{"start":{"line":10,"column":8},"end":{"line":10,"column":28}},"8":{"start":{"line":12,"column":25},"end":{"line":15,"column":10}},"9":{"start":{"line":18,"column":8},"end":{"line":18,"column":29}},"10":{"start":{"line":19,"column":8},"end":{"line":36,"column":5}},"11":{"start":{"line":20,"column":12},"end":{"line":35,"column":9}},"12":{"start":{"line":22,"column":24},"end":{"line":25,"column":14}},"13":{"start":{"line":28,"column":12},"end":{"line":28,"column":59}},"14":{"start":{"line":29,"column":12},"end":{"line":29,"column":51}},"15":{"start":{"line":30,"column":12},"end":{"line":30,"column":18}},"16":{"start":{"line":33,"column":12},"end":{"line":33,"column":31}},"17":{"start":{"line":34,"column":12},"end":{"line":34,"column":100}},"18":{"start":{"line":39,"column":8},"end":{"line":39,"column":54}},"19":{"start":{"line":40,"column":8},"end":{"line":40,"column":74}},"20":{"start":{"line":43,"column":4},"end":{"line":43,"column":52}},"21":{"start":{"line":45,"column":0},"end":{"line":45,"column":29}}},"fnMap":{"0":{"name":"attendance","decl":{"start":{"line":3,"column":15},"end":{"line":3,"column":25}},"loc":{"start":{"line":3,"column":34},"end":{"line":44,"column":1}},"line":3}},"branchMap":{"0":{"loc":{"start":{"line":19,"column":8},"end":{"line":36,"column":5}},"type":"if","locations":[{"start":{"line":19,"column":8},"end":{"line":36,"column":5}},{"start":{"line":19,"column":8},"end":{"line":36,"column":5}}],"line":19},"1":{"loc":{"start":{"line":19,"column":11},"end":{"line":19,"column":57}},"type":"binary-expr","locations":[{"start":{"line":19,"column":11},"end":{"line":19,"column":33}},{"start":{"line":19,"column":38},"end":{"line":19,"column":57}}],"line":19}},"s":{"0":0,"1":0,"2":0,"3":0,"4":0,"5":0,"6":0,"7":0,"8":0,"9":0,"10":0,"11":0,"12":0,"13":0,"14":0,"15":0,"16":0,"17":0,"18":0,"19":0,"20":0,"21":0},"f":{"0":0},"b":{"0":[0,0],"1":[0,0]},"all":true},"/home/teja/saiteja/minor_pro/controller/cookieController.js":{"path":"/home/teja/saiteja/minor_pro/controller/cookieController.js","statementMap":{"0":{"start":{"line":2,"column":21},"end":{"line":2,"column":45}},"1":{"start":{"line":3,"column":19},"end":{"line":3,"column":41}},"2":{"start":{"line":4,"column":11},"end":{"line":4,"column":26}},"3":{"start":{"line":5,"column":12},"end":{"line":5,"column":35}},"4":{"start":{"line":6,"column":18},"end":{"line":6,"column":66}},"5":{"start":{"line":19,"column":13},"end":{"line":28,"column":1}},"6":{"start":{"line":20,"column":20},"end":{"line":20,"column":28}},"7":{"start":{"line":21,"column":4},"end":{"line":27,"column":5}},"8":{"start":{"line":22,"column":24},"end":{"line":22,"column":53}},"9":{"start":{"line":23,"column":8},"end":{"line":23,"column":81}},"10":{"start":{"line":26,"column":8},"end":{"line":26,"column":53}},"11":{"start":{"line":30,"column":0},"end":{"line":30,"column":23}}},"fnMap":{"0":{"name":"(anonymous_0)","decl":{"start":{"line":19,"column":13},"end":{"line":19,"column":14}},"loc":{"start":{"line":19,"column":32},"end":{"line":28,"column":1}},"line":19}},"branchMap":{},"s":{"0":0,"1":0,"2":0,"3":0,"4":0,"5":0,"6":0,"7":0,"8":0,"9":0,"10":0,"11":0},"f":{"0":0},"b":{},"all":true},"/home/teja/saiteja/minor_pro/controller/dashboardController.js":{"path":"/home/teja/saiteja/minor_pro/controller/dashboardController.js","statementMap":{"0":{"start":{"line":1,"column":12},"end":{"line":1,"column":35}},"1":{"start":{"line":2,"column":18},"end":{"line":2,"column":66}},"2":{"start":{"line":3,"column":18},"end":{"line":25,"column":1}},"3":{"start":{"line":4,"column":17},"end":{"line":4,"column":30}},"4":{"start":{"line":5,"column":17},"end":{"line":5,"column":30}},"5":{"start":{"line":6,"column":4},"end":{"line":8,"column":5}},"6":{"start":{"line":7,"column":8},"end":{"line":7,"column":80}},"7":{"start":{"line":10,"column":4},"end":{"line":10,"column":22}},"8":{"start":{"line":11,"column":4},"end":{"line":11,"column":22}},"9":{"start":{"line":13,"column":4},"end":{"line":24,"column":5}},"10":{"start":{"line":15,"column":22},"end":{"line":15,"column":79}},"11":{"start":{"line":18,"column":8},"end":{"line":21,"column":11}},"12":{"start":{"line":23,"column":8},"end":{"line":23,"column":72}},"13":{"start":{"line":26,"column":0},"end":{"line":26,"column":28}}},"fnMap":{"0":{"name":"(anonymous_0)","decl":{"start":{"line":3,"column":18},"end":{"line":3,"column":19}},"loc":{"start":{"line":3,"column":32},"end":{"line":25,"column":1}},"line":3}},"branchMap":{"0":{"loc":{"start":{"line":6,"column":4},"end":{"line":8,"column":5}},"type":"if","locations":[{"start":{"line":6,"column":4},"end":{"line":8,"column":5}},{"start":{"line":6,"column":4},"end":{"line":8,"column":5}}],"line":6},"1":{"loc":{"start":{"line":6,"column":8},"end":{"line":6,"column":22}},"type":"binary-expr","locations":[{"start":{"line":6,"column":8},"end":{"line":6,"column":13}},{"start":{"line":6,"column":17},"end":{"line":6,"column":22}}],"line":6},"2":{"loc":{"start":{"line":13,"column":4},"end":{"line":24,"column":5}},"type":"if","locations":[{"start":{"line":13,"column":4},"end":{"line":24,"column":5}},{"start":{"line":13,"column":4},"end":{"line":24,"column":5}}],"line":13},"3":{"loc":{"start":{"line":13,"column":8},"end":{"line":13,"column":45}},"type":"binary-expr","locations":[{"start":{"line":13,"column":8},"end":{"line":13,"column":26}},{"start":{"line":13,"column":30},"end":{"line":13,"column":45}}],"line":13}},"s":{"0":0,"1":0,"2":0,"3":0,"4":0,"5":0,"6":0,"7":0,"8":0,"9":0,"10":0,"11":0,"12":0,"13":0},"f":{"0":0},"b":{"0":[0,0],"1":[0,0],"2":[0,0],"3":[0,0]},"all":true},"/home/teja/saiteja/minor_pro/controller/deleteController.js":{"path":"/home/teja/saiteja/minor_pro/controller/deleteController.js","statementMap":{"0":{"start":{"line":1,"column":0},"end":{"line":1,"column":27}},"1":{"start":{"line":2,"column":20},"end":{"line":2,"column":44}},"2":{"start":{"line":3,"column":24},"end":{"line":3,"column":53}},"3":{"start":{"line":4,"column":14},"end":{"line":4,"column":30}},"4":{"start":{"line":7,"column":4},"end":{"line":64,"column":5}},"5":{"start":{"line":8,"column":6},"end":{"line":8,"column":43}},"6":{"start":{"line":9,"column":17},"end":{"line":9,"column":45}},"7":{"start":{"line":11,"column":27},"end":{"line":11,"column":52}},"8":{"start":{"line":12,"column":24},"end":{"line":12,"column":42}},"9":{"start":{"line":13,"column":6},"end":{"line":13,"column":40}},"10":{"start":{"line":14,"column":6},"end":{"line":55,"column":7}},"11":{"start":{"line":15,"column":27},"end":{"line":15,"column":76}},"12":{"start":{"line":16,"column":28},"end":{"line":16,"column":61}},"13":{"start":{"line":17,"column":29},"end":{"line":19,"column":9}},"14":{"start":{"line":20,"column":29},"end":{"line":20,"column":82}},"15":{"start":{"line":21,"column":8},"end":{"line":50,"column":9}},"16":{"start":{"line":22,"column":31},"end":{"line":25,"column":11}},"17":{"start":{"line":26,"column":10},"end":{"line":26,"column":36}},"18":{"start":{"line":27,"column":31},"end":{"line":27,"column":91}},"19":{"start":{"line":28,"column":10},"end":{"line":28,"column":35}},"20":{"start":{"line":29,"column":10},"end":{"line":45,"column":11}},"21":{"start":{"line":30,"column":27},"end":{"line":30,"column":66}},"22":{"start":{"line":31,"column":21},"end":{"line":31,"column":111}},"23":{"start":{"line":32,"column":12},"end":{"line":32,"column":46}},"24":{"start":{"line":33,"column":12},"end":{"line":33,"column":37}},"25":{"start":{"line":34,"column":27},"end":{"line":34,"column":95}},"26":{"start":{"line":35,"column":12},"end":{"line":35,"column":31}},"27":{"start":{"line":36,"column":12},"end":{"line":36,"column":89}},"28":{"start":{"line":37,"column":12},"end":{"line":37,"column":43}},"29":{"start":{"line":39,"column":12},"end":{"line":41,"column":134}},"30":{"start":{"line":40,"column":12},"end":{"line":40,"column":55}},"31":{"start":{"line":41,"column":12},"end":{"line":41,"column":133}},"32":{"start":{"line":43,"column":12},"end":{"line":43,"column":50}},"33":{"start":{"line":44,"column":12},"end":{"line":44,"column":89}},"34":{"start":{"line":46,"column":15},"end":{"line":50,"column":9}},"35":{"start":{"line":47,"column":10},"end":{"line":47,"column":117}},"36":{"start":{"line":49,"column":10},"end":{"line":49,"column":103}},"37":{"start":{"line":53,"column":8},"end":{"line":53,"column":51}},"38":{"start":{"line":54,"column":8},"end":{"line":54,"column":87}},"39":{"start":{"line":57,"column":6},"end":{"line":57,"column":37}},"40":{"start":{"line":58,"column":6},"end":{"line":58,"column":81}},"41":{"start":{"line":61,"column":6},"end":{"line":63,"column":7}},"42":{"start":{"line":62,"column":8},"end":{"line":62,"column":29}},"43":{"start":{"line":66,"column":0},"end":{"line":66,"column":37}}},"fnMap":{"0":{"name":"searchFacesAndDelete","decl":{"start":{"line":5,"column":15},"end":{"line":5,"column":35}},"loc":{"start":{"line":5,"column":46},"end":{"line":65,"column":3}},"line":5}},"branchMap":{"0":{"loc":{"start":{"line":14,"column":6},"end":{"line":55,"column":7}},"type":"if","locations":[{"start":{"line":14,"column":6},"end":{"line":55,"column":7}},{"start":{"line":14,"column":6},"end":{"line":55,"column":7}}],"line":14},"1":{"loc":{"start":{"line":21,"column":8},"end":{"line":50,"column":9}},"type":"if","locations":[{"start":{"line":21,"column":8},"end":{"line":50,"column":9}},{"start":{"line":21,"column":8},"end":{"line":50,"column":9}}],"line":21},"2":{"loc":{"start":{"line":21,"column":12},"end":{"line":21,"column":77}},"type":"binary-expr","locations":[{"start":{"line":21,"column":12},"end":{"line":21,"column":36}},{"start":{"line":21,"column":40},"end":{"line":21,"column":77}}],"line":21},"3":{"loc":{"start":{"line":29,"column":10},"end":{"line":45,"column":11}},"type":"if","locations":[{"start":{"line":29,"column":10},"end":{"line":45,"column":11}},{"start":{"line":29,"column":10},"end":{"line":45,"column":11}}],"line":29},"4":{"loc":{"start":{"line":29,"column":14},"end":{"line":29,"column":77}},"type":"binary-expr","locations":[{"start":{"line":29,"column":14},"end":{"line":29,"column":38}},{"start":{"line":29,"column":42},"end":{"line":29,"column":77}}],"line":29},"5":{"loc":{"start":{"line":39,"column":12},"end":{"line":41,"column":134}},"type":"if","locations":[{"start":{"line":39,"column":12},"end":{"line":41,"column":134}},{"start":{"line":39,"column":12},"end":{"line":41,"column":134}}],"line":39},"6":{"loc":{"start":{"line":46,"column":15},"end":{"line":50,"column":9}},"type":"if","locations":[{"start":{"line":46,"column":15},"end":{"line":50,"column":9}},{"start":{"line":46,"column":15},"end":{"line":50,"column":9}}],"line":46},"7":{"loc":{"start":{"line":46,"column":19},"end":{"line":46,"column":82}},"type":"binary-expr","locations":[{"start":{"line":46,"column":19},"end":{"line":46,"column":43}},{"start":{"line":46,"column":47},"end":{"line":46,"column":82}}],"line":46},"8":{"loc":{"start":{"line":61,"column":6},"end":{"line":63,"column":7}},"type":"if","locations":[{"start":{"line":61,"column":6},"end":{"line":63,"column":7}},{"start":{"line":61,"column":6},"end":{"line":63,"column":7}}],"line":61}},"s":{"0":0,"1":0,"2":0,"3":0,"4":0,"5":0,"6":0,"7":0,"8":0,"9":0,"10":0,"11":0,"12":0,"13":0,"14":0,"15":0,"16":0,"17":0,"18":0,"19":0,"20":0,"21":0,"22":0,"23":0,"24":0,"25":0,"26":0,"27":0,"28":0,"29":0,"30":0,"31":0,"32":0,"33":0,"34":0,"35":0,"36":0,"37":0,"38":0,"39":0,"40":0,"41":0,"42":0,"43":0},"f":{"0":0},"b":{"0":[0,0],"1":[0,0],"2":[0,0],"3":[0,0],"4":[0,0],"5":[0,0],"6":[0,0],"7":[0,0],"8":[0,0]},"all":true},"/home/teja/saiteja/minor_pro/controller/deletePersonController.js":{"path":"/home/teja/saiteja/minor_pro/controller/deletePersonController.js","statementMap":{"0":{"start":{"line":1,"column":31},"end":{"line":1,"column":60}},"1":{"start":{"line":2,"column":19},"end":{"line":11,"column":1}},"2":{"start":{"line":3,"column":4},"end":{"line":9,"column":5}},"3":{"start":{"line":4,"column":8},"end":{"line":4,"column":45}},"4":{"start":{"line":5,"column":8},"end":{"line":5,"column":23}},"5":{"start":{"line":7,"column":8},"end":{"line":7,"column":39}},"6":{"start":{"line":8,"column":8},"end":{"line":8,"column":83}},"7":{"start":{"line":12,"column":0},"end":{"line":12,"column":30}}},"fnMap":{"0":{"name":"(anonymous_0)","decl":{"start":{"line":2,"column":19},"end":{"line":2,"column":20}},"loc":{"start":{"line":2,"column":35},"end":{"line":11,"column":1}},"line":2}},"branchMap":{},"s":{"0":0,"1":0,"2":0,"3":0,"4":0,"5":0,"6":0,"7":0},"f":{"0":0},"b":{},"all":true},"/home/teja/saiteja/minor_pro/controller/getMembers.js":{"path":"/home/teja/saiteja/minor_pro/controller/getMembers.js","statementMap":{"0":{"start":{"line":1,"column":22},"end":{"line":1,"column":51}},"1":{"start":{"line":4,"column":4},"end":{"line":22,"column":5}},"2":{"start":{"line":5,"column":8},"end":{"line":5,"column":45}},"3":{"start":{"line":6,"column":19},"end":{"line":6,"column":47}},"4":{"start":{"line":7,"column":26},"end":{"line":7,"column":28}},"5":{"start":{"line":8,"column":22},"end":{"line":8,"column":59}},"6":{"start":{"line":9,"column":8},"end":{"line":11,"column":11}},"7":{"start":{"line":10,"column":12},"end":{"line":10,"column":41}},"8":{"start":{"line":14,"column":8},"end":{"line":14,"column":31}},"9":{"start":{"line":15,"column":8},"end":{"line":15,"column":40}},"10":{"start":{"line":20,"column":8},"end":{"line":20,"column":79}},"11":{"start":{"line":25,"column":0},"end":{"line":25,"column":26}}},"fnMap":{"0":{"name":"members","decl":{"start":{"line":2,"column":15},"end":{"line":2,"column":22}},"loc":{"start":{"line":2,"column":31},"end":{"line":24,"column":1}},"line":2},"1":{"name":"(anonymous_1)","decl":{"start":{"line":9,"column":29},"end":{"line":9,"column":30}},"loc":{"start":{"line":9,"column":36},"end":{"line":11,"column":9}},"line":9}},"branchMap":{},"s":{"0":0,"1":0,"2":0,"3":0,"4":0,"5":0,"6":0,"7":0,"8":0,"9":0,"10":0,"11":0},"f":{"0":0,"1":0},"b":{},"all":true},"/home/teja/saiteja/minor_pro/controller/liveController.js":{"path":"/home/teja/saiteja/minor_pro/controller/liveController.js","statementMap":{"0":{"start":{"line":1,"column":12},"end":{"line":1,"column":30}},"1":{"start":{"line":2,"column":0},"end":{"line":2,"column":27}},"2":{"start":{"line":3,"column":15},"end":{"line":3,"column":32}},"3":{"start":{"line":4,"column":0},"end":{"line":10,"column":3}},"4":{"start":{"line":11,"column":0},"end":{"line":11,"column":31}},"5":{"start":{"line":13,"column":20},"end":{"line":13,"column":41}},"6":{"start":{"line":17,"column":18},"end":{"line":17,"column":82}},"7":{"start":{"line":18,"column":23},"end":{"line":18,"column":25}},"8":{"start":{"line":19,"column":4},"end":{"line":22,"column":5}},"9":{"start":{"line":19,"column":17},"end":{"line":19,"column":18}},"10":{"start":{"line":20,"column":28},"end":{"line":20,"column":61}},"11":{"start":{"line":21,"column":8},"end":{"line":21,"column":50}},"12":{"start":{"line":23,"column":4},"end":{"line":23,"column":24}},"13":{"start":{"line":27,"column":26},"end":{"line":46,"column":1}},"14":{"start":{"line":28,"column":22},"end":{"line":28,"column":46}},"15":{"start":{"line":29,"column":19},"end":{"line":37,"column":5}},"16":{"start":{"line":39,"column":4},"end":{"line":45,"column":5}},"17":{"start":{"line":40,"column":19},"end":{"line":40,"column":80}},"18":{"start":{"line":41,"column":8},"end":{"line":41,"column":31}},"19":{"start":{"line":43,"column":8},"end":{"line":43,"column":61}},"20":{"start":{"line":44,"column":8},"end":{"line":44,"column":49}},"21":{"start":{"line":47,"column":18},"end":{"line":78,"column":1}},"22":{"start":{"line":48,"column":20},"end":{"line":48,"column":39}},"23":{"start":{"line":49,"column":4},"end":{"line":49,"column":26}},"24":{"start":{"line":51,"column":8},"end":{"line":75,"column":9}},"25":{"start":{"line":52,"column":23},"end":{"line":71,"column":12}},"26":{"start":{"line":55,"column":12},"end":{"line":70,"column":13}},"27":{"start":{"line":56,"column":16},"end":{"line":56,"column":33}},"28":{"start":{"line":57,"column":16},"end":{"line":57,"column":57}},"29":{"start":{"line":58,"column":16},"end":{"line":65,"column":17}},"30":{"start":{"line":59,"column":20},"end":{"line":60,"column":48}},"31":{"start":{"line":63,"column":20},"end":{"line":64,"column":52}},"32":{"start":{"line":67,"column":16},"end":{"line":67,"column":45}},"33":{"start":{"line":68,"column":16},"end":{"line":68,"column":32}},"34":{"start":{"line":69,"column":16},"end":{"line":69,"column":40}},"35":{"start":{"line":73,"column":10},"end":{"line":73,"column":62}},"36":{"start":{"line":74,"column":10},"end":{"line":74,"column":51}},"37":{"start":{"line":79,"column":0},"end":{"line":79,"column":47}}},"fnMap":{"0":{"name":"generateRandomString","decl":{"start":{"line":16,"column":9},"end":{"line":16,"column":29}},"loc":{"start":{"line":16,"column":38},"end":{"line":24,"column":1}},"line":16},"1":{"name":"(anonymous_1)","decl":{"start":{"line":27,"column":26},"end":{"line":27,"column":27}},"loc":{"start":{"line":27,"column":38},"end":{"line":46,"column":1}},"line":27},"2":{"name":"(anonymous_2)","decl":{"start":{"line":47,"column":18},"end":{"line":47,"column":19}},"loc":{"start":{"line":47,"column":35},"end":{"line":78,"column":1}},"line":47},"3":{"name":"(anonymous_3)","decl":{"start":{"line":54,"column":12},"end":{"line":54,"column":13}},"loc":{"start":{"line":54,"column":24},"end":{"line":71,"column":11}},"line":54}},"branchMap":{"0":{"loc":{"start":{"line":55,"column":12},"end":{"line":70,"column":13}},"type":"if","locations":[{"start":{"line":55,"column":12},"end":{"line":70,"column":13}},{"start":{"line":55,"column":12},"end":{"line":70,"column":13}}],"line":55},"1":{"loc":{"start":{"line":58,"column":16},"end":{"line":65,"column":17}},"type":"if","locations":[{"start":{"line":58,"column":16},"end":{"line":65,"column":17}},{"start":{"line":58,"column":16},"end":{"line":65,"column":17}}],"line":58}},"s":{"0":0,"1":0,"2":0,"3":0,"4":0,"5":0,"6":0,"7":0,"8":0,"9":0,"10":0,"11":0,"12":0,"13":0,"14":0,"15":0,"16":0,"17":0,"18":0,"19":0,"20":0,"21":0,"22":0,"23":0,"24":0,"25":0,"26":0,"27":0,"28":0,"29":0,"30":0,"31":0,"32":0,"33":0,"34":0,"35":0,"36":0,"37":0},"f":{"0":0,"1":0,"2":0,"3":0},"b":{"0":[0,0],"1":[0,0]},"all":true},"/home/teja/saiteja/minor_pro/controller/pendingController.js":{"path":"/home/teja/saiteja/minor_pro/controller/pendingController.js","statementMap":{"0":{"start":{"line":1,"column":24},"end":{"line":1,"column":53}},"1":{"start":{"line":5,"column":4},"end":{"line":27,"column":5}},"2":{"start":{"line":7,"column":8},"end":{"line":7,"column":45}},"3":{"start":{"line":8,"column":19},"end":{"line":8,"column":47}},"4":{"start":{"line":9,"column":32},"end":{"line":9,"column":101}},"5":{"start":{"line":11,"column":8},"end":{"line":15,"column":9}},"6":{"start":{"line":12,"column":12},"end":{"line":12,"column":109}},"7":{"start":{"line":14,"column":12},"end":{"line":14,"column":92}},"8":{"start":{"line":17,"column":8},"end":{"line":17,"column":39}},"9":{"start":{"line":18,"column":8},"end":{"line":18,"column":83}},"10":{"start":{"line":20,"column":8},"end":{"line":26,"column":9}},"11":{"start":{"line":21,"column":8},"end":{"line":23,"column":9}},"12":{"start":{"line":22,"column":12},"end":{"line":22,"column":33}},"13":{"start":{"line":25,"column":12},"end":{"line":25,"column":86}},"14":{"start":{"line":30,"column":0},"end":{"line":30,"column":37}}},"fnMap":{"0":{"name":"pendingRequests","decl":{"start":{"line":3,"column":15},"end":{"line":3,"column":30}},"loc":{"start":{"line":3,"column":41},"end":{"line":28,"column":1}},"line":3}},"branchMap":{"0":{"loc":{"start":{"line":11,"column":8},"end":{"line":15,"column":9}},"type":"if","locations":[{"start":{"line":11,"column":8},"end":{"line":15,"column":9}},{"start":{"line":11,"column":8},"end":{"line":15,"column":9}}],"line":11},"1":{"loc":{"start":{"line":21,"column":8},"end":{"line":23,"column":9}},"type":"if","locations":[{"start":{"line":21,"column":8},"end":{"line":23,"column":9}},{"start":{"line":21,"column":8},"end":{"line":23,"column":9}}],"line":21}},"s":{"0":0,"1":0,"2":0,"3":0,"4":0,"5":0,"6":0,"7":0,"8":0,"9":0,"10":0,"11":0,"12":0,"13":0,"14":0},"f":{"0":0},"b":{"0":[0,0],"1":[0,0]},"all":true},"/home/teja/saiteja/minor_pro/controller/recognitionController.js":{"path":"/home/teja/saiteja/minor_pro/controller/recognitionController.js","statementMap":{"0":{"start":{"line":1,"column":0},"end":{"line":1,"column":27}},"1":{"start":{"line":2,"column":20},"end":{"line":2,"column":44}},"2":{"start":{"line":3,"column":24},"end":{"line":3,"column":53}},"3":{"start":{"line":4,"column":14},"end":{"line":4,"column":30}},"4":{"start":{"line":7,"column":2},"end":{"line":105,"column":3}},"5":{"start":{"line":8,"column":4},"end":{"line":8,"column":41}},"6":{"start":{"line":9,"column":15},"end":{"line":9,"column":43}},"7":{"start":{"line":11,"column":25},"end":{"line":11,"column":50}},"8":{"start":{"line":13,"column":22},"end":{"line":13,"column":40}},"9":{"start":{"line":15,"column":4},"end":{"line":96,"column":5}},"10":{"start":{"line":16,"column":25},"end":{"line":16,"column":74}},"11":{"start":{"line":19,"column":26},"end":{"line":19,"column":59}},"12":{"start":{"line":22,"column":27},"end":{"line":24,"column":7}},"13":{"start":{"line":25,"column":27},"end":{"line":25,"column":80}},"14":{"start":{"line":26,"column":6},"end":{"line":26,"column":31}},"15":{"start":{"line":27,"column":6},"end":{"line":91,"column":7}},"16":{"start":{"line":29,"column":29},"end":{"line":32,"column":9}},"17":{"start":{"line":33,"column":29},"end":{"line":33,"column":89}},"18":{"start":{"line":36,"column":8},"end":{"line":86,"column":9}},"19":{"start":{"line":37,"column":25},"end":{"line":37,"column":64}},"20":{"start":{"line":38,"column":25},"end":{"line":38,"column":81}},"21":{"start":{"line":40,"column":10},"end":{"line":40,"column":36}},"22":{"start":{"line":41,"column":27},"end":{"line":41,"column":89}},"23":{"start":{"line":42,"column":10},"end":{"line":42,"column":31}},"24":{"start":{"line":43,"column":10},"end":{"line":46,"column":11}},"25":{"start":{"line":44,"column":12},"end":{"line":44,"column":137}},"26":{"start":{"line":45,"column":12},"end":{"line":45,"column":19}},"27":{"start":{"line":47,"column":10},"end":{"line":81,"column":11}},"28":{"start":{"line":48,"column":12},"end":{"line":48,"column":38}},"29":{"start":{"line":49,"column":29},"end":{"line":52,"column":14}},"30":{"start":{"line":53,"column":12},"end":{"line":53,"column":33}},"31":{"start":{"line":54,"column":12},"end":{"line":76,"column":13}},"32":{"start":{"line":55,"column":14},"end":{"line":72,"column":13}},"33":{"start":{"line":56,"column":26},"end":{"line":60,"column":16}},"34":{"start":{"line":61,"column":14},"end":{"line":61,"column":31}},"35":{"start":{"line":62,"column":14},"end":{"line":68,"column":96}},"36":{"start":{"line":63,"column":14},"end":{"line":63,"column":99}},"37":{"start":{"line":64,"column":14},"end":{"line":64,"column":93}},"38":{"start":{"line":65,"column":14},"end":{"line":65,"column":54}},"39":{"start":{"line":68,"column":16},"end":{"line":68,"column":82}},"40":{"start":{"line":70,"column":14},"end":{"line":70,"column":61}},"41":{"start":{"line":71,"column":14},"end":{"line":71,"column":77}},"42":{"start":{"line":75,"column":14},"end":{"line":75,"column":84}},"43":{"start":{"line":79,"column":12},"end":{"line":79,"column":67}},"44":{"start":{"line":80,"column":12},"end":{"line":80,"column":82}},"45":{"start":{"line":85,"column":10},"end":{"line":85,"column":87}},"46":{"start":{"line":87,"column":13},"end":{"line":91,"column":7}},"47":{"start":{"line":88,"column":8},"end":{"line":88,"column":115}},"48":{"start":{"line":90,"column":8},"end":{"line":90,"column":101}},"49":{"start":{"line":94,"column":6},"end":{"line":94,"column":49}},"50":{"start":{"line":95,"column":6},"end":{"line":95,"column":85}},"51":{"start":{"line":98,"column":4},"end":{"line":98,"column":35}},"52":{"start":{"line":99,"column":4},"end":{"line":99,"column":79}},"53":{"start":{"line":102,"column":4},"end":{"line":104,"column":5}},"54":{"start":{"line":103,"column":6},"end":{"line":103,"column":27}},"55":{"start":{"line":108,"column":0},"end":{"line":108,"column":44}}},"fnMap":{"0":{"name":"searchFacesAndRetrieve","decl":{"start":{"line":5,"column":15},"end":{"line":5,"column":37}},"loc":{"start":{"line":5,"column":48},"end":{"line":106,"column":1}},"line":5}},"branchMap":{"0":{"loc":{"start":{"line":15,"column":4},"end":{"line":96,"column":5}},"type":"if","locations":[{"start":{"line":15,"column":4},"end":{"line":96,"column":5}},{"start":{"line":15,"column":4},"end":{"line":96,"column":5}}],"line":15},"1":{"loc":{"start":{"line":27,"column":6},"end":{"line":91,"column":7}},"type":"if","locations":[{"start":{"line":27,"column":6},"end":{"line":91,"column":7}},{"start":{"line":27,"column":6},"end":{"line":91,"column":7}}],"line":27},"2":{"loc":{"start":{"line":27,"column":10},"end":{"line":27,"column":75}},"type":"binary-expr","locations":[{"start":{"line":27,"column":10},"end":{"line":27,"column":34}},{"start":{"line":27,"column":38},"end":{"line":27,"column":75}}],"line":27},"3":{"loc":{"start":{"line":36,"column":8},"end":{"line":86,"column":9}},"type":"if","locations":[{"start":{"line":36,"column":8},"end":{"line":86,"column":9}},{"start":{"line":36,"column":8},"end":{"line":86,"column":9}}],"line":36},"4":{"loc":{"start":{"line":36,"column":12},"end":{"line":36,"column":75}},"type":"binary-expr","locations":[{"start":{"line":36,"column":12},"end":{"line":36,"column":36}},{"start":{"line":36,"column":40},"end":{"line":36,"column":75}}],"line":36},"5":{"loc":{"start":{"line":43,"column":10},"end":{"line":46,"column":11}},"type":"if","locations":[{"start":{"line":43,"column":10},"end":{"line":46,"column":11}},{"start":{"line":43,"column":10},"end":{"line":46,"column":11}}],"line":43},"6":{"loc":{"start":{"line":54,"column":12},"end":{"line":76,"column":13}},"type":"if","locations":[{"start":{"line":54,"column":12},"end":{"line":76,"column":13}},{"start":{"line":54,"column":12},"end":{"line":76,"column":13}}],"line":54},"7":{"loc":{"start":{"line":54,"column":15},"end":{"line":54,"column":61}},"type":"binary-expr","locations":[{"start":{"line":54,"column":15},"end":{"line":54,"column":37}},{"start":{"line":54,"column":42},"end":{"line":54,"column":61}}],"line":54},"8":{"loc":{"start":{"line":62,"column":14},"end":{"line":68,"column":96}},"type":"if","locations":[{"start":{"line":62,"column":14},"end":{"line":68,"column":96}},{"start":{"line":62,"column":14},"end":{"line":68,"column":96}}],"line":62},"9":{"loc":{"start":{"line":62,"column":17},"end":{"line":62,"column":58}},"type":"binary-expr","locations":[{"start":{"line":62,"column":17},"end":{"line":62,"column":34}},{"start":{"line":62,"column":38},"end":{"line":62,"column":58}}],"line":62},"10":{"loc":{"start":{"line":87,"column":13},"end":{"line":91,"column":7}},"type":"if","locations":[{"start":{"line":87,"column":13},"end":{"line":91,"column":7}},{"start":{"line":87,"column":13},"end":{"line":91,"column":7}}],"line":87},"11":{"loc":{"start":{"line":87,"column":17},"end":{"line":87,"column":80}},"type":"binary-expr","locations":[{"start":{"line":87,"column":17},"end":{"line":87,"column":41}},{"start":{"line":87,"column":45},"end":{"line":87,"column":80}}],"line":87},"12":{"loc":{"start":{"line":102,"column":4},"end":{"line":104,"column":5}},"type":"if","locations":[{"start":{"line":102,"column":4},"end":{"line":104,"column":5}},{"start":{"line":102,"column":4},"end":{"line":104,"column":5}}],"line":102}},"s":{"0":0,"1":0,"2":0,"3":0,"4":0,"5":0,"6":0,"7":0,"8":0,"9":0,"10":0,"11":0,"12":0,"13":0,"14":0,"15":0,"16":0,"17":0,"18":0,"19":0,"20":0,"21":0,"22":0,"23":0,"24":0,"25":0,"26":0,"27":0,"28":0,"29":0,"30":0,"31":0,"32":0,"33":0,"34":0,"35":0,"36":0,"37":0,"38":0,"39":0,"40":0,"41":0,"42":0,"43":0,"44":0,"45":0,"46":0,"47":0,"48":0,"49":0,"50":0,"51":0,"52":0,"53":0,"54":0,"55":0},"f":{"0":0},"b":{"0":[0,0],"1":[0,0],"2":[0,0],"3":[0,0],"4":[0,0],"5":[0,0],"6":[0,0],"7":[0,0],"8":[0,0],"9":[0,0],"10":[0,0],"11":[0,0],"12":[0,0]},"all":true},"/home/teja/saiteja/minor_pro/controller/requestController.js":{"path":"/home/teja/saiteja/minor_pro/controller/requestController.js","statementMap":{"0":{"start":{"line":1,"column":24},"end":{"line":1,"column":42}},"1":{"start":{"line":2,"column":20},"end":{"line":2,"column":44}},"2":{"start":{"line":3,"column":11},"end":{"line":3,"column":34}},"3":{"start":{"line":4,"column":24},"end":{"line":4,"column":53}},"4":{"start":{"line":5,"column":0},"end":{"line":5,"column":27}},"5":{"start":{"line":9,"column":2},"end":{"line":57,"column":3}},"6":{"start":{"line":11,"column":4},"end":{"line":11,"column":41}},"7":{"start":{"line":12,"column":15},"end":{"line":12,"column":43}},"8":{"start":{"line":15,"column":24},"end":{"line":15,"column":96}},"9":{"start":{"line":18,"column":32},"end":{"line":18,"column":106}},"10":{"start":{"line":21,"column":4},"end":{"line":23,"column":5}},"11":{"start":{"line":22,"column":6},"end":{"line":22,"column":80}},"12":{"start":{"line":26,"column":20},"end":{"line":29,"column":5}},"13":{"start":{"line":30,"column":19},"end":{"line":30,"column":68}},"14":{"start":{"line":33,"column":21},"end":{"line":39,"column":5}},"15":{"start":{"line":42,"column":23},"end":{"line":42,"column":58}},"16":{"start":{"line":45,"column":4},"end":{"line":45,"column":118}},"17":{"start":{"line":47,"column":4},"end":{"line":47,"column":90}},"18":{"start":{"line":49,"column":4},"end":{"line":49,"column":35}},"19":{"start":{"line":50,"column":4},"end":{"line":50,"column":16}},"20":{"start":{"line":54,"column":4},"end":{"line":56,"column":5}},"21":{"start":{"line":55,"column":6},"end":{"line":55,"column":27}},"22":{"start":{"line":60,"column":0},"end":{"line":60,"column":37}}},"fnMap":{"0":{"name":"registerNewUser","decl":{"start":{"line":7,"column":15},"end":{"line":7,"column":30}},"loc":{"start":{"line":7,"column":52},"end":{"line":58,"column":1}},"line":7}},"branchMap":{"0":{"loc":{"start":{"line":21,"column":4},"end":{"line":23,"column":5}},"type":"if","locations":[{"start":{"line":21,"column":4},"end":{"line":23,"column":5}},{"start":{"line":21,"column":4},"end":{"line":23,"column":5}}],"line":21},"1":{"loc":{"start":{"line":21,"column":8},"end":{"line":21,"column":88}},"type":"binary-expr","locations":[{"start":{"line":21,"column":8},"end":{"line":21,"column":40}},{"start":{"line":21,"column":44},"end":{"line":21,"column":88}}],"line":21},"2":{"loc":{"start":{"line":54,"column":4},"end":{"line":56,"column":5}},"type":"if","locations":[{"start":{"line":54,"column":4},"end":{"line":56,"column":5}},{"start":{"line":54,"column":4},"end":{"line":56,"column":5}}],"line":54}},"s":{"0":0,"1":0,"2":0,"3":0,"4":0,"5":0,"6":0,"7":0,"8":0,"9":0,"10":0,"11":0,"12":0,"13":0,"14":0,"15":0,"16":0,"17":0,"18":0,"19":0,"20":0,"21":0,"22":0},"f":{"0":0},"b":{"0":[0,0],"1":[0,0],"2":[0,0]},"all":true},"/home/teja/saiteja/minor_pro/controller/viewController.js":{"path":"/home/teja/saiteja/minor_pro/controller/viewController.js","statementMap":{"0":{"start":{"line":1,"column":24},"end":{"line":1,"column":53}},"1":{"start":{"line":2,"column":11},"end":{"line":2,"column":34}},"2":{"start":{"line":5,"column":4},"end":{"line":34,"column":5}},"3":{"start":{"line":6,"column":23},"end":{"line":6,"column":50}},"4":{"start":{"line":7,"column":19},"end":{"line":7,"column":47}},"5":{"start":{"line":8,"column":32},"end":{"line":8,"column":101}},"6":{"start":{"line":9,"column":8},"end":{"line":9,"column":29}},"7":{"start":{"line":10,"column":8},"end":{"line":12,"column":9}},"8":{"start":{"line":11,"column":12},"end":{"line":11,"column":55}},"9":{"start":{"line":13,"column":30},"end":{"line":27,"column":10}},"10":{"start":{"line":14,"column":12},"end":{"line":26,"column":13}},"11":{"start":{"line":15,"column":31},"end":{"line":18,"column":17}},"12":{"start":{"line":19,"column":29},"end":{"line":19,"column":65}},"13":{"start":{"line":20,"column":16},"end":{"line":23,"column":18}},"14":{"start":{"line":25,"column":16},"end":{"line":25,"column":31}},"15":{"start":{"line":28,"column":23},"end":{"line":28,"column":55}},"16":{"start":{"line":29,"column":8},"end":{"line":29,"column":57}},"17":{"start":{"line":32,"column":8},"end":{"line":32,"column":53}},"18":{"start":{"line":38,"column":0},"end":{"line":38,"column":40}}},"fnMap":{"0":{"name":"getPendingRequests","decl":{"start":{"line":4,"column":15},"end":{"line":4,"column":33}},"loc":{"start":{"line":4,"column":44},"end":{"line":35,"column":1}},"line":4},"1":{"name":"(anonymous_1)","decl":{"start":{"line":13,"column":50},"end":{"line":13,"column":51}},"loc":{"start":{"line":13,"column":69},"end":{"line":27,"column":9}},"line":13}},"branchMap":{"0":{"loc":{"start":{"line":10,"column":8},"end":{"line":12,"column":9}},"type":"if","locations":[{"start":{"line":10,"column":8},"end":{"line":12,"column":9}},{"start":{"line":10,"column":8},"end":{"line":12,"column":9}}],"line":10},"1":{"loc":{"start":{"line":14,"column":12},"end":{"line":26,"column":13}},"type":"if","locations":[{"start":{"line":14,"column":12},"end":{"line":26,"column":13}},{"start":{"line":14,"column":12},"end":{"line":26,"column":13}}],"line":14}},"s":{"0":0,"1":0,"2":0,"3":0,"4":0,"5":0,"6":0,"7":0,"8":0,"9":0,"10":0,"11":0,"12":0,"13":0,"14":0,"15":0,"16":0,"17":0,"18":0},"f":{"0":0,"1":0},"b":{"0":[0,0],"1":[0,0]},"all":true},"/home/teja/saiteja/minor_pro/routes/adminRoutes.js":{"path":"/home/teja/saiteja/minor_pro/routes/adminRoutes.js","statementMap":{"0":{"start":{"line":1,"column":15},"end":{"line":1,"column":33}},"1":{"start":{"line":2,"column":13},"end":{"line":2,"column":29}},"2":{"start":{"line":3,"column":11},"end":{"line":3,"column":26}},"3":{"start":{"line":4,"column":17},"end":{"line":4,"column":39}},"4":{"start":{"line":5,"column":12},"end":{"line":5,"column":35}},"5":{"start":{"line":6,"column":18},"end":{"line":6,"column":66}},"6":{"start":{"line":7,"column":21},"end":{"line":7,"column":45}},"7":{"start":{"line":8,"column":26},"end":{"line":8,"column":68}},"8":{"start":{"line":9,"column":42},"end":{"line":9,"column":85}},"9":{"start":{"line":10,"column":20},"end":{"line":10,"column":64}},"10":{"start":{"line":11,"column":24},"end":{"line":11,"column":65}},"11":{"start":{"line":12,"column":0},"end":{"line":12,"column":27}},"12":{"start":{"line":13,"column":0},"end":{"line":13,"column":30}},"13":{"start":{"line":16,"column":0},"end":{"line":16,"column":54}},"14":{"start":{"line":17,"column":15},"end":{"line":17,"column":56}},"15":{"start":{"line":20,"column":0},"end":{"line":20,"column":34}},"16":{"start":{"line":22,"column":0},"end":{"line":22,"column":37}},"17":{"start":{"line":24,"column":0},"end":{"line":24,"column":66}},"18":{"start":{"line":26,"column":23},"end":{"line":26,"column":62}},"19":{"start":{"line":29,"column":0},"end":{"line":31,"column":3}},"20":{"start":{"line":30,"column":4},"end":{"line":30,"column":48}},"21":{"start":{"line":36,"column":0},"end":{"line":36,"column":31}},"22":{"start":{"line":37,"column":0},"end":{"line":37,"column":31}},"23":{"start":{"line":38,"column":19},"end":{"line":38,"column":54}},"24":{"start":{"line":39,"column":0},"end":{"line":41,"column":2}},"25":{"start":{"line":40,"column":5},"end":{"line":40,"column":39}},"26":{"start":{"line":42,"column":0},"end":{"line":42,"column":21}}},"fnMap":{"0":{"name":"(anonymous_0)","decl":{"start":{"line":29,"column":29},"end":{"line":29,"column":30}},"loc":{"start":{"line":29,"column":43},"end":{"line":31,"column":1}},"line":29},"1":{"name":"(anonymous_1)","decl":{"start":{"line":39,"column":26},"end":{"line":39,"column":27}},"loc":{"start":{"line":39,"column":43},"end":{"line":41,"column":1}},"line":39}},"branchMap":{},"s":{"0":0,"1":0,"2":0,"3":0,"4":0,"5":0,"6":0,"7":0,"8":0,"9":0,"10":0,"11":0,"12":0,"13":0,"14":0,"15":0,"16":0,"17":0,"18":0,"19":0,"20":0,"21":0,"22":0,"23":0,"24":0,"25":0,"26":0},"f":{"0":0,"1":0},"b":{},"all":true},"/home/teja/saiteja/minor_pro/routes/employeeRoutes.js":{"path":"/home/teja/saiteja/minor_pro/routes/employeeRoutes.js","statementMap":{"0":{"start":{"line":1,"column":16},"end":{"line":1,"column":34}},"1":{"start":{"line":2,"column":0},"end":{"line":2,"column":26}},"2":{"start":{"line":3,"column":13},"end":{"line":3,"column":28}},"3":{"start":{"line":4,"column":19},"end":{"line":4,"column":41}},"4":{"start":{"line":5,"column":15},"end":{"line":5,"column":31}},"5":{"start":{"line":6,"column":31},"end":{"line":6,"column":72}},"6":{"start":{"line":7,"column":35},"end":{"line":7,"column":81}},"7":{"start":{"line":8,"column":31},"end":{"line":8,"column":74}},"8":{"start":{"line":9,"column":21},"end":{"line":9,"column":60}},"9":{"start":{"line":10,"column":28},"end":{"line":10,"column":70}},"10":{"start":{"line":11,"column":23},"end":{"line":11,"column":70}},"11":{"start":{"line":12,"column":0},"end":{"line":14,"column":2}},"12":{"start":{"line":13,"column":4},"end":{"line":13,"column":75}},"13":{"start":{"line":15,"column":0},"end":{"line":17,"column":2}},"14":{"start":{"line":16,"column":4},"end":{"line":16,"column":74}},"15":{"start":{"line":18,"column":0},"end":{"line":18,"column":68}},"16":{"start":{"line":19,"column":0},"end":{"line":19,"column":30}},"17":{"start":{"line":20,"column":0},"end":{"line":20,"column":42}},"18":{"start":{"line":21,"column":0},"end":{"line":30,"column":3}},"19":{"start":{"line":24,"column":4},"end":{"line":29,"column":5}},"20":{"start":{"line":25,"column":8},"end":{"line":25,"column":47}},"21":{"start":{"line":27,"column":8},"end":{"line":27,"column":39}},"22":{"start":{"line":28,"column":8},"end":{"line":28,"column":83}},"23":{"start":{"line":31,"column":0},"end":{"line":39,"column":2}},"24":{"start":{"line":32,"column":4},"end":{"line":37,"column":5}},"25":{"start":{"line":33,"column":8},"end":{"line":33,"column":43}},"26":{"start":{"line":35,"column":8},"end":{"line":35,"column":39}},"27":{"start":{"line":36,"column":8},"end":{"line":36,"column":83}},"28":{"start":{"line":43,"column":0},"end":{"line":56,"column":3}},"29":{"start":{"line":44,"column":4},"end":{"line":44,"column":25}},"30":{"start":{"line":45,"column":4},"end":{"line":55,"column":5}},"31":{"start":{"line":46,"column":25},"end":{"line":46,"column":42}},"32":{"start":{"line":47,"column":26},"end":{"line":47,"column":40}},"33":{"start":{"line":50,"column":35},"end":{"line":50,"column":77}},"34":{"start":{"line":52,"column":8},"end":{"line":52,"column":49}},"35":{"start":{"line":54,"column":8},"end":{"line":54,"column":105}},"36":{"start":{"line":58,"column":0},"end":{"line":61,"column":2}},"37":{"start":{"line":59,"column":4},"end":{"line":59,"column":35}},"38":{"start":{"line":62,"column":12},"end":{"line":62,"column":30}},"39":{"start":{"line":66,"column":0},"end":{"line":66,"column":36}},"40":{"start":{"line":67,"column":0},"end":{"line":67,"column":40}},"41":{"start":{"line":68,"column":0},"end":{"line":71,"column":3}},"42":{"start":{"line":73,"column":11},"end":{"line":73,"column":23}},"43":{"start":{"line":74,"column":11},"end":{"line":74,"column":37}},"44":{"start":{"line":75,"column":0},"end":{"line":98,"column":3}},"45":{"start":{"line":76,"column":4},"end":{"line":97,"column":5}},"46":{"start":{"line":77,"column":26},"end":{"line":77,"column":44}},"47":{"start":{"line":78,"column":8},"end":{"line":78,"column":30}},"48":{"start":{"line":79,"column":25},"end":{"line":79,"column":53}},"49":{"start":{"line":81,"column":23},"end":{"line":84,"column":9}},"50":{"start":{"line":86,"column":21},"end":{"line":86,"column":57}},"51":{"start":{"line":89,"column":24},"end":{"line":89,"column":65}},"52":{"start":{"line":90,"column":8},"end":{"line":90,"column":56}},"53":{"start":{"line":92,"column":8},"end":{"line":92,"column":39}},"54":{"start":{"line":95,"column":8},"end":{"line":95,"column":39}},"55":{"start":{"line":96,"column":8},"end":{"line":96,"column":71}},"56":{"start":{"line":101,"column":0},"end":{"line":110,"column":2}},"57":{"start":{"line":102,"column":17},"end":{"line":102,"column":32}},"58":{"start":{"line":103,"column":4},"end":{"line":107,"column":5}},"59":{"start":{"line":104,"column":8},"end":{"line":104,"column":34}},"60":{"start":{"line":106,"column":8},"end":{"line":106,"column":24}},"61":{"start":{"line":108,"column":4},"end":{"line":108,"column":23}},"62":{"start":{"line":113,"column":0},"end":{"line":113,"column":23}}},"fnMap":{"0":{"name":"(anonymous_0)","decl":{"start":{"line":12,"column":25},"end":{"line":12,"column":26}},"loc":{"start":{"line":12,"column":39},"end":{"line":14,"column":1}},"line":12},"1":{"name":"(anonymous_1)","decl":{"start":{"line":15,"column":24},"end":{"line":15,"column":25}},"loc":{"start":{"line":15,"column":38},"end":{"line":17,"column":1}},"line":15},"2":{"name":"(anonymous_2)","decl":{"start":{"line":21,"column":32},"end":{"line":21,"column":33}},"loc":{"start":{"line":21,"column":52},"end":{"line":30,"column":1}},"line":21},"3":{"name":"(anonymous_3)","decl":{"start":{"line":31,"column":32},"end":{"line":31,"column":33}},"loc":{"start":{"line":31,"column":52},"end":{"line":39,"column":1}},"line":31},"4":{"name":"(anonymous_4)","decl":{"start":{"line":43,"column":33},"end":{"line":43,"column":34}},"loc":{"start":{"line":43,"column":53},"end":{"line":56,"column":1}},"line":43},"5":{"name":"(anonymous_5)","decl":{"start":{"line":58,"column":23},"end":{"line":58,"column":24}},"loc":{"start":{"line":58,"column":39},"end":{"line":61,"column":1}},"line":58},"6":{"name":"(anonymous_6)","decl":{"start":{"line":75,"column":23},"end":{"line":75,"column":24}},"loc":{"start":{"line":75,"column":43},"end":{"line":98,"column":1}},"line":75},"7":{"name":"(anonymous_7)","decl":{"start":{"line":101,"column":25},"end":{"line":101,"column":26}},"loc":{"start":{"line":101,"column":42},"end":{"line":110,"column":1}},"line":101}},"branchMap":{},"s":{"0":0,"1":0,"2":0,"3":0,"4":0,"5":0,"6":0,"7":0,"8":0,"9":0,"10":0,"11":0,"12":0,"13":0,"14":0,"15":0,"16":0,"17":0,"18":0,"19":0,"20":0,"21":0,"22":0,"23":0,"24":0,"25":0,"26":0,"27":0,"28":0,"29":0,"30":0,"31":0,"32":0,"33":0,"34":0,"35":0,"36":0,"37":0,"38":0,"39":0,"40":0,"41":0,"42":0,"43":0,"44":0,"45":0,"46":0,"47":0,"48":0,"49":0,"50":0,"51":0,"52":0,"53":0,"54":0,"55":0,"56":0,"57":0,"58":0,"59":0,"60":0,"61":0,"62":0},"f":{"0":0,"1":0,"2":0,"3":0,"4":0,"5":0,"6":0,"7":0},"b":{},"all":true},"/home/teja/saiteja/minor_pro/routes/RecogRoutes.js":{"path":"/home/teja/saiteja/minor_pro/routes/RecogRoutes.js","statementMap":{"0":{"start":{"line":1,"column":16},"end":{"line":1,"column":34}},"1":{"start":{"line":2,"column":12},"end":{"line":2,"column":30}},"2":{"start":{"line":4,"column":19},"end":{"line":4,"column":41}},"3":{"start":{"line":5,"column":23},"end":{"line":5,"column":38}},"4":{"start":{"line":6,"column":0},"end":{"line":6,"column":26}},"5":{"start":{"line":7,"column":40},"end":{"line":7,"column":79}},"6":{"start":{"line":9,"column":15},"end":{"line":9,"column":31}},"7":{"start":{"line":10,"column":0},"end":{"line":10,"column":30}},"8":{"start":{"line":11,"column":0},"end":{"line":11,"column":48}},"9":{"start":{"line":12,"column":0},"end":{"line":12,"column":70}},"10":{"start":{"line":16,"column":15},"end":{"line":16,"column":32}},"11":{"start":{"line":18,"column":0},"end":{"line":24,"column":3}},"12":{"start":{"line":25,"column":0},"end":{"line":25,"column":31}},"13":{"start":{"line":27,"column":20},"end":{"line":27,"column":41}},"14":{"start":{"line":62,"column":0},"end":{"line":62,"column":34}},"15":{"start":{"line":64,"column":0},"end":{"line":72,"column":3}},"16":{"start":{"line":65,"column":4},"end":{"line":71,"column":5}},"17":{"start":{"line":66,"column":26},"end":{"line":66,"column":51}},"18":{"start":{"line":67,"column":8},"end":{"line":67,"column":30}},"19":{"start":{"line":69,"column":8},"end":{"line":69,"column":61}},"20":{"start":{"line":70,"column":8},"end":{"line":70,"column":60}},"21":{"start":{"line":75,"column":0},"end":{"line":75,"column":21}}},"fnMap":{"0":{"name":"(anonymous_0)","decl":{"start":{"line":64,"column":20},"end":{"line":64,"column":21}},"loc":{"start":{"line":64,"column":40},"end":{"line":72,"column":1}},"line":64}},"branchMap":{},"s":{"0":0,"1":0,"2":0,"3":0,"4":0,"5":0,"6":0,"7":0,"8":0,"9":0,"10":0,"11":0,"12":0,"13":0,"14":0,"15":0,"16":0,"17":0,"18":0,"19":0,"20":0,"21":0},"f":{"0":0},"b":{},"all":true},"/home/teja/saiteja/minor_pro/test/accrej.spec.js":{"path":"/home/teja/saiteja/minor_pro/test/accrej.spec.js","statementMap":{"0":{"start":{"line":1,"column":13},"end":{"line":1,"column":28}},"1":{"start":{"line":2,"column":17},"end":{"line":2,"column":37}},"2":{"start":{"line":3,"column":19},"end":{"line":3,"column":23}},"3":{"start":{"line":4,"column":14},"end":{"line":4,"column":30}},"4":{"start":{"line":5,"column":45},"end":{"line":5,"column":88}},"5":{"start":{"line":6,"column":26},"end":{"line":6,"column":67}},"6":{"start":{"line":8,"column":0},"end":{"line":8,"column":19}},"7":{"start":{"line":10,"column":0},"end":{"line":82,"column":3}},"8":{"start":{"line":11,"column":4},"end":{"line":32,"column":7}},"9":{"start":{"line":12,"column":20},"end":{"line":16,"column":9}},"10":{"start":{"line":17,"column":20},"end":{"line":20,"column":9}},"11":{"start":{"line":22,"column":39},"end":{"line":22,"column":51}},"12":{"start":{"line":23,"column":8},"end":{"line":23,"column":55}},"13":{"start":{"line":24,"column":8},"end":{"line":24,"column":55}},"14":{"start":{"line":25,"column":8},"end":{"line":25,"column":55}},"15":{"start":{"line":27,"column":8},"end":{"line":27,"column":31}},"16":{"start":{"line":29,"column":8},"end":{"line":29,"column":54}},"17":{"start":{"line":30,"column":8},"end":{"line":30,"column":47}},"18":{"start":{"line":31,"column":8},"end":{"line":31,"column":161}},"19":{"start":{"line":59,"column":4},"end":{"line":81,"column":7}},"20":{"start":{"line":60,"column":20},"end":{"line":64,"column":9}},"21":{"start":{"line":65,"column":20},"end":{"line":68,"column":9}},"22":{"start":{"line":71,"column":39},"end":{"line":71,"column":51}},"23":{"start":{"line":72,"column":8},"end":{"line":72,"column":64}},"24":{"start":{"line":75,"column":8},"end":{"line":75,"column":31}},"25":{"start":{"line":78,"column":8},"end":{"line":78,"column":54}},"26":{"start":{"line":79,"column":8},"end":{"line":79,"column":47}},"27":{"start":{"line":80,"column":8},"end":{"line":80,"column":111}},"28":{"start":{"line":84,"column":0},"end":{"line":131,"column":3}},"29":{"start":{"line":85,"column":4},"end":{"line":107,"column":7}},"30":{"start":{"line":86,"column":20},"end":{"line":90,"column":9}},"31":{"start":{"line":91,"column":20},"end":{"line":94,"column":9}},"32":{"start":{"line":97,"column":34},"end":{"line":97,"column":46}},"33":{"start":{"line":98,"column":8},"end":{"line":98,"column":37}},"34":{"start":{"line":101,"column":8},"end":{"line":101,"column":31}},"35":{"start":{"line":104,"column":8},"end":{"line":104,"column":54}},"36":{"start":{"line":105,"column":8},"end":{"line":105,"column":47}},"37":{"start":{"line":106,"column":8},"end":{"line":106,"column":119}},"38":{"start":{"line":108,"column":4},"end":{"line":130,"column":7}},"39":{"start":{"line":109,"column":20},"end":{"line":113,"column":9}},"40":{"start":{"line":114,"column":20},"end":{"line":117,"column":9}},"41":{"start":{"line":120,"column":34},"end":{"line":120,"column":46}},"42":{"start":{"line":121,"column":8},"end":{"line":121,"column":59}},"43":{"start":{"line":124,"column":8},"end":{"line":124,"column":31}},"44":{"start":{"line":127,"column":8},"end":{"line":127,"column":55}},"45":{"start":{"line":128,"column":8},"end":{"line":128,"column":47}},"46":{"start":{"line":129,"column":8},"end":{"line":129,"column":119}}},"fnMap":{"0":{"name":"(anonymous_0)","decl":{"start":{"line":10,"column":30},"end":{"line":10,"column":31}},"loc":{"start":{"line":10,"column":36},"end":{"line":82,"column":1}},"line":10},"1":{"name":"(anonymous_1)","decl":{"start":{"line":11,"column":106},"end":{"line":11,"column":107}},"loc":{"start":{"line":11,"column":118},"end":{"line":32,"column":5}},"line":11},"2":{"name":"(anonymous_2)","decl":{"start":{"line":59,"column":87},"end":{"line":59,"column":88}},"loc":{"start":{"line":59,"column":99},"end":{"line":81,"column":5}},"line":59},"3":{"name":"(anonymous_3)","decl":{"start":{"line":84,"column":30},"end":{"line":84,"column":31}},"loc":{"start":{"line":84,"column":36},"end":{"line":131,"column":1}},"line":84},"4":{"name":"(anonymous_4)","decl":{"start":{"line":85,"column":81},"end":{"line":85,"column":82}},"loc":{"start":{"line":85,"column":93},"end":{"line":107,"column":5}},"line":85},"5":{"name":"(anonymous_5)","decl":{"start":{"line":108,"column":82},"end":{"line":108,"column":83}},"loc":{"start":{"line":108,"column":94},"end":{"line":130,"column":5}},"line":108}},"branchMap":{},"s":{"0":0,"1":0,"2":0,"3":0,"4":0,"5":0,"6":0,"7":0,"8":0,"9":0,"10":0,"11":0,"12":0,"13":0,"14":0,"15":0,"16":0,"17":0,"18":0,"19":0,"20":0,"21":0,"22":0,"23":0,"24":0,"25":0,"26":0,"27":0,"28":0,"29":0,"30":0,"31":0,"32":0,"33":0,"34":0,"35":0,"36":0,"37":0,"38":0,"39":0,"40":0,"41":0,"42":0,"43":0,"44":0,"45":0,"46":0},"f":{"0":0,"1":0,"2":0,"3":0,"4":0,"5":0},"b":{},"all":true},"/home/teja/saiteja/minor_pro/test/admin.spec.js":{"path":"/home/teja/saiteja/minor_pro/test/admin.spec.js","statementMap":{"0":{"start":{"line":1,"column":13},"end":{"line":1,"column":28}},"1":{"start":{"line":2,"column":15},"end":{"line":2,"column":26}},"2":{"start":{"line":3,"column":14},"end":{"line":3,"column":30}},"3":{"start":{"line":4,"column":12},"end":{"line":4,"column":35}},"4":{"start":{"line":5,"column":15},"end":{"line":5,"column":56}},"5":{"start":{"line":6,"column":20},"end":{"line":6,"column":64}},"6":{"start":{"line":7,"column":18},"end":{"line":7,"column":39}},"7":{"start":{"line":9,"column":0},"end":{"line":9,"column":20}},"8":{"start":{"line":10,"column":24},"end":{"line":10,"column":65}},"9":{"start":{"line":11,"column":0},"end":{"line":52,"column":3}},"10":{"start":{"line":14,"column":2},"end":{"line":25,"column":5}},"11":{"start":{"line":15,"column":4},"end":{"line":19,"column":6}},"12":{"start":{"line":20,"column":4},"end":{"line":24,"column":6}},"13":{"start":{"line":27,"column":2},"end":{"line":29,"column":5}},"14":{"start":{"line":28,"column":4},"end":{"line":28,"column":20}},"15":{"start":{"line":31,"column":2},"end":{"line":41,"column":5}},"16":{"start":{"line":32,"column":25},"end":{"line":32,"column":27}},"17":{"start":{"line":34,"column":4},"end":{"line":34,"column":52}},"18":{"start":{"line":36,"column":4},"end":{"line":36,"column":25}},"19":{"start":{"line":39,"column":4},"end":{"line":39,"column":61}},"20":{"start":{"line":40,"column":4},"end":{"line":40,"column":104}},"21":{"start":{"line":43,"column":2},"end":{"line":51,"column":5}},"22":{"start":{"line":44,"column":4},"end":{"line":44,"column":65}},"23":{"start":{"line":46,"column":4},"end":{"line":46,"column":25}},"24":{"start":{"line":49,"column":4},"end":{"line":49,"column":61}},"25":{"start":{"line":50,"column":4},"end":{"line":50,"column":71}},"26":{"start":{"line":54,"column":0},"end":{"line":108,"column":3}},"27":{"start":{"line":57,"column":2},"end":{"line":69,"column":5}},"28":{"start":{"line":58,"column":4},"end":{"line":63,"column":6}},"29":{"start":{"line":64,"column":4},"end":{"line":68,"column":6}},"30":{"start":{"line":71,"column":2},"end":{"line":73,"column":5}},"31":{"start":{"line":72,"column":4},"end":{"line":72,"column":20}},"32":{"start":{"line":75,"column":2},"end":{"line":87,"column":5}},"33":{"start":{"line":76,"column":18},"end":{"line":76,"column":35}},"34":{"start":{"line":77,"column":4},"end":{"line":77,"column":43}},"35":{"start":{"line":79,"column":4},"end":{"line":79,"column":24}},"36":{"start":{"line":82,"column":4},"end":{"line":82,"column":61}},"37":{"start":{"line":83,"column":4},"end":{"line":86,"column":19}},"38":{"start":{"line":89,"column":2},"end":{"line":97,"column":5}},"39":{"start":{"line":90,"column":4},"end":{"line":90,"column":35}},"40":{"start":{"line":91,"column":4},"end":{"line":91,"column":35}},"41":{"start":{"line":93,"column":4},"end":{"line":93,"column":24}},"42":{"start":{"line":95,"column":4},"end":{"line":95,"column":61}},"43":{"start":{"line":96,"column":4},"end":{"line":96,"column":102}},"44":{"start":{"line":99,"column":2},"end":{"line":107,"column":5}},"45":{"start":{"line":100,"column":4},"end":{"line":100,"column":25}},"46":{"start":{"line":101,"column":4},"end":{"line":101,"column":25}},"47":{"start":{"line":103,"column":4},"end":{"line":103,"column":24}},"48":{"start":{"line":105,"column":4},"end":{"line":105,"column":61}},"49":{"start":{"line":106,"column":4},"end":{"line":106,"column":98}}},"fnMap":{"0":{"name":"(anonymous_0)","decl":{"start":{"line":11,"column":28},"end":{"line":11,"column":29}},"loc":{"start":{"line":11,"column":34},"end":{"line":52,"column":1}},"line":11},"1":{"name":"(anonymous_1)","decl":{"start":{"line":14,"column":13},"end":{"line":14,"column":14}},"loc":{"start":{"line":14,"column":19},"end":{"line":25,"column":3}},"line":14},"2":{"name":"(anonymous_2)","decl":{"start":{"line":27,"column":12},"end":{"line":27,"column":13}},"loc":{"start":{"line":27,"column":18},"end":{"line":29,"column":3}},"line":27},"3":{"name":"(anonymous_3)","decl":{"start":{"line":31,"column":54},"end":{"line":31,"column":55}},"loc":{"start":{"line":31,"column":66},"end":{"line":41,"column":3}},"line":31},"4":{"name":"(anonymous_4)","decl":{"start":{"line":43,"column":54},"end":{"line":43,"column":55}},"loc":{"start":{"line":43,"column":66},"end":{"line":51,"column":3}},"line":43},"5":{"name":"(anonymous_5)","decl":{"start":{"line":54,"column":33},"end":{"line":54,"column":34}},"loc":{"start":{"line":54,"column":39},"end":{"line":108,"column":1}},"line":54},"6":{"name":"(anonymous_6)","decl":{"start":{"line":57,"column":13},"end":{"line":57,"column":14}},"loc":{"start":{"line":57,"column":19},"end":{"line":69,"column":3}},"line":57},"7":{"name":"(anonymous_7)","decl":{"start":{"line":71,"column":12},"end":{"line":71,"column":13}},"loc":{"start":{"line":71,"column":18},"end":{"line":73,"column":3}},"line":71},"8":{"name":"(anonymous_8)","decl":{"start":{"line":75,"column":50},"end":{"line":75,"column":51}},"loc":{"start":{"line":75,"column":56},"end":{"line":87,"column":3}},"line":75},"9":{"name":"(anonymous_9)","decl":{"start":{"line":89,"column":60},"end":{"line":89,"column":61}},"loc":{"start":{"line":89,"column":66},"end":{"line":97,"column":3}},"line":89},"10":{"name":"(anonymous_10)","decl":{"start":{"line":99,"column":71},"end":{"line":99,"column":72}},"loc":{"start":{"line":99,"column":77},"end":{"line":107,"column":3}},"line":99}},"branchMap":{},"s":{"0":0,"1":0,"2":0,"3":0,"4":0,"5":0,"6":0,"7":0,"8":0,"9":0,"10":0,"11":0,"12":0,"13":0,"14":0,"15":0,"16":0,"17":0,"18":0,"19":0,"20":0,"21":0,"22":0,"23":0,"24":0,"25":0,"26":0,"27":0,"28":0,"29":0,"30":0,"31":0,"32":0,"33":0,"34":0,"35":0,"36":0,"37":0,"38":0,"39":0,"40":0,"41":0,"42":0,"43":0,"44":0,"45":0,"46":0,"47":0,"48":0,"49":0},"f":{"0":0,"1":0,"2":0,"3":0,"4":0,"5":0,"6":0,"7":0,"8":0,"9":0,"10":0},"b":{},"all":true},"/home/teja/saiteja/minor_pro/test/app.spec.js":{"path":"/home/teja/saiteja/minor_pro/test/app.spec.js","statementMap":{"0":{"start":{"line":1,"column":13},"end":{"line":1,"column":28}},"1":{"start":{"line":2,"column":17},"end":{"line":2,"column":37}},"2":{"start":{"line":3,"column":14},"end":{"line":3,"column":30}},"3":{"start":{"line":4,"column":19},"end":{"line":4,"column":23}},"4":{"start":{"line":5,"column":25},"end":{"line":5,"column":72}},"5":{"start":{"line":6,"column":31},"end":{"line":6,"column":72}},"6":{"start":{"line":8,"column":0},"end":{"line":8,"column":19}},"7":{"start":{"line":10,"column":0},"end":{"line":48,"column":3}},"8":{"start":{"line":11,"column":4},"end":{"line":28,"column":7}},"9":{"start":{"line":12,"column":20},"end":{"line":12,"column":22}},"10":{"start":{"line":13,"column":20},"end":{"line":16,"column":9}},"11":{"start":{"line":19,"column":41},"end":{"line":19,"column":64}},"12":{"start":{"line":22,"column":8},"end":{"line":22,"column":37}},"13":{"start":{"line":25,"column":8},"end":{"line":25,"column":54}},"14":{"start":{"line":26,"column":8},"end":{"line":26,"column":47}},"15":{"start":{"line":30,"column":4},"end":{"line":47,"column":7}},"16":{"start":{"line":31,"column":20},"end":{"line":31,"column":22}},"17":{"start":{"line":32,"column":20},"end":{"line":35,"column":9}},"18":{"start":{"line":38,"column":41},"end":{"line":38,"column":86}},"19":{"start":{"line":41,"column":8},"end":{"line":41,"column":37}},"20":{"start":{"line":44,"column":8},"end":{"line":44,"column":54}},"21":{"start":{"line":45,"column":8},"end":{"line":45,"column":47}},"22":{"start":{"line":46,"column":8},"end":{"line":46,"column":111}}},"fnMap":{"0":{"name":"(anonymous_0)","decl":{"start":{"line":10,"column":36},"end":{"line":10,"column":37}},"loc":{"start":{"line":10,"column":42},"end":{"line":48,"column":1}},"line":10},"1":{"name":"(anonymous_1)","decl":{"start":{"line":11,"column":76},"end":{"line":11,"column":77}},"loc":{"start":{"line":11,"column":88},"end":{"line":28,"column":5}},"line":11},"2":{"name":"(anonymous_2)","decl":{"start":{"line":30,"column":89},"end":{"line":30,"column":90}},"loc":{"start":{"line":30,"column":101},"end":{"line":47,"column":5}},"line":30}},"branchMap":{},"s":{"0":0,"1":0,"2":0,"3":0,"4":0,"5":0,"6":0,"7":0,"8":0,"9":0,"10":0,"11":0,"12":0,"13":0,"14":0,"15":0,"16":0,"17":0,"18":0,"19":0,"20":0,"21":0,"22":0},"f":{"0":0,"1":0,"2":0},"b":{},"all":true},"/home/teja/saiteja/minor_pro/test/controller.spec.js":{"path":"/home/teja/saiteja/minor_pro/test/controller.spec.js","statementMap":{"0":{"start":{"line":1,"column":13},"end":{"line":1,"column":28}},"1":{"start":{"line":2,"column":17},"end":{"line":2,"column":37}},"2":{"start":{"line":3,"column":14},"end":{"line":3,"column":30}},"3":{"start":{"line":4,"column":22},"end":{"line":4,"column":51}},"4":{"start":{"line":5,"column":14},"end":{"line":5,"column":30}},"5":{"start":{"line":6,"column":20},"end":{"line":6,"column":44}},"6":{"start":{"line":7,"column":12},"end":{"line":7,"column":29}},"7":{"start":{"line":8,"column":15},"end":{"line":8,"column":26}},"8":{"start":{"line":9,"column":20},"end":{"line":9,"column":59}},"9":{"start":{"line":10,"column":18},"end":{"line":10,"column":53}},"10":{"start":{"line":11,"column":12},"end":{"line":11,"column":30}},"11":{"start":{"line":12,"column":29},"end":{"line":12,"column":68}},"12":{"start":{"line":13,"column":26},"end":{"line":13,"column":68}},"13":{"start":{"line":14,"column":30},"end":{"line":14,"column":71}},"14":{"start":{"line":15,"column":33},"end":{"line":15,"column":79}},"15":{"start":{"line":16,"column":0},"end":{"line":16,"column":19}},"16":{"start":{"line":17,"column":11},"end":{"line":17,"column":34}},"17":{"start":{"line":18,"column":26},"end":{"line":18,"column":68}},"18":{"start":{"line":19,"column":0},"end":{"line":89,"column":2}},"19":{"start":{"line":21,"column":4},"end":{"line":23,"column":7}},"20":{"start":{"line":22,"column":8},"end":{"line":22,"column":40}},"21":{"start":{"line":26,"column":4},"end":{"line":28,"column":7}},"22":{"start":{"line":27,"column":8},"end":{"line":27,"column":26}},"23":{"start":{"line":30,"column":4},"end":{"line":88,"column":7}},"24":{"start":{"line":31,"column":20},"end":{"line":35,"column":9}},"25":{"start":{"line":37,"column":20},"end":{"line":41,"column":9}},"26":{"start":{"line":43,"column":8},"end":{"line":50,"column":11}},"27":{"start":{"line":44,"column":22},"end":{"line":48,"column":13}},"28":{"start":{"line":45,"column":33},"end":{"line":47,"column":17}},"29":{"start":{"line":52,"column":8},"end":{"line":84,"column":11}},"30":{"start":{"line":53,"column":12},"end":{"line":83,"column":13}},"31":{"start":{"line":54,"column":16},"end":{"line":54,"column":70}},"32":{"start":{"line":57,"column":17},"end":{"line":83,"column":13}},"33":{"start":{"line":58,"column":16},"end":{"line":78,"column":19}},"34":{"start":{"line":82,"column":16},"end":{"line":82,"column":55}},"35":{"start":{"line":85,"column":8},"end":{"line":85,"column":34}},"36":{"start":{"line":86,"column":8},"end":{"line":86,"column":58}},"37":{"start":{"line":87,"column":8},"end":{"line":87,"column":47}},"38":{"start":{"line":91,"column":0},"end":{"line":148,"column":3}},"39":{"start":{"line":93,"column":4},"end":{"line":95,"column":7}},"40":{"start":{"line":94,"column":8},"end":{"line":94,"column":40}},"41":{"start":{"line":97,"column":4},"end":{"line":99,"column":7}},"42":{"start":{"line":98,"column":8},"end":{"line":98,"column":26}},"43":{"start":{"line":101,"column":4},"end":{"line":125,"column":6}},"44":{"start":{"line":102,"column":18},"end":{"line":102,"column":20}},"45":{"start":{"line":103,"column":18},"end":{"line":107,"column":9}},"46":{"start":{"line":108,"column":30},"end":{"line":108,"column":55}},"47":{"start":{"line":109,"column":8},"end":{"line":119,"column":11}},"48":{"start":{"line":110,"column":20},"end":{"line":118,"column":13}},"49":{"start":{"line":111,"column":32},"end":{"line":117,"column":17}},"50":{"start":{"line":114,"column":28},"end":{"line":114,"column":97}},"51":{"start":{"line":114,"column":74},"end":{"line":114,"column":94}},"52":{"start":{"line":121,"column":8},"end":{"line":121,"column":31}},"53":{"start":{"line":122,"column":8},"end":{"line":122,"column":58}},"54":{"start":{"line":123,"column":8},"end":{"line":123,"column":66}},"55":{"start":{"line":127,"column":4},"end":{"line":144,"column":7}},"56":{"start":{"line":128,"column":20},"end":{"line":128,"column":22}},"57":{"start":{"line":129,"column":20},"end":{"line":133,"column":9}},"58":{"start":{"line":135,"column":29},"end":{"line":135,"column":53}},"59":{"start":{"line":138,"column":8},"end":{"line":138,"column":78}},"60":{"start":{"line":140,"column":8},"end":{"line":140,"column":32}},"61":{"start":{"line":142,"column":8},"end":{"line":142,"column":58}},"62":{"start":{"line":143,"column":8},"end":{"line":143,"column":106}},"63":{"start":{"line":214,"column":0},"end":{"line":294,"column":3}},"64":{"start":{"line":223,"column":4},"end":{"line":242,"column":7}},"65":{"start":{"line":224,"column":8},"end":{"line":224,"column":56}},"66":{"start":{"line":225,"column":8},"end":{"line":225,"column":30}},"67":{"start":{"line":226,"column":8},"end":{"line":226,"column":38}},"68":{"start":{"line":227,"column":8},"end":{"line":227,"column":32}},"69":{"start":{"line":228,"column":8},"end":{"line":228,"column":33}},"70":{"start":{"line":229,"column":8},"end":{"line":229,"column":32}},"71":{"start":{"line":230,"column":8},"end":{"line":230,"column":34}},"72":{"start":{"line":232,"column":8},"end":{"line":239,"column":11}},"73":{"start":{"line":241,"column":8},"end":{"line":241,"column":47}},"74":{"start":{"line":244,"column":4},"end":{"line":246,"column":7}},"75":{"start":{"line":245,"column":8},"end":{"line":245,"column":24}},"76":{"start":{"line":248,"column":4},"end":{"line":267,"column":7}},"77":{"start":{"line":249,"column":32},"end":{"line":249,"column":82}},"78":{"start":{"line":250,"column":8},"end":{"line":252,"column":11}},"79":{"start":{"line":254,"column":32},"end":{"line":256,"column":10}},"80":{"start":{"line":258,"column":20},"end":{"line":258,"column":22}},"81":{"start":{"line":259,"column":20},"end":{"line":259,"column":42}},"82":{"start":{"line":261,"column":8},"end":{"line":261,"column":43}},"83":{"start":{"line":262,"column":8},"end":{"line":262,"column":47}},"84":{"start":{"line":263,"column":8},"end":{"line":263,"column":119}},"85":{"start":{"line":264,"column":8},"end":{"line":264,"column":101}},"86":{"start":{"line":265,"column":8},"end":{"line":265,"column":108}},"87":{"start":{"line":269,"column":4},"end":{"line":280,"column":7}},"88":{"start":{"line":270,"column":8},"end":{"line":272,"column":11}},"89":{"start":{"line":274,"column":20},"end":{"line":274,"column":22}},"90":{"start":{"line":275,"column":20},"end":{"line":275,"column":42}},"91":{"start":{"line":277,"column":8},"end":{"line":277,"column":43}},"92":{"start":{"line":279,"column":8},"end":{"line":279,"column":70}},"93":{"start":{"line":282,"column":4},"end":{"line":292,"column":7}},"94":{"start":{"line":283,"column":8},"end":{"line":283,"column":57}},"95":{"start":{"line":285,"column":20},"end":{"line":285,"column":22}},"96":{"start":{"line":286,"column":20},"end":{"line":286,"column":42}},"97":{"start":{"line":288,"column":8},"end":{"line":288,"column":43}},"98":{"start":{"line":290,"column":8},"end":{"line":290,"column":54}},"99":{"start":{"line":297,"column":0},"end":{"line":399,"column":3}},"100":{"start":{"line":306,"column":4},"end":{"line":343,"column":7}},"101":{"start":{"line":307,"column":8},"end":{"line":307,"column":56}},"102":{"start":{"line":308,"column":8},"end":{"line":308,"column":30}},"103":{"start":{"line":309,"column":8},"end":{"line":309,"column":38}},"104":{"start":{"line":310,"column":8},"end":{"line":310,"column":37}},"105":{"start":{"line":311,"column":8},"end":{"line":311,"column":37}},"106":{"start":{"line":313,"column":8},"end":{"line":313,"column":39}},"107":{"start":{"line":315,"column":8},"end":{"line":320,"column":11}},"108":{"start":{"line":322,"column":8},"end":{"line":325,"column":11}},"109":{"start":{"line":326,"column":8},"end":{"line":328,"column":11}},"110":{"start":{"line":327,"column":27},"end":{"line":327,"column":81}},"111":{"start":{"line":329,"column":8},"end":{"line":333,"column":11}},"112":{"start":{"line":330,"column":27},"end":{"line":332,"column":14}},"113":{"start":{"line":335,"column":8},"end":{"line":339,"column":11}},"114":{"start":{"line":336,"column":12},"end":{"line":338,"column":14}},"115":{"start":{"line":337,"column":31},"end":{"line":337,"column":49}},"116":{"start":{"line":340,"column":8},"end":{"line":340,"column":54}},"117":{"start":{"line":345,"column":4},"end":{"line":347,"column":7}},"118":{"start":{"line":346,"column":8},"end":{"line":346,"column":24}},"119":{"start":{"line":349,"column":4},"end":{"line":366,"column":7}},"120":{"start":{"line":350,"column":25},"end":{"line":350,"column":35}},"121":{"start":{"line":351,"column":26},"end":{"line":351,"column":50}},"122":{"start":{"line":353,"column":8},"end":{"line":353,"column":54}},"123":{"start":{"line":354,"column":8},"end":{"line":354,"column":222}},"124":{"start":{"line":355,"column":8},"end":{"line":357,"column":11}},"125":{"start":{"line":356,"column":27},"end":{"line":356,"column":81}},"126":{"start":{"line":361,"column":35},"end":{"line":361,"column":77}},"127":{"start":{"line":363,"column":8},"end":{"line":363,"column":103}},"128":{"start":{"line":364,"column":8},"end":{"line":364,"column":49}},"129":{"start":{"line":368,"column":4},"end":{"line":382,"column":7}},"130":{"start":{"line":369,"column":25},"end":{"line":369,"column":35}},"131":{"start":{"line":370,"column":26},"end":{"line":370,"column":50}},"132":{"start":{"line":372,"column":8},"end":{"line":372,"column":61}},"133":{"start":{"line":374,"column":8},"end":{"line":381,"column":9}},"134":{"start":{"line":375,"column":12},"end":{"line":375,"column":55}},"135":{"start":{"line":377,"column":12},"end":{"line":377,"column":82}},"136":{"start":{"line":379,"column":12},"end":{"line":379,"column":53}},"137":{"start":{"line":380,"column":12},"end":{"line":380,"column":101}},"138":{"start":{"line":384,"column":4},"end":{"line":398,"column":7}},"139":{"start":{"line":385,"column":25},"end":{"line":385,"column":35}},"140":{"start":{"line":386,"column":26},"end":{"line":386,"column":50}},"141":{"start":{"line":388,"column":8},"end":{"line":388,"column":59}},"142":{"start":{"line":390,"column":8},"end":{"line":397,"column":9}},"143":{"start":{"line":391,"column":12},"end":{"line":391,"column":55}},"144":{"start":{"line":393,"column":12},"end":{"line":393,"column":58}},"145":{"start":{"line":395,"column":12},"end":{"line":395,"column":53}},"146":{"start":{"line":396,"column":12},"end":{"line":396,"column":61}},"147":{"start":{"line":401,"column":0},"end":{"line":507,"column":3}},"148":{"start":{"line":408,"column":4},"end":{"line":424,"column":7}},"149":{"start":{"line":410,"column":8},"end":{"line":410,"column":48}},"150":{"start":{"line":411,"column":8},"end":{"line":413,"column":11}},"151":{"start":{"line":414,"column":8},"end":{"line":416,"column":11}},"152":{"start":{"line":417,"column":8},"end":{"line":419,"column":11}},"153":{"start":{"line":420,"column":8},"end":{"line":423,"column":11}},"154":{"start":{"line":426,"column":4},"end":{"line":429,"column":7}},"155":{"start":{"line":428,"column":8},"end":{"line":428,"column":24}},"156":{"start":{"line":431,"column":4},"end":{"line":445,"column":7}},"157":{"start":{"line":432,"column":20},"end":{"line":432,"column":22}},"158":{"start":{"line":433,"column":20},"end":{"line":436,"column":9}},"159":{"start":{"line":438,"column":8},"end":{"line":438,"column":40}},"160":{"start":{"line":440,"column":8},"end":{"line":440,"column":54}},"161":{"start":{"line":441,"column":8},"end":{"line":444,"column":23}},"162":{"start":{"line":447,"column":4},"end":{"line":467,"column":7}},"163":{"start":{"line":448,"column":8},"end":{"line":448,"column":117}},"164":{"start":{"line":450,"column":20},"end":{"line":450,"column":22}},"165":{"start":{"line":451,"column":20},"end":{"line":454,"column":9}},"166":{"start":{"line":456,"column":8},"end":{"line":456,"column":40}},"167":{"start":{"line":458,"column":8},"end":{"line":458,"column":54}},"168":{"start":{"line":459,"column":8},"end":{"line":466,"column":23}},"169":{"start":{"line":469,"column":4},"end":{"line":485,"column":7}},"170":{"start":{"line":470,"column":8},"end":{"line":470,"column":53}},"171":{"start":{"line":472,"column":20},"end":{"line":472,"column":22}},"172":{"start":{"line":473,"column":20},"end":{"line":476,"column":9}},"173":{"start":{"line":478,"column":8},"end":{"line":478,"column":40}},"174":{"start":{"line":480,"column":8},"end":{"line":480,"column":54}},"175":{"start":{"line":481,"column":8},"end":{"line":484,"column":23}},"176":{"start":{"line":487,"column":4},"end":{"line":506,"column":7}},"177":{"start":{"line":488,"column":8},"end":{"line":491,"column":11}},"178":{"start":{"line":493,"column":20},"end":{"line":493,"column":22}},"179":{"start":{"line":494,"column":20},"end":{"line":497,"column":9}},"180":{"start":{"line":499,"column":8},"end":{"line":499,"column":40}},"181":{"start":{"line":501,"column":8},"end":{"line":501,"column":54}},"182":{"start":{"line":502,"column":8},"end":{"line":505,"column":23}},"183":{"start":{"line":509,"column":0},"end":{"line":699,"column":3}},"184":{"start":{"line":516,"column":4},"end":{"line":554,"column":7}},"185":{"start":{"line":517,"column":8},"end":{"line":523,"column":10}},"186":{"start":{"line":524,"column":8},"end":{"line":528,"column":11}},"187":{"start":{"line":556,"column":4},"end":{"line":558,"column":7}},"188":{"start":{"line":557,"column":8},"end":{"line":557,"column":24}},"189":{"start":{"line":560,"column":4},"end":{"line":591,"column":7}},"190":{"start":{"line":561,"column":8},"end":{"line":563,"column":11}},"191":{"start":{"line":562,"column":27},"end":{"line":562,"column":81}},"192":{"start":{"line":564,"column":8},"end":{"line":566,"column":10}},"193":{"start":{"line":565,"column":24},"end":{"line":565,"column":93}},"194":{"start":{"line":567,"column":8},"end":{"line":568,"column":75}},"195":{"start":{"line":568,"column":24},"end":{"line":568,"column":72}},"196":{"start":{"line":570,"column":32},"end":{"line":570,"column":129}},"197":{"start":{"line":572,"column":20},"end":{"line":572,"column":104}},"198":{"start":{"line":574,"column":20},"end":{"line":577,"column":9}},"199":{"start":{"line":579,"column":8},"end":{"line":579,"column":45}},"200":{"start":{"line":581,"column":8},"end":{"line":581,"column":54}},"201":{"start":{"line":582,"column":8},"end":{"line":586,"column":23}},"202":{"start":{"line":587,"column":8},"end":{"line":587,"column":50}},"203":{"start":{"line":588,"column":8},"end":{"line":588,"column":65}},"204":{"start":{"line":589,"column":8},"end":{"line":589,"column":91}},"205":{"start":{"line":590,"column":8},"end":{"line":590,"column":93}},"206":{"start":{"line":593,"column":4},"end":{"line":616,"column":7}},"207":{"start":{"line":594,"column":8},"end":{"line":596,"column":11}},"208":{"start":{"line":595,"column":27},"end":{"line":595,"column":81}},"209":{"start":{"line":597,"column":8},"end":{"line":599,"column":10}},"210":{"start":{"line":598,"
[...]
":{"name":"(anonymous_12)","decl":{"start":{"line":111,"column":27},"end":{"line":111,"column":28}},"loc":{"start":{"line":111,"column":32},"end":{"line":117,"column":17}},"line":111},"13":{"name":"(anonymous_13)","decl":{"start":{"line":113,"column":32},"end":{"line":113,"column":33}},"loc":{"start":{"line":113,"column":49},"end":{"line":115,"column":25}},"line":113},"14":{"name":"(anonymous_14)","decl":{"start":{"line":114,"column":64},"end":{"line":114,"column":65}},"loc":{"start":{"line":114,"column":74},"end":{"line":114,"column":94}},"line":114},"15":{"name":"(anonymous_15)","decl":{"start":{"line":127,"column":54},"end":{"line":127,"column":55}},"loc":{"start":{"line":127,"column":66},"end":{"line":144,"column":5}},"line":127},"16":{"name":"(anonymous_16)","decl":{"start":{"line":214,"column":31},"end":{"line":214,"column":32}},"loc":{"start":{"line":214,"column":37},"end":{"line":294,"column":1}},"line":214},"17":{"name":"(anonymous_17)","decl":{"start":{"line":223,"column":15},"end":{"line":223,"column":16}},"loc":{"start":{"line":223,"column":21},"end":{"line":242,"column":5}},"line":223},"18":{"name":"(anonymous_18)","decl":{"start":{"line":244,"column":14},"end":{"line":244,"column":15}},"loc":{"start":{"line":244,"column":20},"end":{"line":246,"column":5}},"line":244},"19":{"name":"(anonymous_19)","decl":{"start":{"line":248,"column":73},"end":{"line":248,"column":74}},"loc":{"start":{"line":248,"column":85},"end":{"line":267,"column":5}},"line":248},"20":{"name":"(anonymous_20)","decl":{"start":{"line":269,"column":81},"end":{"line":269,"column":82}},"loc":{"start":{"line":269,"column":93},"end":{"line":280,"column":5}},"line":269},"21":{"name":"(anonymous_21)","decl":{"start":{"line":282,"column":64},"end":{"line":282,"column":65}},"loc":{"start":{"line":282,"column":76},"end":{"line":292,"column":5}},"line":282},"22":{"name":"(anonymous_22)","decl":{"start":{"line":297,"column":28},"end":{"line":297,"column":29}},"loc":{"start":{"line":297,"column":34},"end":{"line":399,"column":1}},"line":297},"23":{"name":"(anonymous_23)","decl":{"start":{"line":306,"column":15},"end":{"line":306,"column":16}},"loc":{"start":{"line":306,"column":21},"end":{"line":343,"column":5}},"line":306},"24":{"name":"(anonymous_24)","decl":{"start":{"line":327,"column":21},"end":{"line":327,"column":22}},"loc":{"start":{"line":327,"column":27},"end":{"line":327,"column":81}},"line":327},"25":{"name":"(anonymous_25)","decl":{"start":{"line":330,"column":21},"end":{"line":330,"column":22}},"loc":{"start":{"line":330,"column":27},"end":{"line":332,"column":14}},"line":330},"26":{"name":"(anonymous_26)","decl":{"start":{"line":335,"column":43},"end":{"line":335,"column":44}},"loc":{"start":{"line":335,"column":53},"end":{"line":339,"column":9}},"line":335},"27":{"name":"(anonymous_27)","decl":{"start":{"line":337,"column":25},"end":{"line":337,"column":26}},"loc":{"start":{"line":337,"column":31},"end":{"line":337,"column":49}},"line":337},"28":{"name":"(anonymous_28)","decl":{"start":{"line":345,"column":14},"end":{"line":345,"column":15}},"loc":{"start":{"line":345,"column":20},"end":{"line":347,"column":5}},"line":345},"29":{"name":"(anonymous_29)","decl":{"start":{"line":349,"column":50},"end":{"line":349,"column":51}},"loc":{"start":{"line":349,"column":62},"end":{"line":366,"column":5}},"line":349},"30":{"name":"(anonymous_30)","decl":{"start":{"line":356,"column":21},"end":{"line":356,"column":22}},"loc":{"start":{"line":356,"column":27},"end":{"line":356,"column":81}},"line":356},"31":{"name":"(anonymous_31)","decl":{"start":{"line":368,"column":68},"end":{"line":368,"column":69}},"loc":{"start":{"line":368,"column":80},"end":{"line":382,"column":5}},"line":368},"32":{"name":"(anonymous_32)","decl":{"start":{"line":384,"column":51},"end":{"line":384,"column":52}},"loc":{"start":{"line":384,"column":63},"end":{"line":398,"column":5}},"line":384},"33":{"name":"(anonymous_33)","decl":{"start":{"line":401,"column":28},"end":{"line":401,"column":29}},"loc":{"start":{"line":401,"column":34},"end":{"line":507,"column":1}},"line":401},"34":{"name":"(anonymous_34)","decl":{"start":{"line":408,"column":15},"end":{"line":408,"column":16}},"loc":{"start":{"line":408,"column":21},"end":{"line":424,"column":5}},"line":408},"35":{"name":"(anonymous_35)","decl":{"start":{"line":426,"column":14},"end":{"line":426,"column":15}},"loc":{"start":{"line":426,"column":20},"end":{"line":429,"column":5}},"line":426},"36":{"name":"(anonymous_36)","decl":{"start":{"line":431,"column":57},"end":{"line":431,"column":58}},"loc":{"start":{"line":431,"column":69},"end":{"line":445,"column":5}},"line":431},"37":{"name":"(anonymous_37)","decl":{"start":{"line":447,"column":50},"end":{"line":447,"column":51}},"loc":{"start":{"line":447,"column":62},"end":{"line":467,"column":5}},"line":447},"38":{"name":"(anonymous_38)","decl":{"start":{"line":469,"column":63},"end":{"line":469,"column":64}},"loc":{"start":{"line":469,"column":75},"end":{"line":485,"column":5}},"line":469},"39":{"name":"(anonymous_39)","decl":{"start":{"line":487,"column":69},"end":{"line":487,"column":70}},"loc":{"start":{"line":487,"column":81},"end":{"line":506,"column":5}},"line":487},"40":{"name":"(anonymous_40)","decl":{"start":{"line":509,"column":33},"end":{"line":509,"column":34}},"loc":{"start":{"line":509,"column":39},"end":{"line":699,"column":1}},"line":509},"41":{"name":"(anonymous_41)","decl":{"start":{"line":516,"column":15},"end":{"line":516,"column":16}},"loc":{"start":{"line":516,"column":21},"end":{"line":554,"column":5}},"line":516},"42":{"name":"(anonymous_42)","decl":{"start":{"line":556,"column":14},"end":{"line":556,"column":15}},"loc":{"start":{"line":556,"column":20},"end":{"line":558,"column":5}},"line":556},"43":{"name":"(anonymous_43)","decl":{"start":{"line":560,"column":53},"end":{"line":560,"column":54}},"loc":{"start":{"line":560,"column":65},"end":{"line":591,"column":5}},"line":560},"44":{"name":"(anonymous_44)","decl":{"start":{"line":562,"column":21},"end":{"line":562,"column":22}},"loc":{"start":{"line":562,"column":27},"end":{"line":562,"column":81}},"line":562},"45":{"name":"(anonymous_45)","decl":{"start":{"line":565,"column":20},"end":{"line":565,"column":21}},"loc":{"start":{"line":565,"column":24},"end":{"line":565,"column":93}},"line":565},"46":{"name":"(anonymous_46)","decl":{"start":{"line":568,"column":20},"end":{"line":568,"column":21}},"loc":{"start":{"line":568,"column":24},"end":{"line":568,"column":72}},"line":568},"47":{"name":"(anonymous_47)","decl":{"start":{"line":593,"column":48},"end":{"line":593,"column":49}},"loc":{"start":{"line":593,"column":60},"end":{"line":616,"column":5}},"line":593},"48":{"name":"(anonymous_48)","decl":{"start":{"line":595,"column":21},"end":{"line":595,"column":22}},"loc":{"start":{"line":595,"column":27},"end":{"line":595,"column":81}},"line":595},"49":{"name":"(anonymous_49)","decl":{"start":{"line":598,"column":20},"end":{"line":598,"column":21}},"loc":{"start":{"line":598,"column":24},"end":{"line":598,"column":60}},"line":598},"50":{"name":"(anonymous_50)","decl":{"start":{"line":618,"column":64},"end":{"line":618,"column":65}},"loc":{"start":{"line":618,"column":76},"end":{"line":638,"column":5}},"line":618},"51":{"name":"(anonymous_51)","decl":{"start":{"line":620,"column":21},"end":{"line":620,"column":22}},"loc":{"start":{"line":620,"column":27},"end":{"line":620,"column":63}},"line":620},"52":{"name":"(anonymous_52)","decl":{"start":{"line":640,"column":50},"end":{"line":640,"column":51}},"loc":{"start":{"line":640,"column":62},"end":{"line":654,"column":5}},"line":640},"53":{"name":"(anonymous_53)","decl":{"start":{"line":656,"column":58},"end":{"line":656,"column":59}},"loc":{"start":{"line":656,"column":70},"end":{"line":679,"column":5}},"line":656},"54":{"name":"(anonymous_54)","decl":{"start":{"line":681,"column":69},"end":{"line":681,"column":70}},"loc":{"start":{"line":681,"column":81},"end":{"line":698,"column":5}},"line":681},"55":{"name":"(anonymous_55)","decl":{"start":{"line":702,"column":35},"end":{"line":702,"column":36}},"loc":{"start":{"line":702,"column":41},"end":{"line":986,"column":1}},"line":702},"56":{"name":"(anonymous_56)","decl":{"start":{"line":708,"column":15},"end":{"line":708,"column":16}},"loc":{"start":{"line":708,"column":21},"end":{"line":729,"column":5}},"line":708},"57":{"name":"(anonymous_57)","decl":{"start":{"line":731,"column":14},"end":{"line":731,"column":15}},"loc":{"start":{"line":731,"column":20},"end":{"line":734,"column":5}},"line":731},"58":{"name":"(anonymous_58)","decl":{"start":{"line":736,"column":49},"end":{"line":736,"column":50}},"loc":{"start":{"line":736,"column":61},"end":{"line":791,"column":5}},"line":736},"59":{"name":"(anonymous_59)","decl":{"start":{"line":748,"column":21},"end":{"line":748,"column":22}},"loc":{"start":{"line":748,"column":27},"end":{"line":748,"column":81}},"line":748},"60":{"name":"(anonymous_60)","decl":{"start":{"line":751,"column":21},"end":{"line":751,"column":22}},"loc":{"start":{"line":751,"column":27},"end":{"line":751,"column":96}},"line":751},"61":{"name":"(anonymous_61)","decl":{"start":{"line":757,"column":44},"end":{"line":757,"column":45}},"loc":{"start":{"line":757,"column":59},"end":{"line":769,"column":9}},"line":757},"62":{"name":"(anonymous_62)","decl":{"start":{"line":831,"column":48},"end":{"line":831,"column":49}},"loc":{"start":{"line":831,"column":60},"end":{"line":864,"column":5}},"line":831},"63":{"name":"(anonymous_63)","decl":{"start":{"line":843,"column":21},"end":{"line":843,"column":22}},"loc":{"start":{"line":843,"column":27},"end":{"line":843,"column":81}},"line":843},"64":{"name":"(anonymous_64)","decl":{"start":{"line":846,"column":21},"end":{"line":846,"column":22}},"loc":{"start":{"line":846,"column":27},"end":{"line":846,"column":63}},"line":846},"65":{"name":"(anonymous_65)","decl":{"start":{"line":866,"column":64},"end":{"line":866,"column":65}},"loc":{"start":{"line":866,"column":76},"end":{"line":899,"column":5}},"line":866},"66":{"name":"(anonymous_66)","decl":{"start":{"line":878,"column":21},"end":{"line":878,"column":22}},"loc":{"start":{"line":878,"column":27},"end":{"line":878,"column":63}},"line":878},"67":{"name":"(anonymous_67)","decl":{"start":{"line":901,"column":50},"end":{"line":901,"column":51}},"loc":{"start":{"line":901,"column":62},"end":{"line":925,"column":5}},"line":901},"68":{"name":"(anonymous_68)","decl":{"start":{"line":927,"column":58},"end":{"line":927,"column":59}},"loc":{"start":{"line":927,"column":70},"end":{"line":955,"column":5}},"line":927},"69":{"name":"(anonymous_69)","decl":{"start":{"line":957,"column":69},"end":{"line":957,"column":70}},"loc":{"start":{"line":957,"column":81},"end":{"line":985,"column":5}},"line":957}},"branchMap":{"0":{"loc":{"start":{"line":53,"column":12},"end":{"line":83,"column":13}},"type":"if","locations":[{"start":{"line":53,"column":12},"end":{"line":83,"column":13}},{"start":{"line":53,"column":12},"end":{"line":83,"column":13}}],"line":53},"1":{"loc":{"start":{"line":57,"column":17},"end":{"line":83,"column":13}},"type":"if","locations":[{"start":{"line":57,"column":17},"end":{"line":83,"column":13}},{"start":{"line":57,"column":17},"end":{"line":83,"column":13}}],"line":57},"2":{"loc":{"start":{"line":759,"column":12},"end":{"line":768,"column":13}},"type":"if","locations":[{"start":{"line":759,"column":12},"end":{"line":768,"column":13}},{"start":{"line":759,"column":12},"end":{"line":768,"column":13}}],"line":759},"3":{"loc":{"start":{"line":762,"column":19},"end":{"line":768,"column":13}},"type":"if","locations":[{"start":{"line":762,"column":19},"end":{"line":768,"column":13}},{"start":{"line":762,"column":19},"end":{"line":768,"column":13}}],"line":762}},"s":{"0":0,"1":0,"2":0,"3":0,"4":0,"5":0,"6":0,"7":0,"8":0,"9":0,"10":0,"11":0,"12":0,"13":0,"14":0,"15":0,"16":0,"17":0,"18":0,"19":0,"20":0,"21":0,"22":0,"23":0,"24":0,"25":0,"26":0,"27":0,"28":0,"29":0,"30":0,"31":0,"32":0,"33":0,"34":0,"35":0,"36":0,"37":0,"38":0,"39":0,"40":0,"41":0,"42":0,"43":0,"44":0,"45":0,"46":0,"47":0,"48":0,"49":0,"50":0,"51":0,"52":0,"53":0,"54":0,"55":0,"56":0,"57":0,"58":0,"59":0,"60":0,"61":0,"62":0,"63":0,"64":0,"65":0,"66":0,"67":0,"68":0,"69":0,"70":0,"71":0,"72":0,"73":0,"74":0,"75":0,"76":0,"77":0,"78":0,"79":0,"80":0,"81":0,"82":0,"83":0,"84":0,"85":0,"86":0,"87":0,"88":0,"89":0,"90":0,"91":0,"92":0,"93":0,"94":0,"95":0,"96":0,"97":0,"98":0,"99":0,"100":0,"101":0,"102":0,"103":0,"104":0,"105":0,"106":0,"107":0,"108":0,"109":0,"110":0,"111":0,"112":0,"113":0,"114":0,"115":0,"116":0,"117":0,"118":0,"119":0,"120":0,"121":0,"122":0,"123":0,"124":0,"125":0,"126":0,"127":0,"128":0,"129":0,"130":0,"131":0,"132":0,"133":0,"134":0,"135":0,"136":0,"137":0,"138":0,"139":0,"140":0,"141":0,"142":0,"143":0,"144":0,"145":0,"146":0,"147":0,"148":0,"149":0,"150":0,"151":0,"152":0,"153":0,"154":0,"155":0,"156":0,"157":0,"158":0,"159":0,"160":0,"161":0,"162":0,"163":0,"164":0,"165":0,"166":0,"167":0,"168":0,"169":0,"170":0,"171":0,"172":0,"173":0,"174":0,"175":0,"176":0,"177":0,"178":0,"179":0,"180":0,"181":0,"182":0,"183":0,"184":0,"185":0,"186":0,"187":0,"188":0,"189":0,"190":0,"191":0,"192":0,"193":0,"194":0,"195":0,"196":0,"197":0,"198":0,"199":0,"200":0,"201":0,"202":0,"203":0,"204":0,"205":0,"206":0,"207":0,"208":0,"209":0,"210":0,"211":0,"212":0,"213":0,"214":0,"215":0,"216":0,"217":0,"218":0,"219":0,"220":0,"221":0,"222":0,"223":0,"224":0,"225":0,"226":0,"227":0,"228":0,"229":0,"230":0,"231":0,"232":0,"233":0,"234":0,"235":0,"236":0,"237":0,"238":0,"239":0,"240":0,"241":0,"242":0,"243":0,"244":0,"245":0,"246":0,"247":0,"248":0,"249":0,"250":0,"251":0,"252":0,"253":0,"254":0,"255":0,"256":0,"257":0,"258":0,"259":0,"260":0,"261":0,"262":0,"263":0,"264":0,"265":0,"266":0,"267":0,"268":0,"269":0,"270":0,"271":0,"272":0,"273":0,"274":0,"275":0,"276":0,"277":0,"278":0,"279":0,"280":0,"281":0,"282":0,"283":0,"284":0,"285":0,"286":0,"287":0,"288":0,"289":0,"290":0,"291":0,"292":0,"293":0,"294":0,"295":0,"296":0,"297":0,"298":0,"299":0,"300":0,"301":0,"302":0,"303":0,"304":0,"305":0,"306":0,"307":0,"308":0,"309":0,"310":0,"311":0,"312":0,"313":0,"314":0,"315":0,"316":0,"317":0,"318":0,"319":0,"320":0,"321":0,"322":0,"323":0,"324":0,"325":0,"326":0,"327":0,"328":0,"329":0,"330":0,"331":0},"f":{"0":0,"1":0,"2":0,"3":0,"4":0,"5":0,"6":0,"7":0,"8":0,"9":0,"10":0,"11":0,"12":0,"13":0,"14":0,"15":0,"16":0,"17":0,"18":0,"19":0,"20":0,"21":0,"22":0,"23":0,"24":0,"25":0,"26":0,"27":0,"28":0,"29":0,"30":0,"31":0,"32":0,"33":0,"34":0,"35":0,"36":0,"37":0,"38":0,"39":0,"40":0,"41":0,"42":0,"43":0,"44":0,"45":0,"46":0,"47":0,"48":0,"49":0,"50":0,"51":0,"52":0,"53":0,"54":0,"55":0,"56":0,"57":0,"58":0,"59":0,"60":0,"61":0,"62":0,"63":0,"64":0,"65":0,"66":0,"67":0,"68":0,"69":0},"b":{"0":[0,0],"1":[0,0],"2":[0,0],"3":[0,0]},"all":true},"/home/teja/saiteja/minor_pro/test/samp.spec.js":{"path":"/home/teja/saiteja/minor_pro/test/samp.spec.js","statementMap":{"0":{"start":{"line":1,"column":13},"end":{"line":1,"column":28}},"1":{"start":{"line":2,"column":17},"end":{"line":2,"column":37}},"2":{"start":{"line":3,"column":14},"end":{"line":3,"column":30}},"3":{"start":{"line":4,"column":15},"end":{"line":4,"column":26}},"4":{"start":{"line":5,"column":12},"end":{"line":5,"column":30}},"5":{"start":{"line":6,"column":0},"end":{"line":6,"column":19}},"6":{"start":{"line":7,"column":41},"end":{"line":7,"column":80}},"7":{"start":{"line":9,"column":0},"end":{"line":46,"column":3}},"8":{"start":{"line":12,"column":4},"end":{"line":20,"column":7}},"9":{"start":{"line":13,"column":8},"end":{"line":13,"column":40}},"10":{"start":{"line":21,"column":4},"end":{"line":23,"column":6}},"11":{"start":{"line":22,"column":8},"end":{"line":22,"column":26}},"12":{"start":{"line":24,"column":4},"end":{"line":32,"column":7}},"13":{"start":{"line":25,"column":8},"end":{"line":27,"column":11}},"14":{"start":{"line":29,"column":24},"end":{"line":29,"column":49}},"15":{"start":{"line":30,"column":8},"end":{"line":30,"column":31}},"16":{"start":{"line":31,"column":8},"end":{"line":31,"column":35}},"17":{"start":{"line":34,"column":4},"end":{"line":45,"column":7}},"18":{"start":{"line":35,"column":22},"end":{"line":35,"column":45}},"19":{"start":{"line":36,"column":8},"end":{"line":38,"column":11}},"20":{"start":{"line":39,"column":8},"end":{"line":44,"column":9}},"21":{"start":{"line":40,"column":19},"end":{"line":40,"column":44}},"22":{"start":{"line":41,"column":8},"end":{"line":41,"column":29}},"23":{"start":{"line":43,"column":12},"end":{"line":43,"column":30}},"24":{"start":{"line":49,"column":0},"end":{"line":156,"column":3}},"25":{"start":{"line":52,"column":4},"end":{"line":54,"column":7}},"26":{"start":{"line":53,"column":8},"end":{"line":53,"column":40}},"27":{"start":{"line":56,"column":4},"end":{"line":58,"column":7}},"28":{"start":{"line":57,"column":8},"end":{"line":57,"column":26}},"29":{"start":{"line":60,"column":4},"end":{"line":100,"column":7}},"30":{"start":{"line":62,"column":20},"end":{"line":66,"column":9}},"31":{"start":{"line":68,"column":20},"end":{"line":72,"column":9}},"32":{"start":{"line":73,"column":8},"end":{"line":82,"column":11}},"33":{"start":{"line":75,"column":29},"end":{"line":77,"column":17}},"34":{"start":{"line":78,"column":16},"end":{"line":80,"column":22}},"35":{"start":{"line":79,"column":20},"end":{"line":79,"column":41}},"36":{"start":{"line":96,"column":8},"end":{"line":96,"column":36}},"37":{"start":{"line":98,"column":8},"end":{"line":98,"column":48}},"38":{"start":{"line":99,"column":8},"end":{"line":99,"column":89}}},"fnMap":{"0":{"name":"(anonymous_0)","decl":{"start":{"line":9,"column":30},"end":{"line":9,"column":31}},"loc":{"start":{"line":9,"column":36},"end":{"line":46,"column":1}},"line":9},"1":{"name":"(anonymous_1)","decl":{"start":{"line":12,"column":15},"end":{"line":12,"column":16}},"loc":{"start":{"line":12,"column":21},"end":{"line":20,"column":5}},"line":12},"2":{"name":"(anonymous_2)","decl":{"start":{"line":21,"column":14},"end":{"line":21,"column":15}},"loc":{"start":{"line":21,"column":18},"end":{"line":23,"column":5}},"line":21},"3":{"name":"(anonymous_3)","decl":{"start":{"line":24,"column":72},"end":{"line":24,"column":73}},"loc":{"start":{"line":24,"column":84},"end":{"line":32,"column":5}},"line":24},"4":{"name":"(anonymous_4)","decl":{"start":{"line":34,"column":67},"end":{"line":34,"column":68}},"loc":{"start":{"line":34,"column":79},"end":{"line":45,"column":5}},"line":34},"5":{"name":"(anonymous_5)","decl":{"start":{"line":49,"column":24},"end":{"line":49,"column":25}},"loc":{"start":{"line":49,"column":30},"end":{"line":156,"column":1}},"line":49},"6":{"name":"(anonymous_6)","decl":{"start":{"line":52,"column":15},"end":{"line":52,"column":16}},"loc":{"start":{"line":52,"column":21},"end":{"line":54,"column":5}},"line":52},"7":{"name":"(anonymous_7)","decl":{"start":{"line":56,"column":14},"end":{"line":56,"column":15}},"loc":{"start":{"line":56,"column":20},"end":{"line":58,"column":5}},"line":56},"8":{"name":"(anonymous_8)","decl":{"start":{"line":60,"column":67},"end":{"line":60,"column":68}},"loc":{"start":{"line":60,"column":79},"end":{"line":100,"column":5}},"line":60},"9":{"name":"(anonymous_9)","decl":{"start":{"line":74,"column":68},"end":{"line":74,"column":69}},"loc":{"start":{"line":74,"column":90},"end":{"line":81,"column":13}},"line":74},"10":{"name":"(anonymous_10)","decl":{"start":{"line":78,"column":27},"end":{"line":78,"column":28}},"loc":{"start":{"line":78,"column":33},"end":{"line":80,"column":17}},"line":78}},"branchMap":{},"s":{"0":0,"1":0,"2":0,"3":0,"4":0,"5":0,"6":0,"7":0,"8":0,"9":0,"10":0,"11":0,"12":0,"13":0,"14":0,"15":0,"16":0,"17":0,"18":0,"19":0,"20":0,"21":0,"22":0,"23":0,"24":0,"25":0,"26":0,"27":0,"28":0,"29":0,"30":0,"31":0,"32":0,"33":0,"34":0,"35":0,"36":0,"37":0,"38":0},"f":{"0":0,"1":0,"2":0,"3":0,"4":0,"5":0,"6":0,"7":0,"8":0,"9":0,"10":0},"b":{},"all":true}}